Using device: mps
Using p0 = 1.0
MultiLayerPINN(
  (layer): LayerNet(
    (net): Sequential(
      (0): Linear(in_features=21, out_features=64, bias=True)
      (1): Tanh()
      (2): Linear(in_features=64, out_features=64, bias=True)
      (3): Tanh()
      (4): Linear(in_features=64, out_features=64, bias=True)
      (5): Tanh()
      (6): Linear(in_features=64, out_features=64, bias=True)
      (7): Tanh()
      (8): Linear(in_features=64, out_features=3, bias=True)
    )
  )
)
Loading FEM solution for comparison...
FEM solution not found. Training without FEM comparison.
Loading hybrid supervision data (N=36000, E=[1.0, 10.0])...
  Loaded cached FEM supervision: /Users/hanbosong/GitHub/Basic-PiNN-Model-For-Three-Layered-Collision/three-layer-workflow/supervision_cache/fem_supervision_34741efd821c827a.pt (36000 points)
Attached 36000 supervision points to training data.
Starting SOAP Pretraining...
Epoch 0: Total Loss: 22618.023438 | PDE: 711.785522 | BC_sides: 0.000414 | Free_top: 8.608118 | Free_bot: 7.125263 | Load: 8.907660 | Energy: 0.280115 | ImpactC: 0.000000 | FricC: 0.000000 | FricS: 0.000000 | Interface: 2.755916 | ImpactInv: 0.000000 | LR: 1.00e-03 | Time: 0.7409s
Epoch 100: Total Loss: 240.192444 | PDE: 0.654884 | BC_sides: 0.001771 | Free_top: 0.066379 | Free_bot: 0.206022 | Load: 0.360587 | Energy: -0.000512 | ImpactC: 0.000000 | FricC: 0.000000 | FricS: 0.000000 | Interface: 0.009278 | ImpactInv: 0.000000 | LR: 1.00e-03 | Time: 25.3846s
Epoch 200: Total Loss: 206.223801 | PDE: 0.054199 | BC_sides: 0.002031 | Free_top: 0.006808 | Free_bot: 0.010144 | Load: 0.166297 | Energy: -0.004105 | ImpactC: 0.000000 | FricC: 0.000000 | FricS: 0.000000 | Interface: 0.001096 | ImpactInv: 0.000000 | LR: 3.00e-04 | Time: 25.3429s
Epoch 300: Total Loss: 198.703690 | PDE: 0.044551 | BC_sides: 0.001986 | Free_top: 0.030206 | Free_bot: 0.013170 | Load: 0.113529 | Energy: -0.003769 | ImpactC: 0.000000 | FricC: 0.000000 | FricS: 0.000000 | Interface: 0.000729 | ImpactInv: 0.000000 | LR: 3.00e-04 | Time: 25.5572s
Epoch 400: Total Loss: 195.052673 | PDE: 0.043608 | BC_sides: 0.001956 | Free_top: 0.036182 | Free_bot: 0.015369 | Load: 0.107060 | Energy: -0.003658 | ImpactC: 0.000000 | FricC: 0.000000 | FricS: 0.000000 | Interface: 0.000743 | ImpactInv: 0.000000 | LR: 9.00e-05 | Time: 25.4325s
Epoch 500: Total Loss: 193.309204 | PDE: 0.039535 | BC_sides: 0.001943 | Free_top: 0.039467 | Free_bot: 0.016845 | Load: 0.104381 | Energy: -0.003600 | ImpactC: 0.000000 | FricC: 0.000000 | FricS: 0.000000 | Interface: 0.000758 | ImpactInv: 0.000000 | LR: 2.70e-05 | Time: 25.5298s
Epoch 600: Total Loss: 192.756775 | PDE: 0.038632 | BC_sides: 0.001938 | Free_top: 0.040307 | Free_bot: 0.017575 | Load: 0.103441 | Energy: -0.003581 | ImpactC: 0.000000 | FricC: 0.000000 | FricS: 0.000000 | Interface: 0.000762 | ImpactInv: 0.000000 | LR: 2.70e-05 | Time: 25.4971s
Epoch 700: Total Loss: 192.451782 | PDE: 0.038388 | BC_sides: 0.001934 | Free_top: 0.041063 | Free_bot: 0.017879 | Load: 0.103060 | Energy: -0.003572 | ImpactC: 0.000000 | FricC: 0.000000 | FricS: 0.000000 | Interface: 0.000769 | ImpactInv: 0.000000 | LR: 8.10e-06 | Time: 25.4210s
SOAP Pretraining Complete. Total Time: 204.40s
Starting L-BFGS Fine-Tuning...
Running 100 L-BFGS outer steps.
Using fixed collocation set during L-BFGS for stability.
L-BFGS Step 0: Total Loss: 1.915483e+02 | PDE: 3.834840e-02 | BC_sides: 1.932518e-03 | Free_top: 4.116019e-02 | Free_bot: 1.787029e-02 | Load: 1.031477e-01 | Energy: -3.573650e-03 | ImpactC: 0.000000e+00 | FricC: 0.000000e+00 | FricS: 0.000000e+00 | Interface: 7.699380e-04 | ImpactInv: 0.000000e+00 | Time: 0.7953s
L-BFGS Step 1: Total Loss: 1.915474e+02 | PDE: 3.864205e-02 | BC_sides: 1.934679e-03 | Free_top: 4.188440e-02 | Free_bot: 1.807282e-02 | Load: 1.029299e-01 | Energy: -3.575318e-03 | ImpactC: 0.000000e+00 | FricC: 0.000000e+00 | FricS: 0.000000e+00 | Interface: 7.637119e-04 | ImpactInv: 0.000000e+00 | Time: 0.7666s
L-BFGS Step 2: Total Loss: 1.915333e+02 | PDE: 4.493517e-02 | BC_sides: 1.952132e-03 | Free_top: 4.533212e-02 | Free_bot: 1.814355e-02 | Load: 1.019724e-01 | Energy: -3.582619e-03 | ImpactC: 0.000000e+00 | FricC: 0.000000e+00 | FricS: 0.000000e+00 | Interface: 7.441210e-04 | ImpactInv: 0.000000e+00 | Time: 0.5067s
L-BFGS Step 3: Total Loss: 1.914453e+02 | PDE: 5.279723e-02 | BC_sides: 1.971454e-03 | Free_top: 5.385016e-02 | Free_bot: 2.062582e-02 | Load: 1.005987e-01 | Energy: -3.584521e-03 | ImpactC: 0.000000e+00 | FricC: 0.000000e+00 | FricS: 0.000000e+00 | Interface: 8.127491e-04 | ImpactInv: 0.000000e+00 | Time: 0.5081s
L-BFGS Step 4: Total Loss: 1.913766e+02 | PDE: 6.425905e-02 | BC_sides: 1.985604e-03 | Free_top: 6.146653e-02 | Free_bot: 2.256822e-02 | Load: 1.001373e-01 | Energy: -3.569837e-03 | ImpactC: 0.000000e+00 | FricC: 0.000000e+00 | FricS: 0.000000e+00 | Interface: 7.787464e-04 | ImpactInv: 0.000000e+00 | Time: 0.5077s
L-BFGS Step 5: Total Loss: 1.913169e+02 | PDE: 6.336708e-02 | BC_sides: 1.989315e-03 | Free_top: 5.987386e-02 | Free_bot: 2.132105e-02 | Load: 9.994332e-02 | Energy: -3.566824e-03 | ImpactC: 0.000000e+00 | FricC: 0.000000e+00 | FricS: 0.000000e+00 | Interface: 7.683951e-04 | ImpactInv: 0.000000e+00 | Time: 0.5085s
L-BFGS Step 6: Total Loss: 1.912383e+02 | PDE: 7.019199e-02 | BC_sides: 1.996859e-03 | Free_top: 5.793157e-02 | Free_bot: 1.974214e-02 | Load: 9.966808e-02 | Energy: -3.556081e-03 | ImpactC: 0.000000e+00 | FricC: 0.000000e+00 | FricS: 0.000000e+00 | Interface: 7.677514e-04 | ImpactInv: 0.000000e+00 | Time: 0.5087s
L-BFGS Step 7: Total Loss: 1.911633e+02 | PDE: 7.313768e-02 | BC_sides: 2.000369e-03 | Free_top: 5.725865e-02 | Free_bot: 1.949359e-02 | Load: 9.954225e-02 | Energy: -3.547945e-03 | ImpactC: 0.000000e+00 | FricC: 0.000000e+00 | FricS: 0.000000e+00 | Interface: 7.677617e-04 | ImpactInv: 0.000000e+00 | Time: 0.5100s
L-BFGS Step 8: Total Loss: 1.911076e+02 | PDE: 9.521978e-02 | BC_sides: 2.021119e-03 | Free_top: 5.687045e-02 | Free_bot: 2.029833e-02 | Load: 9.887530e-02 | Energy: -3.483386e-03 | ImpactC: 0.000000e+00 | FricC: 0.000000e+00 | FricS: 0.000000e+00 | Interface: 8.620506e-04 | ImpactInv: 0.000000e+00 | Time: 0.5084s
L-BFGS Step 9: Total Loss: 1.908198e+02 | PDE: 1.114784e-01 | BC_sides: 2.033331e-03 | Free_top: 5.914846e-02 | Free_bot: 2.290165e-02 | Load: 9.827523e-02 | Energy: -3.427947e-03 | ImpactC: 0.000000e+00 | FricC: 0.000000e+00 | FricS: 0.000000e+00 | Interface: 9.711207e-04 | ImpactInv: 0.000000e+00 | Time: 0.5090s
L-BFGS Step 10: Total Loss: 1.905872e+02 | PDE: 1.617238e-01 | BC_sides: 2.033108e-03 | Free_top: 7.019132e-02 | Free_bot: 3.163511e-02 | Load: 9.623764e-02 | Energy: -3.319536e-03 | ImpactC: 0.000000e+00 | FricC: 0.000000e+00 | FricS: 0.000000e+00 | Interface: 1.168003e-03 | ImpactInv: 0.000000e+00 | Time: 0.5104s
L-BFGS Step 11: Total Loss: 1.901662e+02 | PDE: 2.002457e-01 | BC_sides: 2.004565e-03 | Free_top: 8.053768e-02 | Free_bot: 3.956969e-02 | Load: 9.480885e-02 | Energy: -3.223048e-03 | ImpactC: 0.000000e+00 | FricC: 0.000000e+00 | FricS: 0.000000e+00 | Interface: 1.223008e-03 | ImpactInv: 0.000000e+00 | Time: 0.5110s
L-BFGS Step 12: Total Loss: 1.897544e+02 | PDE: 1.996354e-01 | BC_sides: 1.971229e-03 | Free_top: 8.654796e-02 | Free_bot: 4.256076e-02 | Load: 9.412290e-02 | Energy: -3.196706e-03 | ImpactC: 0.000000e+00 | FricC: 0.000000e+00 | FricS: 0.000000e+00 | Interface: 1.235773e-03 | ImpactInv: 0.000000e+00 | Time: 0.5116s
L-BFGS Step 13: Total Loss: 1.894396e+02 | PDE: 2.253504e-01 | BC_sides: 1.912399e-03 | Free_top: 9.495890e-02 | Free_bot: 4.028118e-02 | Load: 9.344686e-02 | Energy: -3.108986e-03 | ImpactC: 0.000000e+00 | FricC: 0.000000e+00 | FricS: 0.000000e+00 | Interface: 1.286809e-03 | ImpactInv: 0.000000e+00 | Time: 0.5132s
L-BFGS Step 14: Total Loss: 1.890803e+02 | PDE: 2.221511e-01 | BC_sides: 1.865871e-03 | Free_top: 9.349103e-02 | Free_bot: 3.983363e-02 | Load: 9.334274e-02 | Energy: -3.045542e-03 | ImpactC: 0.000000e+00 | FricC: 0.000000e+00 | FricS: 0.000000e+00 | Interface: 1.436514e-03 | ImpactInv: 0.000000e+00 | Time: 0.5114s
L-BFGS Step 15: Total Loss: 1.888770e+02 | PDE: 2.178909e-01 | BC_sides: 1.868514e-03 | Free_top: 9.313517e-02 | Free_bot: 3.781855e-02 | Load: 9.332102e-02 | Energy: -3.022160e-03 | ImpactC: 0.000000e+00 | FricC: 0.000000e+00 | FricS: 0.000000e+00 | Interface: 1.337007e-03 | ImpactInv: 0.000000e+00 | Time: 0.5125s
L-BFGS Step 16: Total Loss: 1.887240e+02 | PDE: 2.450813e-01 | BC_sides: 1.861483e-03 | Free_top: 9.936313e-02 | Free_bot: 3.731569e-02 | Load: 9.294152e-02 | Energy: -2.890903e-03 | ImpactC: 0.000000e+00 | FricC: 0.000000e+00 | FricS: 0.000000e+00 | Interface: 1.551616e-03 | ImpactInv: 0.000000e+00 | Time: 0.5125s
L-BFGS Step 17: Total Loss: 1.885178e+02 | PDE: 2.460973e-01 | BC_sides: 1.870229e-03 | Free_top: 1.015023e-01 | Free_bot: 3.683519e-02 | Load: 9.283976e-02 | Energy: -2.897401e-03 | ImpactC: 0.000000e+00 | FricC: 0.000000e+00 | FricS: 0.000000e+00 | Interface: 1.561929e-03 | ImpactInv: 0.000000e+00 | Time: 0.5133s
L-BFGS Step 18: Total Loss: 1.883075e+02 | PDE: 3.147258e-01 | BC_sides: 1.880108e-03 | Free_top: 1.318516e-01 | Free_bot: 4.424082e-02 | Load: 9.308729e-02 | Energy: -2.815123e-03 | ImpactC: 0.000000e+00 | FricC: 0.000000e+00 | FricS: 0.000000e+00 | Interface: 1.717070e-03 | ImpactInv: 0.000000e+00 | Time: 0.5141s
L-BFGS Step 19: Total Loss: 1.880891e+02 | PDE: 3.048692e-01 | BC_sides: 1.879199e-03 | Free_top: 1.260163e-01 | Free_bot: 4.358610e-02 | Load: 9.272352e-02 | Energy: -2.874800e-03 | ImpactC: 0.000000e+00 | FricC: 0.000000e+00 | FricS: 0.000000e+00 | Interface: 1.691685e-03 | ImpactInv: 0.000000e+00 | Time: 0.5142s
L-BFGS Step 20: Total Loss: 1.879873e+02 | PDE: 3.002515e-01 | BC_sides: 1.876480e-03 | Free_top: 1.264337e-01 | Free_bot: 4.394637e-02 | Load: 9.261198e-02 | Energy: -2.887650e-03 | ImpactC: 0.000000e+00 | FricC: 0.000000e+00 | FricS: 0.000000e+00 | Interface: 1.676760e-03 | ImpactInv: 0.000000e+00 | Time: 0.5124s
L-BFGS Step 21: Total Loss: 1.878849e+02 | PDE: 3.267429e-01 | BC_sides: 1.857989e-03 | Free_top: 1.320268e-01 | Free_bot: 4.372368e-02 | Load: 9.179610e-02 | Energy: -2.889082e-03 | ImpactC: 0.000000e+00 | FricC: 0.000000e+00 | FricS: 0.000000e+00 | Interface: 1.722792e-03 | ImpactInv: 0.000000e+00 | Time: 0.5155s
L-BFGS Step 22: Total Loss: 1.874580e+02 | PDE: 3.301954e-01 | BC_sides: 1.863716e-03 | Free_top: 1.289872e-01 | Free_bot: 4.225153e-02 | Load: 9.119058e-02 | Energy: -2.910858e-03 | ImpactC: 0.000000e+00 | FricC: 0.000000e+00 | FricS: 0.000000e+00 | Interface: 1.703902e-03 | ImpactInv: 0.000000e+00 | Time: 0.5146s
L-BFGS Step 23: Total Loss: 1.872686e+02 | PDE: 3.709275e-01 | BC_sides: 1.854927e-03 | Free_top: 1.267803e-01 | Free_bot: 4.139576e-02 | Load: 9.046349e-02 | Energy: -2.869155e-03 | ImpactC: 0.000000e+00 | FricC: 0.000000e+00 | FricS: 0.000000e+00 | Interface: 1.837872e-03 | ImpactInv: 0.000000e+00 | Time: 0.5151s
L-BFGS Step 24: Total Loss: 1.870909e+02 | PDE: 3.727545e-01 | BC_sides: 1.858514e-03 | Free_top: 1.231786e-01 | Free_bot: 4.136734e-02 | Load: 9.023752e-02 | Energy: -2.872026e-03 | ImpactC: 0.000000e+00 | FricC: 0.000000e+00 | FricS: 0.000000e+00 | Interface: 1.922580e-03 | ImpactInv: 0.000000e+00 | Time: 0.5157s
L-BFGS Step 25: Total Loss: 1.869166e+02 | PDE: 4.081669e-01 | BC_sides: 1.845933e-03 | Free_top: 1.186883e-01 | Free_bot: 4.388022e-02 | Load: 9.038056e-02 | Energy: -2.861218e-03 | ImpactC: 0.000000e+00 | FricC: 0.000000e+00 | FricS: 0.000000e+00 | Interface: 2.341590e-03 | ImpactInv: 0.000000e+00 | Time: 0.5174s
L-BFGS Step 26: Total Loss: 1.864669e+02 | PDE: 4.313530e-01 | BC_sides: 1.823604e-03 | Free_top: 1.173042e-01 | Free_bot: 4.612901e-02 | Load: 9.048004e-02 | Energy: -2.909236e-03 | ImpactC: 0.000000e+00 | FricC: 0.000000e+00 | FricS: 0.000000e+00 | Interface: 2.623825e-03 | ImpactInv: 0.000000e+00 | Time: 0.5162s
L-BFGS Step 27: Total Loss: 1.860074e+02 | PDE: 5.092098e-01 | BC_sides: 1.740165e-03 | Free_top: 1.292765e-01 | Free_bot: 5.397944e-02 | Load: 8.772213e-02 | Energy: -3.020731e-03 | ImpactC: 0.000000e+00 | FricC: 0.000000e+00 | FricS: 0.000000e+00 | Interface: 3.218021e-03 | ImpactInv: 0.000000e+00 | Time: 0.5173s
L-BFGS Step 28: Total Loss: 1.852006e+02 | PDE: 5.261620e-01 | BC_sides: 1.684271e-03 | Free_top: 1.269490e-01 | Free_bot: 5.913527e-02 | Load: 8.625959e-02 | Energy: -3.153031e-03 | ImpactC: 0.000000e+00 | FricC: 0.000000e+00 | FricS: 0.000000e+00 | Interface: 3.378480e-03 | ImpactInv: 0.000000e+00 | Time: 0.5161s
L-BFGS Step 29: Total Loss: 1.847082e+02 | PDE: 5.306813e-01 | BC_sides: 1.655905e-03 | Free_top: 1.338460e-01 | Free_bot: 6.288375e-02 | Load: 8.535052e-02 | Energy: -3.141566e-03 | ImpactC: 0.000000e+00 | FricC: 0.000000e+00 | FricS: 0.000000e+00 | Interface: 3.465564e-03 | ImpactInv: 0.000000e+00 | Time: 0.5188s
L-BFGS Step 30: Total Loss: 1.844401e+02 | PDE: 5.061285e-01 | BC_sides: 1.645467e-03 | Free_top: 1.372929e-01 | Free_bot: 6.336627e-02 | Load: 8.455402e-02 | Energy: -3.161168e-03 | ImpactC: 0.000000e+00 | FricC: 0.000000e+00 | FricS: 0.000000e+00 | Interface: 3.284768e-03 | ImpactInv: 0.000000e+00 | Time: 0.5178s
L-BFGS Step 31: Total Loss: 1.842891e+02 | PDE: 5.399641e-01 | BC_sides: 1.621719e-03 | Free_top: 1.509527e-01 | Free_bot: 6.986985e-02 | Load: 8.397746e-02 | Energy: -3.127230e-03 | ImpactC: 0.000000e+00 | FricC: 0.000000e+00 | FricS: 0.000000e+00 | Interface: 3.651697e-03 | ImpactInv: 0.000000e+00 | Time: 0.5170s
L-BFGS Step 32: Total Loss: 1.841036e+02 | PDE: 5.732431e-01 | BC_sides: 1.605702e-03 | Free_top: 1.574601e-01 | Free_bot: 8.211592e-02 | Load: 8.380637e-02 | Energy: -3.111823e-03 | ImpactC: 0.000000e+00 | FricC: 0.000000e+00 | FricS: 0.000000e+00 | Interface: 3.897232e-03 | ImpactInv: 0.000000e+00 | Time: 0.5189s
L-BFGS Step 33: Total Loss: 1.836394e+02 | PDE: 6.844618e-01 | BC_sides: 1.552156e-03 | Free_top: 1.665787e-01 | Free_bot: 1.074452e-01 | Load: 8.372980e-02 | Energy: -3.024860e-03 | ImpactC: 0.000000e+00 | FricC: 0.000000e+00 | FricS: 0.000000e+00 | Interface: 4.842169e-03 | ImpactInv: 0.000000e+00 | Time: 0.5182s
L-BFGS Step 34: Total Loss: 1.828540e+02 | PDE: 7.115967e-01 | BC_sides: 1.546485e-03 | Free_top: 1.527893e-01 | Free_bot: 1.214124e-01 | Load: 8.471926e-02 | Energy: -3.024115e-03 | ImpactC: 0.000000e+00 | FricC: 0.000000e+00 | FricS: 0.000000e+00 | Interface: 5.827329e-03 | ImpactInv: 0.000000e+00 | Time: 0.5192s
L-BFGS Step 35: Total Loss: 1.822428e+02 | PDE: 7.909437e-01 | BC_sides: 1.510450e-03 | Free_top: 1.541202e-01 | Free_bot: 1.309737e-01 | Load: 8.482495e-02 | Energy: -2.980319e-03 | ImpactC: 0.000000e+00 | FricC: 0.000000e+00 | FricS: 0.000000e+00 | Interface: 6.509799e-03 | ImpactInv: 0.000000e+00 | Time: 0.5190s
L-BFGS Step 36: Total Loss: 1.818128e+02 | PDE: 7.745749e-01 | BC_sides: 1.494531e-03 | Free_top: 1.486743e-01 | Free_bot: 1.297456e-01 | Load: 8.507565e-02 | Energy: -3.003452e-03 | ImpactC: 0.000000e+00 | FricC: 0.000000e+00 | FricS: 0.000000e+00 | Interface: 6.649054e-03 | ImpactInv: 0.000000e+00 | Time: 0.5182s
L-BFGS Step 37: Total Loss: 1.814082e+02 | PDE: 7.431365e-01 | BC_sides: 1.468712e-03 | Free_top: 1.506495e-01 | Free_bot: 1.243975e-01 | Load: 8.293940e-02 | Energy: -3.046026e-03 | ImpactC: 0.000000e+00 | FricC: 0.000000e+00 | FricS: 0.000000e+00 | Interface: 6.707822e-03 | ImpactInv: 0.000000e+00 | Time: 0.5202s
L-BFGS Step 38: Total Loss: 1.806762e+02 | PDE: 7.182270e-01 | BC_sides: 1.436152e-03 | Free_top: 1.416015e-01 | Free_bot: 1.230230e-01 | Load: 8.330075e-02 | Energy: -3.092400e-03 | ImpactC: 0.000000e+00 | FricC: 0.000000e+00 | FricS: 0.000000e+00 | Interface: 6.754116e-03 | ImpactInv: 0.000000e+00 | Time: 0.5211s
L-BFGS Step 39: Total Loss: 1.799793e+02 | PDE: 7.326962e-01 | BC_sides: 1.374659e-03 | Free_top: 1.346615e-01 | Free_bot: 1.199161e-01 | Load: 8.557595e-02 | Energy: -3.058036e-03 | ImpactC: 0.000000e+00 | FricC: 0.000000e+00 | FricS: 0.000000e+00 | Interface: 7.045398e-03 | ImpactInv: 0.000000e+00 | Time: 0.5208s
L-BFGS Step 40: Total Loss: 1.790008e+02 | PDE: 8.086704e-01 | BC_sides: 1.314782e-03 | Free_top: 1.365061e-01 | Free_bot: 1.350103e-01 | Load: 8.735326e-02 | Energy: -2.999434e-03 | ImpactC: 0.000000e+00 | FricC: 0.000000e+00 | FricS: 0.000000e+00 | Interface: 8.471000e-03 | ImpactInv: 0.000000e+00 | Time: 0.7792s
L-BFGS Step 41: Total Loss: 1.786491e+02 | PDE: 7.989951e-01 | BC_sides: 1.305067e-03 | Free_top: 1.236697e-01 | Free_bot: 1.389021e-01 | Load: 9.608762e-02 | Energy: -2.997329e-03 | ImpactC: 0.000000e+00 | FricC: 0.000000e+00 | FricS: 0.000000e+00 | Interface: 7.939078e-03 | ImpactInv: 0.000000e+00 | Time: 0.5218s
L-BFGS Step 42: Total Loss: 1.782577e+02 | PDE: 8.297460e-01 | BC_sides: 1.283240e-03 | Free_top: 1.252271e-01 | Free_bot: 1.440991e-01 | Load: 9.834559e-02 | Energy: -2.898047e-03 | ImpactC: 0.000000e+00 | FricC: 0.000000e+00 | FricS: 0.000000e+00 | Interface: 8.306893e-03 | ImpactInv: 0.000000e+00 | Time: 0.5211s
L-BFGS Step 43: Total Loss: 1.778595e+02 | PDE: 9.030663e-01 | BC_sides: 1.239287e-03 | Free_top: 1.266389e-01 | Free_bot: 1.581148e-01 | Load: 1.022576e-01 | Energy: -2.759982e-03 | ImpactC: 0.000000e+00 | FricC: 0.000000e+00 | FricS: 0.000000e+00 | Interface: 9.402961e-03 | ImpactInv: 0.000000e+00 | Time: 0.5226s
L-BFGS Step 44: Total Loss: 1.772035e+02 | PDE: 9.030758e-01 | BC_sides: 1.224526e-03 | Free_top: 1.198436e-01 | Free_bot: 1.604100e-01 | Load: 1.081033e-01 | Energy: -2.749318e-03 | ImpactC: 0.000000e+00 | FricC: 0.000000e+00 | FricS: 0.000000e+00 | Interface: 9.591675e-03 | ImpactInv: 0.000000e+00 | Time: 0.5219s
L-BFGS Step 45: Total Loss: 1.766823e+02 | PDE: 9.265283e-01 | BC_sides: 1.178447e-03 | Free_top: 1.130126e-01 | Free_bot: 1.543764e-01 | Load: 1.136821e-01 | Energy: -2.682724e-03 | ImpactC: 0.000000e+00 | FricC: 0.000000e+00 | FricS: 0.000000e+00 | Interface: 1.026720e-02 | ImpactInv: 0.000000e+00 | Time: 0.5231s
L-BFGS Step 46: Total Loss: 1.758136e+02 | PDE: 8.620034e-01 | BC_sides: 1.189871e-03 | Free_top: 1.073852e-01 | Free_bot: 1.434231e-01 | Load: 1.132841e-01 | Energy: -2.836544e-03 | ImpactC: 0.000000e+00 | FricC: 0.000000e+00 | FricS: 0.000000e+00 | Interface: 9.693097e-03 | ImpactInv: 0.000000e+00 | Time: 0.5240s
L-BFGS Step 47: Total Loss: 1.752495e+02 | PDE: 8.176147e-01 | BC_sides: 1.197993e-03 | Free_top: 1.065287e-01 | Free_bot: 1.347640e-01 | Load: 1.107408e-01 | Energy: -2.857704e-03 | ImpactC: 0.000000e+00 | FricC: 0.000000e+00 | FricS: 0.000000e+00 | Interface: 9.460758e-03 | ImpactInv: 0.000000e+00 | Time: 0.5240s
L-BFGS Step 48: Total Loss: 1.749352e+02 | PDE: 7.889594e-01 | BC_sides: 1.206375e-03 | Free_top: 1.095780e-01 | Free_bot: 1.270822e-01 | Load: 1.062458e-01 | Energy: -2.875774e-03 | ImpactC: 0.000000e+00 | FricC: 0.000000e+00 | FricS: 0.000000e+00 | Interface: 9.561066e-03 | ImpactInv: 0.000000e+00 | Time: 0.5246s
L-BFGS Step 49: Total Loss: 1.745359e+02 | PDE: 7.445786e-01 | BC_sides: 1.241362e-03 | Free_top: 1.150505e-01 | Free_bot: 1.201235e-01 | Load: 1.014847e-01 | Energy: -2.934393e-03 | ImpactC: 0.000000e+00 | FricC: 0.000000e+00 | FricS: 0.000000e+00 | Interface: 8.995404e-03 | ImpactInv: 0.000000e+00 | Time: 0.5248s
L-BFGS Step 50: Total Loss: 1.740887e+02 | PDE: 7.631218e-01 | BC_sides: 1.235055e-03 | Free_top: 1.195722e-01 | Free_bot: 1.227787e-01 | Load: 9.956173e-02 | Energy: -2.975842e-03 | ImpactC: 0.000000e+00 | FricC: 0.000000e+00 | FricS: 0.000000e+00 | Interface: 9.458550e-03 | ImpactInv: 0.000000e+00 | Time: 0.5255s
L-BFGS Step 51: Total Loss: 1.735357e+02 | PDE: 8.016552e-01 | BC_sides: 1.224081e-03 | Free_top: 1.316742e-01 | Free_bot: 1.330000e-01 | Load: 9.667806e-02 | Energy: -2.966415e-03 | ImpactC: 0.000000e+00 | FricC: 0.000000e+00 | FricS: 0.000000e+00 | Interface: 9.851290e-03 | ImpactInv: 0.000000e+00 | Time: 0.5262s
L-BFGS Step 52: Total Loss: 1.729222e+02 | PDE: 9.006088e-01 | BC_sides: 1.173964e-03 | Free_top: 1.408718e-01 | Free_bot: 1.543924e-01 | Load: 9.832928e-02 | Energy: -2.903870e-03 | ImpactC: 0.000000e+00 | FricC: 0.000000e+00 | FricS: 0.000000e+00 | Interface: 1.092414e-02 | ImpactInv: 0.000000e+00 | Time: 0.5243s
L-BFGS Step 53: Total Loss: 1.726334e+02 | PDE: 8.707004e-01 | BC_sides: 1.175942e-03 | Free_top: 1.399167e-01 | Free_bot: 1.576920e-01 | Load: 9.706415e-02 | Energy: -2.900427e-03 | ImpactC: 0.000000e+00 | FricC: 0.000000e+00 | FricS: 0.000000e+00 | Interface: 1.059364e-02 | ImpactInv: 0.000000e+00 | Time: 0.5387s
L-BFGS Step 54: Total Loss: 1.724060e+02 | PDE: 8.679364e-01 | BC_sides: 1.159617e-03 | Free_top: 1.404250e-01 | Free_bot: 1.568458e-01 | Load: 9.714294e-02 | Energy: -2.848978e-03 | ImpactC: 0.000000e+00 | FricC: 0.000000e+00 | FricS: 0.000000e+00 | Interface: 1.079652e-02 | ImpactInv: 0.000000e+00 | Time: 0.5218s
L-BFGS Step 55: Total Loss: 1.721922e+02 | PDE: 8.610419e-01 | BC_sides: 1.137093e-03 | Free_top: 1.430007e-01 | Free_bot: 1.595873e-01 | Load: 9.759391e-02 | Energy: -2.770062e-03 | ImpactC: 0.000000e+00 | FricC: 0.000000e+00 | FricS: 0.000000e+00 | Interface: 1.129605e-02 | ImpactInv: 0.000000e+00 | Time: 0.5238s
L-BFGS Step 56: Total Loss: 1.716420e+02 | PDE: 8.838619e-01 | BC_sides: 1.111662e-03 | Free_top: 1.555115e-01 | Free_bot: 1.579146e-01 | Load: 9.398206e-02 | Energy: -2.601198e-03 | ImpactC: 0.000000e+00 | FricC: 0.000000e+00 | FricS: 0.000000e+00 | Interface: 1.251763e-02 | ImpactInv: 0.000000e+00 | Time: 0.5242s
L-BFGS Step 57: Total Loss: 1.708388e+02 | PDE: 8.558058e-01 | BC_sides: 1.128594e-03 | Free_top: 1.580485e-01 | Free_bot: 1.599417e-01 | Load: 9.620944e-02 | Energy: -2.557263e-03 | ImpactC: 0.000000e+00 | FricC: 0.000000e+00 | FricS: 0.000000e+00 | Interface: 1.299856e-02 | ImpactInv: 0.000000e+00 | Time: 0.5262s
L-BFGS Step 58: Total Loss: 1.701520e+02 | PDE: 8.648821e-01 | BC_sides: 1.145182e-03 | Free_top: 1.736169e-01 | Free_bot: 1.497605e-01 | Load: 9.214654e-02 | Energy: -2.457055e-03 | ImpactC: 0.000000e+00 | FricC: 0.000000e+00 | FricS: 0.000000e+00 | Interface: 1.356290e-02 | ImpactInv: 0.000000e+00 | Time: 0.5197s
L-BFGS Step 59: Total Loss: 1.696290e+02 | PDE: 8.377321e-01 | BC_sides: 1.164649e-03 | Free_top: 1.727512e-01 | Free_bot: 1.446074e-01 | Load: 9.216427e-02 | Energy: -2.461518e-03 | ImpactC: 0.000000e+00 | FricC: 0.000000e+00 | FricS: 0.000000e+00 | Interface: 1.317982e-02 | ImpactInv: 0.000000e+00 | Time: 0.5266s
L-BFGS Step 60: Total Loss: 1.690967e+02 | PDE: 8.385245e-01 | BC_sides: 1.164920e-03 | Free_top: 1.771797e-01 | Free_bot: 1.379344e-01 | Load: 9.304148e-02 | Energy: -2.351420e-03 | ImpactC: 0.000000e+00 | FricC: 0.000000e+00 | FricS: 0.000000e+00 | Interface: 1.355753e-02 | ImpactInv: 0.000000e+00 | Time: 0.5253s
L-BFGS Step 61: Total Loss: 1.683856e+02 | PDE: 8.360857e-01 | BC_sides: 1.142349e-03 | Free_top: 1.644767e-01 | Free_bot: 1.315656e-01 | Load: 9.493530e-02 | Energy: -2.268818e-03 | ImpactC: 0.000000e+00 | FricC: 0.000000e+00 | FricS: 0.000000e+00 | Interface: 1.355586e-02 | ImpactInv: 0.000000e+00 | Time: 0.5250s
L-BFGS Step 62: Total Loss: 1.676980e+02 | PDE: 8.647482e-01 | BC_sides: 1.107307e-03 | Free_top: 1.599184e-01 | Free_bot: 1.297975e-01 | Load: 9.761024e-02 | Energy: -2.093758e-03 | ImpactC: 0.000000e+00 | FricC: 0.000000e+00 | FricS: 0.000000e+00 | Interface: 1.446358e-02 | ImpactInv: 0.000000e+00 | Time: 0.5491s
L-BFGS Step 63: Total Loss: 1.671161e+02 | PDE: 8.631912e-01 | BC_sides: 1.073562e-03 | Free_top: 1.446136e-01 | Free_bot: 1.255957e-01 | Load: 1.006155e-01 | Energy: -2.008527e-03 | ImpactC: 0.000000e+00 | FricC: 0.000000e+00 | FricS: 0.000000e+00 | Interface: 1.497143e-02 | ImpactInv: 0.000000e+00 | Time: 0.5621s
L-BFGS Step 64: Total Loss: 1.665966e+02 | PDE: 8.851658e-01 | BC_sides: 1.058921e-03 | Free_top: 1.463214e-01 | Free_bot: 1.266544e-01 | Load: 1.017625e-01 | Energy: -1.870310e-03 | ImpactC: 0.000000e+00 | FricC: 0.000000e+00 | FricS: 0.000000e+00 | Interface: 1.566281e-02 | ImpactInv: 0.000000e+00 | Time: 0.5280s
L-BFGS Step 65: Total Loss: 1.662506e+02 | PDE: 8.779228e-01 | BC_sides: 1.062658e-03 | Free_top: 1.458209e-01 | Free_bot: 1.252460e-01 | Load: 1.014198e-01 | Energy: -1.837017e-03 | ImpactC: 0.000000e+00 | FricC: 0.000000e+00 | FricS: 0.000000e+00 | Interface: 1.557869e-02 | ImpactInv: 0.000000e+00 | Time: 0.5342s
L-BFGS Step 66: Total Loss: 1.658638e+02 | PDE: 8.917753e-01 | BC_sides: 1.068570e-03 | Free_top: 1.526403e-01 | Free_bot: 1.261529e-01 | Load: 1.003960e-01 | Energy: -1.727560e-03 | ImpactC: 0.000000e+00 | FricC: 0.000000e+00 | FricS: 0.000000e+00 | Interface: 1.604126e-02 | ImpactInv: 0.000000e+00 | Time: 0.5404s
L-BFGS Step 67: Total Loss: 1.654258e+02 | PDE: 8.619069e-01 | BC_sides: 1.118048e-03 | Free_top: 1.651075e-01 | Free_bot: 1.234387e-01 | Load: 9.920932e-02 | Energy: -1.595688e-03 | ImpactC: 0.000000e+00 | FricC: 0.000000e+00 | FricS: 0.000000e+00 | Interface: 1.526563e-02 | ImpactInv: 0.000000e+00 | Time: 0.5483s
L-BFGS Step 68: Total Loss: 1.650606e+02 | PDE: 8.536975e-01 | BC_sides: 1.112416e-03 | Free_top: 1.683030e-01 | Free_bot: 1.248365e-01 | Load: 9.904822e-02 | Energy: -1.580928e-03 | ImpactC: 0.000000e+00 | FricC: 0.000000e+00 | FricS: 0.000000e+00 | Interface: 1.570037e-02 | ImpactInv: 0.000000e+00 | Time: 0.5321s
L-BFGS Step 69: Total Loss: 1.647381e+02 | PDE: 8.305568e-01 | BC_sides: 1.106909e-03 | Free_top: 1.680504e-01 | Free_bot: 1.247756e-01 | Load: 9.854703e-02 | Energy: -1.585698e-03 | ImpactC: 0.000000e+00 | FricC: 0.000000e+00 | FricS: 0.000000e+00 | Interface: 1.584916e-02 | ImpactInv: 0.000000e+00 | Time: 0.5334s
L-BFGS Step 70: Total Loss: 1.645312e+02 | PDE: 8.169937e-01 | BC_sides: 1.099102e-03 | Free_top: 1.704264e-01 | Free_bot: 1.261768e-01 | Load: 9.813236e-02 | Energy: -1.562078e-03 | ImpactC: 0.000000e+00 | FricC: 0.000000e+00 | FricS: 0.000000e+00 | Interface: 1.594968e-02 | ImpactInv: 0.000000e+00 | Time: 0.5317s
L-BFGS Step 71: Total Loss: 1.642356e+02 | PDE: 8.005052e-01 | BC_sides: 1.088052e-03 | Free_top: 1.717768e-01 | Free_bot: 1.264201e-01 | Load: 9.809065e-02 | Energy: -1.488012e-03 | ImpactC: 0.000000e+00 | FricC: 0.000000e+00 | FricS: 0.000000e+00 | Interface: 1.594355e-02 | ImpactInv: 0.000000e+00 | Time: 0.5344s
L-BFGS Step 72: Total Loss: 1.636548e+02 | PDE: 8.099262e-01 | BC_sides: 1.073981e-03 | Free_top: 1.823015e-01 | Free_bot: 1.298688e-01 | Load: 1.000337e-01 | Energy: -1.291920e-03 | ImpactC: 0.000000e+00 | FricC: 0.000000e+00 | FricS: 0.000000e+00 | Interface: 1.665729e-02 | ImpactInv: 0.000000e+00 | Time: 0.5331s
L-BFGS Step 73: Total Loss: 1.627954e+02 | PDE: 8.236424e-01 | BC_sides: 1.068440e-03 | Free_top: 1.924791e-01 | Free_bot: 1.328599e-01 | Load: 1.034723e-01 | Energy: -1.078724e-03 | ImpactC: 0.000000e+00 | FricC: 0.000000e+00 | FricS: 0.000000e+00 | Interface: 1.732787e-02 | ImpactInv: 0.000000e+00 | Time: 0.5331s
L-BFGS Step 74: Total Loss: 1.619563e+02 | PDE: 8.372631e-01 | BC_sides: 1.068971e-03 | Free_top: 2.047062e-01 | Free_bot: 1.346339e-01 | Load: 1.073743e-01 | Energy: -9.275791e-04 | ImpactC: 0.000000e+00 | FricC: 0.000000e+00 | FricS: 0.000000e+00 | Interface: 1.794229e-02 | ImpactInv: 0.000000e+00 | Time: 0.5339s
L-BFGS Step 75: Total Loss: 1.614069e+02 | PDE: 8.425714e-01 | BC_sides: 1.072760e-03 | Free_top: 2.030965e-01 | Free_bot: 1.320252e-01 | Load: 1.081350e-01 | Energy: -8.678101e-04 | ImpactC: 0.000000e+00 | FricC: 0.000000e+00 | FricS: 0.000000e+00 | Interface: 1.792934e-02 | ImpactInv: 0.000000e+00 | Time: 0.5321s
L-BFGS Step 76: Total Loss: 1.610605e+02 | PDE: 8.378531e-01 | BC_sides: 1.074149e-03 | Free_top: 2.084364e-01 | Free_bot: 1.274941e-01 | Load: 1.098867e-01 | Energy: -7.700324e-04 | ImpactC: 0.000000e+00 | FricC: 0.000000e+00 | FricS: 0.000000e+00 | Interface: 1.798571e-02 | ImpactInv: 0.000000e+00 | Time: 0.5350s
L-BFGS Step 77: Total Loss: 1.606368e+02 | PDE: 8.031587e-01 | BC_sides: 1.079762e-03 | Free_top: 2.032897e-01 | Free_bot: 1.184478e-01 | Load: 1.092617e-01 | Energy: -8.259933e-04 | ImpactC: 0.000000e+00 | FricC: 0.000000e+00 | FricS: 0.000000e+00 | Interface: 1.682962e-02 | ImpactInv: 0.000000e+00 | Time: 0.5347s
L-BFGS Step 78: Total Loss: 1.599588e+02 | PDE: 7.907052e-01 | BC_sides: 1.063861e-03 | Free_top: 2.130881e-01 | Free_bot: 1.140617e-01 | Load: 1.123472e-01 | Energy: -6.947736e-04 | ImpactC: 0.000000e+00 | FricC: 0.000000e+00 | FricS: 0.000000e+00 | Interface: 1.672158e-02 | ImpactInv: 0.000000e+00 | Time: 0.5349s
L-BFGS Step 79: Total Loss: 1.592443e+02 | PDE: 7.239733e-01 | BC_sides: 1.063422e-03 | Free_top: 2.080337e-01 | Free_bot: 1.070895e-01 | Load: 1.099451e-01 | Energy: -8.912622e-04 | ImpactC: 0.000000e+00 | FricC: 0.000000e+00 | FricS: 0.000000e+00 | Interface: 1.490342e-02 | ImpactInv: 0.000000e+00 | Time: 0.5366s
L-BFGS Step 80: Total Loss: 1.587879e+02 | PDE: 7.319993e-01 | BC_sides: 1.049724e-03 | Free_top: 2.068265e-01 | Free_bot: 1.074421e-01 | Load: 1.107679e-01 | Energy: -8.776467e-04 | ImpactC: 0.000000e+00 | FricC: 0.000000e+00 | FricS: 0.000000e+00 | Interface: 1.528737e-02 | ImpactInv: 0.000000e+00 | Time: 0.5285s
L-BFGS Step 81: Total Loss: 1.585125e+02 | PDE: 7.280471e-01 | BC_sides: 1.040311e-03 | Free_top: 2.096621e-01 | Free_bot: 1.100705e-01 | Load: 1.115213e-01 | Energy: -8.529080e-04 | ImpactC: 0.000000e+00 | FricC: 0.000000e+00 | FricS: 0.000000e+00 | Interface: 1.564974e-02 | ImpactInv: 0.000000e+00 | Time: 0.5362s
L-BFGS Step 82: Total Loss: 1.582891e+02 | PDE: 7.257737e-01 | BC_sides: 1.032212e-03 | Free_top: 2.086672e-01 | Free_bot: 1.136854e-01 | Load: 1.118856e-01 | Energy: -8.228612e-04 | ImpactC: 0.000000e+00 | FricC: 0.000000e+00 | FricS: 0.000000e+00 | Interface: 1.625387e-02 | ImpactInv: 0.000000e+00 | Time: 0.5381s
L-BFGS Step 83: Total Loss: 1.578060e+02 | PDE: 7.318850e-01 | BC_sides: 1.027239e-03 | Free_top: 2.069875e-01 | Free_bot: 1.186109e-01 | Load: 1.125586e-01 | Energy: -8.099992e-04 | ImpactC: 0.000000e+00 | FricC: 0.000000e+00 | FricS: 0.000000e+00 | Interface: 1.722167e-02 | ImpactInv: 0.000000e+00 | Time: 0.5370s
L-BFGS Step 84: Total Loss: 1.570747e+02 | PDE: 7.274318e-01 | BC_sides: 1.036613e-03 | Free_top: 2.012164e-01 | Free_bot: 1.186916e-01 | Load: 1.125092e-01 | Energy: -8.195019e-04 | ImpactC: 0.000000e+00 | FricC: 0.000000e+00 | FricS: 0.000000e+00 | Interface: 1.761113e-02 | ImpactInv: 0.000000e+00 | Time: 0.5369s
L-BFGS Step 85: Total Loss: 1.564935e+02 | PDE: 7.035262e-01 | BC_sides: 1.057160e-03 | Free_top: 1.946918e-01 | Free_bot: 1.175027e-01 | Load: 1.125646e-01 | Energy: -9.961319e-04 | ImpactC: 0.000000e+00 | FricC: 0.000000e+00 | FricS: 0.000000e+00 | Interface: 1.742171e-02 | ImpactInv: 0.000000e+00 | Time: 0.5368s
L-BFGS Step 86: Total Loss: 1.558589e+02 | PDE: 6.870375e-01 | BC_sides: 1.071405e-03 | Free_top: 1.881192e-01 | Free_bot: 1.173249e-01 | Load: 1.119556e-01 | Energy: -1.070385e-03 | ImpactC: 0.000000e+00 | FricC: 0.000000e+00 | FricS: 0.000000e+00 | Interface: 1.722584e-02 | ImpactInv: 0.000000e+00 | Time: 0.5692s
L-BFGS Step 87: Total Loss: 1.554942e+02 | PDE: 6.514156e-01 | BC_sides: 1.087329e-03 | Free_top: 1.826565e-01 | Free_bot: 1.173082e-01 | Load: 1.105319e-01 | Energy: -1.206564e-03 | ImpactC: 0.000000e+00 | FricC: 0.000000e+00 | FricS: 0.000000e+00 | Interface: 1.666764e-02 | ImpactInv: 0.000000e+00 | Time: 0.5614s
L-BFGS Step 88: Total Loss: 1.551544e+02 | PDE: 6.524470e-01 | BC_sides: 1.088216e-03 | Free_top: 1.824428e-01 | Free_bot: 1.202555e-01 | Load: 1.107431e-01 | Energy: -1.251519e-03 | ImpactC: 0.000000e+00 | FricC: 0.000000e+00 | FricS: 0.000000e+00 | Interface: 1.685492e-02 | ImpactInv: 0.000000e+00 | Time: 0.5375s
L-BFGS Step 89: Total Loss: 1.549027e+02 | PDE: 6.418929e-01 | BC_sides: 1.091663e-03 | Free_top: 1.816380e-01 | Free_bot: 1.248309e-01 | Load: 1.097688e-01 | Energy: -1.295701e-03 | ImpactC: 0.000000e+00 | FricC: 0.000000e+00 | FricS: 0.000000e+00 | Interface: 1.698674e-02 | ImpactInv: 0.000000e+00 | Time: 0.5374s
L-BFGS Step 90: Total Loss: 1.546897e+02 | PDE: 6.491771e-01 | BC_sides: 1.087462e-03 | Free_top: 1.837584e-01 | Free_bot: 1.282093e-01 | Load: 1.105849e-01 | Energy: -1.264366e-03 | ImpactC: 0.000000e+00 | FricC: 0.000000e+00 | FricS: 0.000000e+00 | Interface: 1.746465e-02 | ImpactInv: 0.000000e+00 | Time: 0.5372s
L-BFGS Step 91: Total Loss: 1.545129e+02 | PDE: 6.574196e-01 | BC_sides: 1.084725e-03 | Free_top: 1.824038e-01 | Free_bot: 1.351117e-01 | Load: 1.100125e-01 | Energy: -1.267096e-03 | ImpactC: 0.000000e+00 | FricC: 0.000000e+00 | FricS: 0.000000e+00 | Interface: 1.821048e-02 | ImpactInv: 0.000000e+00 | Time: 0.5355s
L-BFGS Step 92: Total Loss: 1.540833e+02 | PDE: 6.595415e-01 | BC_sides: 1.090272e-03 | Free_top: 1.765829e-01 | Free_bot: 1.398993e-01 | Load: 1.080170e-01 | Energy: -1.339702e-03 | ImpactC: 0.000000e+00 | FricC: 0.000000e+00 | FricS: 0.000000e+00 | Interface: 1.871753e-02 | ImpactInv: 0.000000e+00 | Time: 0.5570s
L-BFGS Step 93: Total Loss: 1.534988e+02 | PDE: 6.463657e-01 | BC_sides: 1.098766e-03 | Free_top: 1.618260e-01 | Free_bot: 1.438273e-01 | Load: 1.020573e-01 | Energy: -1.578557e-03 | ImpactC: 0.000000e+00 | FricC: 0.000000e+00 | FricS: 0.000000e+00 | Interface: 1.837762e-02 | ImpactInv: 0.000000e+00 | Time: 0.5625s
L-BFGS Step 94: Total Loss: 1.528277e+02 | PDE: 6.252499e-01 | BC_sides: 1.110830e-03 | Free_top: 1.524621e-01 | Free_bot: 1.391818e-01 | Load: 9.858568e-02 | Energy: -1.725572e-03 | ImpactC: 0.000000e+00 | FricC: 0.000000e+00 | FricS: 0.000000e+00 | Interface: 1.768181e-02 | ImpactInv: 0.000000e+00 | Time: 0.5403s
L-BFGS Step 95: Total Loss: 1.524425e+02 | PDE: 6.002487e-01 | BC_sides: 1.109914e-03 | Free_top: 1.456429e-01 | Free_bot: 1.359894e-01 | Load: 9.571594e-02 | Energy: -1.884304e-03 | ImpactC: 0.000000e+00 | FricC: 0.000000e+00 | FricS: 0.000000e+00 | Interface: 1.688125e-02 | ImpactInv: 0.000000e+00 | Time: 0.5401s
L-BFGS Step 96: Total Loss: 1.522658e+02 | PDE: 5.856177e-01 | BC_sides: 1.107107e-03 | Free_top: 1.419803e-01 | Free_bot: 1.329102e-01 | Load: 9.402116e-02 | Energy: -1.917501e-03 | ImpactC: 0.000000e+00 | FricC: 0.000000e+00 | FricS: 0.000000e+00 | Interface: 1.643200e-02 | ImpactInv: 0.000000e+00 | Time: 0.5391s
L-BFGS Step 97: Total Loss: 1.520901e+02 | PDE: 5.583035e-01 | BC_sides: 1.096043e-03 | Free_top: 1.353510e-01 | Free_bot: 1.278377e-01 | Load: 9.119009e-02 | Energy: -1.962806e-03 | ImpactC: 0.000000e+00 | FricC: 0.000000e+00 | FricS: 0.000000e+00 | Interface: 1.559083e-02 | ImpactInv: 0.000000e+00 | Time: 0.5419s
L-BFGS Step 98: Total Loss: 1.518068e+02 | PDE: 5.471839e-01 | BC_sides: 1.077815e-03 | Free_top: 1.305785e-01 | Free_bot: 1.239858e-01 | Load: 8.839379e-02 | Energy: -1.975544e-03 | ImpactC: 0.000000e+00 | FricC: 0.000000e+00 | FricS: 0.000000e+00 | Interface: 1.508683e-02 | ImpactInv: 0.000000e+00 | Time: 0.5415s
L-BFGS Step 99: Total Loss: 1.513389e+02 | PDE: 5.441033e-01 | BC_sides: 1.061789e-03 | Free_top: 1.305924e-01 | Free_bot: 1.225147e-01 | Load: 8.773597e-02 | Energy: -1.904412e-03 | ImpactC: 0.000000e+00 | FricC: 0.000000e+00 | FricS: 0.000000e+00 | Interface: 1.495926e-02 | ImpactInv: 0.000000e+00 | Time: 0.5429s
Model saved to /Users/hanbosong/GitHub/Basic-PiNN-Model-For-Three-Layered-Collision/three-layer-workflow/pinn_model.pth
