Using device: mps
Using p0 = 1.0
MultiLayerPINN(
  (layer): LayerNet(
    (net): Sequential(
      (0): Linear(in_features=21, out_features=64, bias=True)
      (1): Tanh()
      (2): Linear(in_features=64, out_features=64, bias=True)
      (3): Tanh()
      (4): Linear(in_features=64, out_features=64, bias=True)
      (5): Tanh()
      (6): Linear(in_features=64, out_features=64, bias=True)
      (7): Tanh()
      (8): Linear(in_features=64, out_features=3, bias=True)
    )
  )
)
Warm-start loaded from /Users/hanbosong/GitHub/Basic-PiNN-Model-For-Three-Layered-Collision/three-layer-workflow/pinn_model.pth
Loading FEM solution for comparison...
FEM data loaded: (31, 31, 11)
Loading hybrid supervision data (N=36000, E=[1.0, 10.0])...
  Loaded cached FEM supervision: /Users/hanbosong/GitHub/Basic-PiNN-Model-For-Three-Layered-Collision/three-layer-workflow/supervision_cache/fem_supervision_34741efd821c827a.pt (36000 points)
Attached 36000 supervision points to training data.
Starting SOAP Pretraining...
Epoch 0: Total Loss: 1.120525 | PDE: 0.006093 | BC_sides: 0.000056 | Free_top: 0.006324 | Free_bot: 0.011687 | Load: 0.020323 | Energy: -0.003558 | ImpactC: 0.000000 | FricC: 0.000000 | FricS: 0.000000 | Interface: 0.000441 | ImpactInv: 0.000000 | LR: 1.00e-03 | FEM MAE: 0.181667 | Time: 0.8608s
Epoch 100: Total Loss: 0.995010 | PDE: 0.004384 | BC_sides: 0.000067 | Free_top: 0.006123 | Free_bot: 0.013162 | Load: 0.016106 | Energy: -0.003473 | ImpactC: 0.000000 | FricC: 0.000000 | FricS: 0.000000 | Interface: 0.000390 | ImpactInv: 0.000000 | LR: 3.00e-04 | FEM MAE: 0.180589 | Time: 27.1063s
Epoch 200: Total Loss: 0.882828 | PDE: 0.003634 | BC_sides: 0.000060 | Free_top: 0.006390 | Free_bot: 0.014231 | Load: 0.014469 | Energy: -0.003277 | ImpactC: 0.000000 | FricC: 0.000000 | FricS: 0.000000 | Interface: 0.000353 | ImpactInv: 0.000000 | LR: 9.00e-05 | FEM MAE: 0.181810 | Time: 26.0139s
Epoch 300: Total Loss: 0.838727 | PDE: 0.003420 | BC_sides: 0.000057 | Free_top: 0.006431 | Free_bot: 0.014474 | Load: 0.013886 | Energy: -0.003174 | ImpactC: 0.000000 | FricC: 0.000000 | FricS: 0.000000 | Interface: 0.000334 | ImpactInv: 0.000000 | LR: 2.70e-05 | FEM MAE: 0.182656 | Time: 25.8953s
SOAP Pretraining Complete. Total Time: 105.68s
Starting L-BFGS Fine-Tuning...
Running 0 L-BFGS outer steps.
Using fixed collocation set during L-BFGS for stability.
Model saved to /Users/hanbosong/GitHub/Basic-PiNN-Model-For-Three-Layered-Collision/three-layer-workflow/pinn_model.pth
