Using device: mps
Using p0 = 1.0
MultiLayerPINN(
  (layer): LayerNet(
    (net): Sequential(
      (0): Linear(in_features=21, out_features=64, bias=True)
      (1): Tanh()
      (2): Linear(in_features=64, out_features=64, bias=True)
      (3): Tanh()
      (4): Linear(in_features=64, out_features=64, bias=True)
      (5): Tanh()
      (6): Linear(in_features=64, out_features=64, bias=True)
      (7): Tanh()
      (8): Linear(in_features=64, out_features=3, bias=True)
    )
  )
)
Warm-start loaded from /Users/hanbosong/GitHub/Basic-PiNN-Model-For-Three-Layered-Collision/three-layer-workflow/pinn_model.pth
Loading FEM solution for comparison...
FEM solution not found. Training without FEM comparison.
Loading hybrid supervision data (N=36000, E=[1.0, 10.0])...
  Loaded cached FEM supervision: /Users/hanbosong/GitHub/Basic-PiNN-Model-For-Three-Layered-Collision/three-layer-workflow/supervision_cache/fem_supervision_34741efd821c827a.pt (36000 points)
Attached 36000 supervision points to training data.
Starting SOAP Pretraining...
Epoch 0: Total Loss: 1.173748 | PDE: 0.008131 | BC_sides: 0.000076 | Free_top: 0.007001 | Free_bot: 0.014657 | Load: 0.020894 | Energy: -0.003715 | ImpactC: 0.000000 | FricC: 0.000000 | FricS: 0.000000 | Interface: 0.000363 | ImpactInv: 0.000000 | LR: 1.00e-03 | Time: 0.7425s
Epoch 100: Total Loss: 0.909320 | PDE: 0.004009 | BC_sides: 0.000092 | Free_top: 0.006546 | Free_bot: 0.010771 | Load: 0.019702 | Energy: -0.003606 | ImpactC: 0.000000 | FricC: 0.000000 | FricS: 0.000000 | Interface: 0.000310 | ImpactInv: 0.000000 | LR: 1.00e-03 | Time: 25.6649s
Epoch 200: Total Loss: 0.646254 | PDE: 0.002637 | BC_sides: 0.000074 | Free_top: 0.006557 | Free_bot: 0.012180 | Load: 0.017238 | Energy: -0.003138 | ImpactC: 0.000000 | FricC: 0.000000 | FricS: 0.000000 | Interface: 0.000228 | ImpactInv: 0.000000 | LR: 3.00e-04 | Time: 25.6277s
Epoch 300: Total Loss: 0.519200 | PDE: 0.002160 | BC_sides: 0.000064 | Free_top: 0.006502 | Free_bot: 0.013218 | Load: 0.015694 | Energy: -0.002737 | ImpactC: 0.000000 | FricC: 0.000000 | FricS: 0.000000 | Interface: 0.000183 | ImpactInv: 0.000000 | LR: 3.00e-04 | Time: 25.8858s
Epoch 400: Total Loss: 0.474216 | PDE: 0.001987 | BC_sides: 0.000059 | Free_top: 0.006455 | Free_bot: 0.013619 | Load: 0.015156 | Energy: -0.002569 | ImpactC: 0.000000 | FricC: 0.000000 | FricS: 0.000000 | Interface: 0.000167 | ImpactInv: 0.000000 | LR: 9.00e-05 | Time: 25.6805s
Epoch 500: Total Loss: 0.450465 | PDE: 0.001903 | BC_sides: 0.000056 | Free_top: 0.006414 | Free_bot: 0.013798 | Load: 0.014834 | Energy: -0.002476 | ImpactC: 0.000000 | FricC: 0.000000 | FricS: 0.000000 | Interface: 0.000159 | ImpactInv: 0.000000 | LR: 2.70e-05 | Time: 25.7766s
Epoch 600: Total Loss: 0.443003 | PDE: 0.001878 | BC_sides: 0.000055 | Free_top: 0.006418 | Free_bot: 0.013873 | Load: 0.014723 | Energy: -0.002446 | ImpactC: 0.000000 | FricC: 0.000000 | FricS: 0.000000 | Interface: 0.000156 | ImpactInv: 0.000000 | LR: 2.70e-05 | Time: 25.7967s
Epoch 700: Total Loss: 0.439156 | PDE: 0.001865 | BC_sides: 0.000055 | Free_top: 0.006412 | Free_bot: 0.013913 | Load: 0.014659 | Energy: -0.002431 | ImpactC: 0.000000 | FricC: 0.000000 | FricS: 0.000000 | Interface: 0.000155 | ImpactInv: 0.000000 | LR: 8.10e-06 | Time: 26.7392s
SOAP Pretraining Complete. Total Time: 208.23s
Starting L-BFGS Fine-Tuning...
Running 100 L-BFGS outer steps.
Using fixed collocation set during L-BFGS for stability.
L-BFGS Step 0: Total Loss: 4.003453e-01 | PDE: 1.874275e-03 | BC_sides: 5.444151e-05 | Free_top: 6.421209e-03 | Free_bot: 1.394126e-02 | Load: 1.463896e-02 | Energy: -2.425301e-03 | ImpactC: 0.000000e+00 | FricC: 0.000000e+00 | FricS: 0.000000e+00 | Interface: 1.532359e-04 | ImpactInv: 0.000000e+00 | Time: 0.8282s
L-BFGS Step 1: Total Loss: 4.002651e-01 | PDE: 1.877061e-03 | BC_sides: 5.443484e-05 | Free_top: 6.426401e-03 | Free_bot: 1.395364e-02 | Load: 1.463111e-02 | Energy: -2.425005e-03 | ImpactC: 0.000000e+00 | FricC: 0.000000e+00 | FricS: 0.000000e+00 | Interface: 1.530389e-04 | ImpactInv: 0.000000e+00 | Time: 0.5320s
L-BFGS Step 2: Total Loss: 4.002050e-01 | PDE: 1.904686e-03 | BC_sides: 5.438926e-05 | Free_top: 6.448322e-03 | Free_bot: 1.399800e-02 | Load: 1.459720e-02 | Energy: -2.423560e-03 | ImpactC: 0.000000e+00 | FricC: 0.000000e+00 | FricS: 0.000000e+00 | Interface: 1.519446e-04 | ImpactInv: 0.000000e+00 | Time: 0.5253s
L-BFGS Step 3: Total Loss: 4.000264e-01 | PDE: 1.923660e-03 | BC_sides: 5.436039e-05 | Free_top: 6.457529e-03 | Free_bot: 1.400454e-02 | Load: 1.458036e-02 | Energy: -2.422792e-03 | ImpactC: 0.000000e+00 | FricC: 0.000000e+00 | FricS: 0.000000e+00 | Interface: 1.512202e-04 | ImpactInv: 0.000000e+00 | Time: 0.5270s
L-BFGS Step 4: Total Loss: 3.999245e-01 | PDE: 1.966188e-03 | BC_sides: 5.438447e-05 | Free_top: 6.479759e-03 | Free_bot: 1.401071e-02 | Load: 1.453799e-02 | Energy: -2.421261e-03 | ImpactC: 0.000000e+00 | FricC: 0.000000e+00 | FricS: 0.000000e+00 | Interface: 1.499562e-04 | ImpactInv: 0.000000e+00 | Time: 0.5245s
L-BFGS Step 5: Total Loss: 3.997697e-01 | PDE: 2.013192e-03 | BC_sides: 5.441015e-05 | Free_top: 6.499032e-03 | Free_bot: 1.400813e-02 | Load: 1.449920e-02 | Energy: -2.419896e-03 | ImpactC: 0.000000e+00 | FricC: 0.000000e+00 | FricS: 0.000000e+00 | Interface: 1.488994e-04 | ImpactInv: 0.000000e+00 | Time: 0.5405s
L-BFGS Step 6: Total Loss: 3.997433e-01 | PDE: 1.983979e-03 | BC_sides: 5.442159e-05 | Free_top: 6.492095e-03 | Free_bot: 1.400571e-02 | Load: 1.451155e-02 | Energy: -2.420408e-03 | ImpactC: 0.000000e+00 | FricC: 0.000000e+00 | FricS: 0.000000e+00 | Interface: 1.493882e-04 | ImpactInv: 0.000000e+00 | Time: 0.5294s
L-BFGS Step 7: Total Loss: 3.996516e-01 | PDE: 1.978598e-03 | BC_sides: 5.443491e-05 | Free_top: 6.493556e-03 | Free_bot: 1.400750e-02 | Load: 1.450813e-02 | Energy: -2.420333e-03 | ImpactC: 0.000000e+00 | FricC: 0.000000e+00 | FricS: 0.000000e+00 | Interface: 1.495239e-04 | ImpactInv: 0.000000e+00 | Time: 0.5296s
L-BFGS Step 8: Total Loss: 3.996239e-01 | PDE: 1.980568e-03 | BC_sides: 5.444140e-05 | Free_top: 6.503351e-03 | Free_bot: 1.401893e-02 | Load: 1.448788e-02 | Energy: -2.419586e-03 | ImpactC: 0.000000e+00 | FricC: 0.000000e+00 | FricS: 0.000000e+00 | Interface: 1.495816e-04 | ImpactInv: 0.000000e+00 | Time: 0.5366s
L-BFGS Step 9: Total Loss: 3.995737e-01 | PDE: 1.991935e-03 | BC_sides: 5.439214e-05 | Free_top: 6.514071e-03 | Free_bot: 1.402770e-02 | Load: 1.445987e-02 | Energy: -2.418255e-03 | ImpactC: 0.000000e+00 | FricC: 0.000000e+00 | FricS: 0.000000e+00 | Interface: 1.494341e-04 | ImpactInv: 0.000000e+00 | Time: 0.5269s
L-BFGS Step 10: Total Loss: 3.995103e-01 | PDE: 2.016975e-03 | BC_sides: 5.443034e-05 | Free_top: 6.532455e-03 | Free_bot: 1.403988e-02 | Load: 1.440267e-02 | Energy: -2.416058e-03 | ImpactC: 0.000000e+00 | FricC: 0.000000e+00 | FricS: 0.000000e+00 | Interface: 1.491358e-04 | ImpactInv: 0.000000e+00 | Time: 0.5281s
L-BFGS Step 11: Total Loss: 3.994058e-01 | PDE: 2.039392e-03 | BC_sides: 5.441114e-05 | Free_top: 6.542538e-03 | Free_bot: 1.403836e-02 | Load: 1.437029e-02 | Energy: -2.414605e-03 | ImpactC: 0.000000e+00 | FricC: 0.000000e+00 | FricS: 0.000000e+00 | Interface: 1.487177e-04 | ImpactInv: 0.000000e+00 | Time: 0.7934s
L-BFGS Step 12: Total Loss: 3.993580e-01 | PDE: 2.043379e-03 | BC_sides: 5.440791e-05 | Free_top: 6.543606e-03 | Free_bot: 1.403272e-02 | Load: 1.435742e-02 | Energy: -2.414088e-03 | ImpactC: 0.000000e+00 | FricC: 0.000000e+00 | FricS: 0.000000e+00 | Interface: 1.486027e-04 | ImpactInv: 0.000000e+00 | Time: 0.5376s
L-BFGS Step 13: Total Loss: 3.993018e-01 | PDE: 2.046417e-03 | BC_sides: 5.440316e-05 | Free_top: 6.542778e-03 | Free_bot: 1.402070e-02 | Load: 1.434751e-02 | Energy: -2.413664e-03 | ImpactC: 0.000000e+00 | FricC: 0.000000e+00 | FricS: 0.000000e+00 | Interface: 1.485048e-04 | ImpactInv: 0.000000e+00 | Time: 0.5463s
L-BFGS Step 14: Total Loss: 3.992516e-01 | PDE: 2.050484e-03 | BC_sides: 5.439449e-05 | Free_top: 6.546595e-03 | Free_bot: 1.401242e-02 | Load: 1.433116e-02 | Energy: -2.413025e-03 | ImpactC: 0.000000e+00 | FricC: 0.000000e+00 | FricS: 0.000000e+00 | Interface: 1.485140e-04 | ImpactInv: 0.000000e+00 | Time: 0.5278s
L-BFGS Step 15: Total Loss: 3.992075e-01 | PDE: 2.068690e-03 | BC_sides: 5.428270e-05 | Free_top: 6.547811e-03 | Free_bot: 1.397252e-02 | Load: 1.430240e-02 | Energy: -2.410317e-03 | ImpactC: 0.000000e+00 | FricC: 0.000000e+00 | FricS: 0.000000e+00 | Interface: 1.481346e-04 | ImpactInv: 0.000000e+00 | Time: 0.5289s
L-BFGS Step 16: Total Loss: 3.991939e-01 | PDE: 2.064866e-03 | BC_sides: 5.431567e-05 | Free_top: 6.555223e-03 | Free_bot: 1.398385e-02 | Load: 1.429011e-02 | Energy: -2.410537e-03 | ImpactC: 0.000000e+00 | FricC: 0.000000e+00 | FricS: 0.000000e+00 | Interface: 1.484242e-04 | ImpactInv: 0.000000e+00 | Time: 0.5377s
L-BFGS Step 17: Total Loss: 3.991162e-01 | PDE: 2.064477e-03 | BC_sides: 5.430755e-05 | Free_top: 6.557955e-03 | Free_bot: 1.398576e-02 | Load: 1.428315e-02 | Energy: -2.410248e-03 | ImpactC: 0.000000e+00 | FricC: 0.000000e+00 | FricS: 0.000000e+00 | Interface: 1.484886e-04 | ImpactInv: 0.000000e+00 | Time: 0.5290s
L-BFGS Step 18: Total Loss: 3.990883e-01 | PDE: 2.069898e-03 | BC_sides: 5.427177e-05 | Free_top: 6.561476e-03 | Free_bot: 1.397942e-02 | Load: 1.426131e-02 | Energy: -2.408977e-03 | ImpactC: 0.000000e+00 | FricC: 0.000000e+00 | FricS: 0.000000e+00 | Interface: 1.485170e-04 | ImpactInv: 0.000000e+00 | Time: 0.5311s
L-BFGS Step 19: Total Loss: 3.990270e-01 | PDE: 2.081873e-03 | BC_sides: 5.425947e-05 | Free_top: 6.561380e-03 | Free_bot: 1.396577e-02 | Load: 1.422688e-02 | Energy: -2.407059e-03 | ImpactC: 0.000000e+00 | FricC: 0.000000e+00 | FricS: 0.000000e+00 | Interface: 1.484564e-04 | ImpactInv: 0.000000e+00 | Time: 0.5306s
L-BFGS Step 20: Total Loss: 3.989341e-01 | PDE: 2.106366e-03 | BC_sides: 5.430317e-05 | Free_top: 6.561206e-03 | Free_bot: 1.397579e-02 | Load: 1.416491e-02 | Energy: -2.404112e-03 | ImpactC: 0.000000e+00 | FricC: 0.000000e+00 | FricS: 0.000000e+00 | Interface: 1.481720e-04 | ImpactInv: 0.000000e+00 | Time: 0.5313s
L-BFGS Step 21: Total Loss: 3.987745e-01 | PDE: 2.117093e-03 | BC_sides: 5.423294e-05 | Free_top: 6.555210e-03 | Free_bot: 1.397454e-02 | Load: 1.413806e-02 | Energy: -2.402174e-03 | ImpactC: 0.000000e+00 | FricC: 0.000000e+00 | FricS: 0.000000e+00 | Interface: 1.481453e-04 | ImpactInv: 0.000000e+00 | Time: 0.7996s
L-BFGS Step 22: Total Loss: 3.987204e-01 | PDE: 2.140766e-03 | BC_sides: 5.423373e-05 | Free_top: 6.551183e-03 | Free_bot: 1.399643e-02 | Load: 1.409411e-02 | Energy: -2.399893e-03 | ImpactC: 0.000000e+00 | FricC: 0.000000e+00 | FricS: 0.000000e+00 | Interface: 1.477544e-04 | ImpactInv: 0.000000e+00 | Time: 0.5379s
L-BFGS Step 23: Total Loss: 3.986210e-01 | PDE: 2.145534e-03 | BC_sides: 5.423154e-05 | Free_top: 6.550612e-03 | Free_bot: 1.402403e-02 | Load: 1.408271e-02 | Energy: -2.399440e-03 | ImpactC: 0.000000e+00 | FricC: 0.000000e+00 | FricS: 0.000000e+00 | Interface: 1.476157e-04 | ImpactInv: 0.000000e+00 | Time: 0.5327s
L-BFGS Step 24: Total Loss: 3.985816e-01 | PDE: 2.148679e-03 | BC_sides: 5.420984e-05 | Free_top: 6.548690e-03 | Free_bot: 1.404861e-02 | Load: 1.407540e-02 | Energy: -2.399121e-03 | ImpactC: 0.000000e+00 | FricC: 0.000000e+00 | FricS: 0.000000e+00 | Interface: 1.475142e-04 | ImpactInv: 0.000000e+00 | Time: 0.5330s
L-BFGS Step 25: Total Loss: 3.985461e-01 | PDE: 2.151411e-03 | BC_sides: 5.416737e-05 | Free_top: 6.547352e-03 | Free_bot: 1.407865e-02 | Load: 1.406072e-02 | Energy: -2.398409e-03 | ImpactC: 0.000000e+00 | FricC: 0.000000e+00 | FricS: 0.000000e+00 | Interface: 1.475451e-04 | ImpactInv: 0.000000e+00 | Time: 0.5334s
L-BFGS Step 26: Total Loss: 3.984978e-01 | PDE: 2.161920e-03 | BC_sides: 5.411241e-05 | Free_top: 6.539653e-03 | Free_bot: 1.410199e-02 | Load: 1.403604e-02 | Energy: -2.397130e-03 | ImpactC: 0.000000e+00 | FricC: 0.000000e+00 | FricS: 0.000000e+00 | Interface: 1.475026e-04 | ImpactInv: 0.000000e+00 | Time: 0.5338s
L-BFGS Step 27: Total Loss: 3.984347e-01 | PDE: 2.171390e-03 | BC_sides: 5.411290e-05 | Free_top: 6.534262e-03 | Free_bot: 1.409915e-02 | Load: 1.401318e-02 | Energy: -2.395960e-03 | ImpactC: 0.000000e+00 | FricC: 0.000000e+00 | FricS: 0.000000e+00 | Interface: 1.474986e-04 | ImpactInv: 0.000000e+00 | Time: 0.5344s
L-BFGS Step 28: Total Loss: 3.983751e-01 | PDE: 2.181179e-03 | BC_sides: 5.410123e-05 | Free_top: 6.527219e-03 | Free_bot: 1.407907e-02 | Load: 1.398725e-02 | Energy: -2.394610e-03 | ImpactC: 0.000000e+00 | FricC: 0.000000e+00 | FricS: 0.000000e+00 | Interface: 1.475634e-04 | ImpactInv: 0.000000e+00 | Time: 0.5364s
L-BFGS Step 29: Total Loss: 3.983095e-01 | PDE: 2.193996e-03 | BC_sides: 5.415116e-05 | Free_top: 6.514546e-03 | Free_bot: 1.404614e-02 | Load: 1.396019e-02 | Energy: -2.393675e-03 | ImpactC: 0.000000e+00 | FricC: 0.000000e+00 | FricS: 0.000000e+00 | Interface: 1.475410e-04 | ImpactInv: 0.000000e+00 | Time: 0.5363s
L-BFGS Step 30: Total Loss: 3.982278e-01 | PDE: 2.218485e-03 | BC_sides: 5.399877e-05 | Free_top: 6.513734e-03 | Free_bot: 1.404127e-02 | Load: 1.389638e-02 | Energy: -2.390955e-03 | ImpactC: 0.000000e+00 | FricC: 0.000000e+00 | FricS: 0.000000e+00 | Interface: 1.477459e-04 | ImpactInv: 0.000000e+00 | Time: 0.5338s
L-BFGS Step 31: Total Loss: 3.981654e-01 | PDE: 2.211419e-03 | BC_sides: 5.407427e-05 | Free_top: 6.506815e-03 | Free_bot: 1.402291e-02 | Load: 1.390568e-02 | Energy: -2.392073e-03 | ImpactC: 0.000000e+00 | FricC: 0.000000e+00 | FricS: 0.000000e+00 | Interface: 1.476873e-04 | ImpactInv: 0.000000e+00 | Time: 0.5461s
L-BFGS Step 32: Total Loss: 3.980939e-01 | PDE: 2.208910e-03 | BC_sides: 5.408236e-05 | Free_top: 6.507194e-03 | Free_bot: 1.402589e-02 | Load: 1.390569e-02 | Energy: -2.392783e-03 | ImpactC: 0.000000e+00 | FricC: 0.000000e+00 | FricS: 0.000000e+00 | Interface: 1.476575e-04 | ImpactInv: 0.000000e+00 | Time: 0.5344s
L-BFGS Step 33: Total Loss: 3.980483e-01 | PDE: 2.212979e-03 | BC_sides: 5.407192e-05 | Free_top: 6.507035e-03 | Free_bot: 1.402343e-02 | Load: 1.389161e-02 | Energy: -2.393177e-03 | ImpactC: 0.000000e+00 | FricC: 0.000000e+00 | FricS: 0.000000e+00 | Interface: 1.476548e-04 | ImpactInv: 0.000000e+00 | Time: 0.5367s
L-BFGS Step 34: Total Loss: 3.979866e-01 | PDE: 2.229398e-03 | BC_sides: 5.392489e-05 | Free_top: 6.516713e-03 | Free_bot: 1.406161e-02 | Load: 1.383627e-02 | Energy: -2.392493e-03 | ImpactC: 0.000000e+00 | FricC: 0.000000e+00 | FricS: 0.000000e+00 | Interface: 1.479772e-04 | ImpactInv: 0.000000e+00 | Time: 0.5352s
L-BFGS Step 35: Total Loss: 3.979666e-01 | PDE: 2.235034e-03 | BC_sides: 5.397113e-05 | Free_top: 6.509284e-03 | Free_bot: 1.403244e-02 | Load: 1.383030e-02 | Energy: -2.392520e-03 | ImpactC: 0.000000e+00 | FricC: 0.000000e+00 | FricS: 0.000000e+00 | Interface: 1.477770e-04 | ImpactInv: 0.000000e+00 | Time: 0.5356s
L-BFGS Step 36: Total Loss: 3.978493e-01 | PDE: 2.241808e-03 | BC_sides: 5.397943e-05 | Free_top: 6.505467e-03 | Free_bot: 1.402120e-02 | Load: 1.381892e-02 | Energy: -2.392055e-03 | ImpactC: 0.000000e+00 | FricC: 0.000000e+00 | FricS: 0.000000e+00 | Interface: 1.477093e-04 | ImpactInv: 0.000000e+00 | Time: 0.5351s
L-BFGS Step 37: Total Loss: 3.978056e-01 | PDE: 2.254350e-03 | BC_sides: 5.398503e-05 | Free_top: 6.500183e-03 | Free_bot: 1.401141e-02 | Load: 1.379753e-02 | Energy: -2.391353e-03 | ImpactC: 0.000000e+00 | FricC: 0.000000e+00 | FricS: 0.000000e+00 | Interface: 1.476369e-04 | ImpactInv: 0.000000e+00 | Time: 0.5395s
L-BFGS Step 38: Total Loss: 3.977503e-01 | PDE: 2.264593e-03 | BC_sides: 5.401298e-05 | Free_top: 6.494704e-03 | Free_bot: 1.400386e-02 | Load: 1.377861e-02 | Energy: -2.390985e-03 | ImpactC: 0.000000e+00 | FricC: 0.000000e+00 | FricS: 0.000000e+00 | Interface: 1.475597e-04 | ImpactInv: 0.000000e+00 | Time: 0.5396s
L-BFGS Step 39: Total Loss: 3.976803e-01 | PDE: 2.285319e-03 | BC_sides: 5.405939e-05 | Free_top: 6.493848e-03 | Free_bot: 1.397982e-02 | Load: 1.373340e-02 | Energy: -2.390312e-03 | ImpactC: 0.000000e+00 | FricC: 0.000000e+00 | FricS: 0.000000e+00 | Interface: 1.475863e-04 | ImpactInv: 0.000000e+00 | Time: 0.5390s
L-BFGS Step 40: Total Loss: 3.975633e-01 | PDE: 2.309865e-03 | BC_sides: 5.434502e-05 | Free_top: 6.480690e-03 | Free_bot: 1.393411e-02 | Load: 1.369313e-02 | Energy: -2.391433e-03 | ImpactC: 0.000000e+00 | FricC: 0.000000e+00 | FricS: 0.000000e+00 | Interface: 1.475362e-04 | ImpactInv: 0.000000e+00 | Time: 0.5396s
L-BFGS Step 41: Total Loss: 3.974902e-01 | PDE: 2.296949e-03 | BC_sides: 5.424498e-05 | Free_top: 6.488418e-03 | Free_bot: 1.394366e-02 | Load: 1.370078e-02 | Energy: -2.391416e-03 | ImpactC: 0.000000e+00 | FricC: 0.000000e+00 | FricS: 0.000000e+00 | Interface: 1.476256e-04 | ImpactInv: 0.000000e+00 | Time: 0.5388s
L-BFGS Step 42: Total Loss: 3.974146e-01 | PDE: 2.290368e-03 | BC_sides: 5.421494e-05 | Free_top: 6.493250e-03 | Free_bot: 1.394294e-02 | Load: 1.370064e-02 | Energy: -2.391774e-03 | ImpactC: 0.000000e+00 | FricC: 0.000000e+00 | FricS: 0.000000e+00 | Interface: 1.477411e-04 | ImpactInv: 0.000000e+00 | Time: 0.5404s
L-BFGS Step 43: Total Loss: 3.973664e-01 | PDE: 2.290959e-03 | BC_sides: 5.421297e-05 | Free_top: 6.494109e-03 | Free_bot: 1.393164e-02 | Load: 1.368765e-02 | Energy: -2.392251e-03 | ImpactC: 0.000000e+00 | FricC: 0.000000e+00 | FricS: 0.000000e+00 | Interface: 1.478777e-04 | ImpactInv: 0.000000e+00 | Time: 0.5416s
L-BFGS Step 44: Total Loss: 3.972991e-01 | PDE: 2.306318e-03 | BC_sides: 5.427945e-05 | Free_top: 6.490906e-03 | Free_bot: 1.390728e-02 | Load: 1.364508e-02 | Energy: -2.393211e-03 | ImpactC: 0.000000e+00 | FricC: 0.000000e+00 | FricS: 0.000000e+00 | Interface: 1.480143e-04 | ImpactInv: 0.000000e+00 | Time: 0.5389s
L-BFGS Step 45: Total Loss: 3.971586e-01 | PDE: 2.314389e-03 | BC_sides: 5.414599e-05 | Free_top: 6.472403e-03 | Free_bot: 1.385261e-02 | Load: 1.362480e-02 | Energy: -2.392719e-03 | ImpactC: 0.000000e+00 | FricC: 0.000000e+00 | FricS: 0.000000e+00 | Interface: 1.482283e-04 | ImpactInv: 0.000000e+00 | Time: 0.8089s
L-BFGS Step 46: Total Loss: 3.971033e-01 | PDE: 2.337149e-03 | BC_sides: 5.427840e-05 | Free_top: 6.467923e-03 | Free_bot: 1.384351e-02 | Load: 1.358527e-02 | Energy: -2.393353e-03 | ImpactC: 0.000000e+00 | FricC: 0.000000e+00 | FricS: 0.000000e+00 | Interface: 1.481431e-04 | ImpactInv: 0.000000e+00 | Time: 0.5458s
L-BFGS Step 47: Total Loss: 3.970158e-01 | PDE: 2.353165e-03 | BC_sides: 5.437278e-05 | Free_top: 6.458502e-03 | Free_bot: 1.383232e-02 | Load: 1.355880e-02 | Energy: -2.393728e-03 | ImpactC: 0.000000e+00 | FricC: 0.000000e+00 | FricS: 0.000000e+00 | Interface: 1.480742e-04 | ImpactInv: 0.000000e+00 | Time: 0.5404s
L-BFGS Step 48: Total Loss: 3.969460e-01 | PDE: 2.372232e-03 | BC_sides: 5.446030e-05 | Free_top: 6.447496e-03 | Free_bot: 1.383246e-02 | Load: 1.353135e-02 | Energy: -2.393998e-03 | ImpactC: 0.000000e+00 | FricC: 0.000000e+00 | FricS: 0.000000e+00 | Interface: 1.478275e-04 | ImpactInv: 0.000000e+00 | Time: 0.5419s
L-BFGS Step 49: Total Loss: 3.968557e-01 | PDE: 2.383963e-03 | BC_sides: 5.446544e-05 | Free_top: 6.425719e-03 | Free_bot: 1.382084e-02 | Load: 1.350575e-02 | Energy: -2.394374e-03 | ImpactC: 0.000000e+00 | FricC: 0.000000e+00 | FricS: 0.000000e+00 | Interface: 1.477757e-04 | ImpactInv: 0.000000e+00 | Time: 0.5427s
L-BFGS Step 50: Total Loss: 3.967355e-01 | PDE: 2.402782e-03 | BC_sides: 5.454035e-05 | Free_top: 6.413158e-03 | Free_bot: 1.385332e-02 | Load: 1.347514e-02 | Energy: -2.394812e-03 | ImpactC: 0.000000e+00 | FricC: 0.000000e+00 | FricS: 0.000000e+00 | Interface: 1.473965e-04 | ImpactInv: 0.000000e+00 | Time: 0.5412s
L-BFGS Step 51: Total Loss: 3.966221e-01 | PDE: 2.398893e-03 | BC_sides: 5.442565e-05 | Free_top: 6.406339e-03 | Free_bot: 1.385853e-02 | Load: 1.346985e-02 | Energy: -2.394635e-03 | ImpactC: 0.000000e+00 | FricC: 0.000000e+00 | FricS: 0.000000e+00 | Interface: 1.474651e-04 | ImpactInv: 0.000000e+00 | Time: 0.5437s
L-BFGS Step 52: Total Loss: 3.965261e-01 | PDE: 2.394637e-03 | BC_sides: 5.430088e-05 | Free_top: 6.401181e-03 | Free_bot: 1.387160e-02 | Load: 1.345820e-02 | Energy: -2.394360e-03 | ImpactC: 0.000000e+00 | FricC: 0.000000e+00 | FricS: 0.000000e+00 | Interface: 1.476668e-04 | ImpactInv: 0.000000e+00 | Time: 0.5468s
L-BFGS Step 53: Total Loss: 3.964173e-01 | PDE: 2.404497e-03 | BC_sides: 5.422128e-05 | Free_top: 6.397284e-03 | Free_bot: 1.388236e-02 | Load: 1.343289e-02 | Energy: -2.393652e-03 | ImpactC: 0.000000e+00 | FricC: 0.000000e+00 | FricS: 0.000000e+00 | Interface: 1.476966e-04 | ImpactInv: 0.000000e+00 | Time: 0.5429s
L-BFGS Step 54: Total Loss: 3.963295e-01 | PDE: 2.417129e-03 | BC_sides: 5.425369e-05 | Free_top: 6.375320e-03 | Free_bot: 1.389734e-02 | Load: 1.337797e-02 | Energy: -2.393190e-03 | ImpactC: 0.000000e+00 | FricC: 0.000000e+00 | FricS: 0.000000e+00 | Interface: 1.481543e-04 | ImpactInv: 0.000000e+00 | Time: 0.5594s
L-BFGS Step 55: Total Loss: 3.961954e-01 | PDE: 2.444908e-03 | BC_sides: 5.420700e-05 | Free_top: 6.372746e-03 | Free_bot: 1.390713e-02 | Load: 1.333394e-02 | Energy: -2.391526e-03 | ImpactC: 0.000000e+00 | FricC: 0.000000e+00 | FricS: 0.000000e+00 | Interface: 1.478717e-04 | ImpactInv: 0.000000e+00 | Time: 0.5454s
L-BFGS Step 56: Total Loss: 3.960775e-01 | PDE: 2.462384e-03 | BC_sides: 5.423825e-05 | Free_top: 6.369206e-03 | Free_bot: 1.391203e-02 | Load: 1.330625e-02 | Energy: -2.390547e-03 | ImpactC: 0.000000e+00 | FricC: 0.000000e+00 | FricS: 0.000000e+00 | Interface: 1.476667e-04 | ImpactInv: 0.000000e+00 | Time: 0.5448s
L-BFGS Step 57: Total Loss: 3.959997e-01 | PDE: 2.470885e-03 | BC_sides: 5.428406e-05 | Free_top: 6.364907e-03 | Free_bot: 1.391965e-02 | Load: 1.328770e-02 | Energy: -2.389891e-03 | ImpactC: 0.000000e+00 | FricC: 0.000000e+00 | FricS: 0.000000e+00 | Interface: 1.475839e-04 | ImpactInv: 0.000000e+00 | Time: 0.5439s
L-BFGS Step 58: Total Loss: 3.959306e-01 | PDE: 2.478267e-03 | BC_sides: 5.432217e-05 | Free_top: 6.359298e-03 | Free_bot: 1.394667e-02 | Load: 1.325866e-02 | Energy: -2.389022e-03 | ImpactC: 0.000000e+00 | FricC: 0.000000e+00 | FricS: 0.000000e+00 | Interface: 1.476145e-04 | ImpactInv: 0.000000e+00 | Time: 0.5449s
L-BFGS Step 59: Total Loss: 3.958133e-01 | PDE: 2.496343e-03 | BC_sides: 5.459195e-05 | Free_top: 6.352360e-03 | Free_bot: 1.400746e-02 | Load: 1.320108e-02 | Energy: -2.388017e-03 | ImpactC: 0.000000e+00 | FricC: 0.000000e+00 | FricS: 0.000000e+00 | Interface: 1.477091e-04 | ImpactInv: 0.000000e+00 | Time: 0.5463s
L-BFGS Step 60: Total Loss: 3.956773e-01 | PDE: 2.502830e-03 | BC_sides: 5.463128e-05 | Free_top: 6.346265e-03 | Free_bot: 1.406543e-02 | Load: 1.316745e-02 | Energy: -2.387979e-03 | ImpactC: 0.000000e+00 | FricC: 0.000000e+00 | FricS: 0.000000e+00 | Interface: 1.479248e-04 | ImpactInv: 0.000000e+00 | Time: 0.5473s
L-BFGS Step 61: Total Loss: 3.955044e-01 | PDE: 2.499568e-03 | BC_sides: 5.465054e-05 | Free_top: 6.344490e-03 | Free_bot: 1.408208e-02 | Load: 1.316461e-02 | Energy: -2.388366e-03 | ImpactC: 0.000000e+00 | FricC: 0.000000e+00 | FricS: 0.000000e+00 | Interface: 1.479389e-04 | ImpactInv: 0.000000e+00 | Time: 0.5463s
L-BFGS Step 62: Total Loss: 3.954083e-01 | PDE: 2.508676e-03 | BC_sides: 5.474137e-05 | Free_top: 6.340818e-03 | Free_bot: 1.409948e-02 | Load: 1.315168e-02 | Energy: -2.388787e-03 | ImpactC: 0.000000e+00 | FricC: 0.000000e+00 | FricS: 0.000000e+00 | Interface: 1.477737e-04 | ImpactInv: 0.000000e+00 | Time: 0.5585s
L-BFGS Step 63: Total Loss: 3.952740e-01 | PDE: 2.513908e-03 | BC_sides: 5.481113e-05 | Free_top: 6.332104e-03 | Free_bot: 1.410054e-02 | Load: 1.314066e-02 | Energy: -2.388403e-03 | ImpactC: 0.000000e+00 | FricC: 0.000000e+00 | FricS: 0.000000e+00 | Interface: 1.477902e-04 | ImpactInv: 0.000000e+00 | Time: 0.8129s
L-BFGS Step 64: Total Loss: 3.951974e-01 | PDE: 2.529775e-03 | BC_sides: 5.482444e-05 | Free_top: 6.328930e-03 | Free_bot: 1.409745e-02 | Load: 1.312454e-02 | Energy: -2.387596e-03 | ImpactC: 0.000000e+00 | FricC: 0.000000e+00 | FricS: 0.000000e+00 | Interface: 1.475392e-04 | ImpactInv: 0.000000e+00 | Time: 0.5467s
L-BFGS Step 65: Total Loss: 3.950976e-01 | PDE: 2.559274e-03 | BC_sides: 5.487025e-05 | Free_top: 6.324393e-03 | Free_bot: 1.407606e-02 | Load: 1.308984e-02 | Energy: -2.385457e-03 | ImpactC: 0.000000e+00 | FricC: 0.000000e+00 | FricS: 0.000000e+00 | Interface: 1.472531e-04 | ImpactInv: 0.000000e+00 | Time: 0.5479s
L-BFGS Step 66: Total Loss: 3.949425e-01 | PDE: 2.573152e-03 | BC_sides: 5.479743e-05 | Free_top: 6.330068e-03 | Free_bot: 1.407009e-02 | Load: 1.306433e-02 | Energy: -2.383252e-03 | ImpactC: 0.000000e+00 | FricC: 0.000000e+00 | FricS: 0.000000e+00 | Interface: 1.472292e-04 | ImpactInv: 0.000000e+00 | Time: 0.5493s
L-BFGS Step 67: Total Loss: 3.948461e-01 | PDE: 2.583173e-03 | BC_sides: 5.480936e-05 | Free_top: 6.342418e-03 | Free_bot: 1.405775e-02 | Load: 1.301785e-02 | Energy: -2.380091e-03 | ImpactC: 0.000000e+00 | FricC: 0.000000e+00 | FricS: 0.000000e+00 | Interface: 1.477196e-04 | ImpactInv: 0.000000e+00 | Time: 0.5507s
L-BFGS Step 68: Total Loss: 3.947052e-01 | PDE: 2.591954e-03 | BC_sides: 5.470715e-05 | Free_top: 6.369485e-03 | Free_bot: 1.407605e-02 | Load: 1.297840e-02 | Energy: -2.377361e-03 | ImpactC: 0.000000e+00 | FricC: 0.000000e+00 | FricS: 0.000000e+00 | Interface: 1.479781e-04 | ImpactInv: 0.000000e+00 | Time: 0.5488s
L-BFGS Step 69: Total Loss: 3.946137e-01 | PDE: 2.584537e-03 | BC_sides: 5.471606e-05 | Free_top: 6.374377e-03 | Free_bot: 1.409372e-02 | Load: 1.297000e-02 | Energy: -2.377260e-03 | ImpactC: 0.000000e+00 | FricC: 0.000000e+00 | FricS: 0.000000e+00 | Interface: 1.481931e-04 | ImpactInv: 0.000000e+00 | Time: 0.5544s
L-BFGS Step 70: Total Loss: 3.945302e-01 | PDE: 2.579618e-03 | BC_sides: 5.485503e-05 | Free_top: 6.383684e-03 | Free_bot: 1.412857e-02 | Load: 1.294575e-02 | Energy: -2.377649e-03 | ImpactC: 0.000000e+00 | FricC: 0.000000e+00 | FricS: 0.000000e+00 | Interface: 1.485571e-04 | ImpactInv: 0.000000e+00 | Time: 0.5492s
L-BFGS Step 71: Total Loss: 3.943988e-01 | PDE: 2.587608e-03 | BC_sides: 5.493511e-05 | Free_top: 6.385609e-03 | Free_bot: 1.415901e-02 | Load: 1.292676e-02 | Energy: -2.377552e-03 | ImpactC: 0.000000e+00 | FricC: 0.000000e+00 | FricS: 0.000000e+00 | Interface: 1.485556e-04 | ImpactInv: 0.000000e+00 | Time: 0.5575s
L-BFGS Step 72: Total Loss: 3.943050e-01 | PDE: 2.618154e-03 | BC_sides: 5.508901e-05 | Free_top: 6.371666e-03 | Free_bot: 1.418607e-02 | Load: 1.288648e-02 | Energy: -2.376898e-03 | ImpactC: 0.000000e+00 | FricC: 0.000000e+00 | FricS: 0.000000e+00 | Interface: 1.483210e-04 | ImpactInv: 0.000000e+00 | Time: 0.5605s
L-BFGS Step 73: Total Loss: 3.941441e-01 | PDE: 2.644311e-03 | BC_sides: 5.526676e-05 | Free_top: 6.374298e-03 | Free_bot: 1.423264e-02 | Load: 1.285646e-02 | Energy: -2.376570e-03 | ImpactC: 0.000000e+00 | FricC: 0.000000e+00 | FricS: 0.000000e+00 | Interface: 1.479857e-04 | ImpactInv: 0.000000e+00 | Time: 0.5508s
L-BFGS Step 74: Total Loss: 3.940102e-01 | PDE: 2.647855e-03 | BC_sides: 5.517253e-05 | Free_top: 6.353538e-03 | Free_bot: 1.422391e-02 | Load: 1.286873e-02 | Energy: -2.376374e-03 | ImpactC: 0.000000e+00 | FricC: 0.000000e+00 | FricS: 0.000000e+00 | Interface: 1.476434e-04 | ImpactInv: 0.000000e+00 | Time: 0.5523s
L-BFGS Step 75: Total Loss: 3.938916e-01 | PDE: 2.661112e-03 | BC_sides: 5.500243e-05 | Free_top: 6.323557e-03 | Free_bot: 1.419925e-02 | Load: 1.287509e-02 | Energy: -2.375366e-03 | ImpactC: 0.000000e+00 | FricC: 0.000000e+00 | FricS: 0.000000e+00 | Interface: 1.471515e-04 | ImpactInv: 0.000000e+00 | Time: 0.5563s
L-BFGS Step 76: Total Loss: 3.937268e-01 | PDE: 2.658118e-03 | BC_sides: 5.503723e-05 | Free_top: 6.300354e-03 | Free_bot: 1.420830e-02 | Load: 1.288778e-02 | Energy: -2.376597e-03 | ImpactC: 0.000000e+00 | FricC: 0.000000e+00 | FricS: 0.000000e+00 | Interface: 1.470914e-04 | ImpactInv: 0.000000e+00 | Time: 0.5536s
L-BFGS Step 77: Total Loss: 3.935995e-01 | PDE: 2.692759e-03 | BC_sides: 5.488238e-05 | Free_top: 6.280604e-03 | Free_bot: 1.421584e-02 | Load: 1.282803e-02 | Energy: -2.374060e-03 | ImpactC: 0.000000e+00 | FricC: 0.000000e+00 | FricS: 0.000000e+00 | Interface: 1.469666e-04 | ImpactInv: 0.000000e+00 | Time: 0.5544s
L-BFGS Step 78: Total Loss: 3.934147e-01 | PDE: 2.687189e-03 | BC_sides: 5.506431e-05 | Free_top: 6.273061e-03 | Free_bot: 1.422650e-02 | Load: 1.281335e-02 | Energy: -2.375731e-03 | ImpactC: 0.000000e+00 | FricC: 0.000000e+00 | FricS: 0.000000e+00 | Interface: 1.472664e-04 | ImpactInv: 0.000000e+00 | Time: 0.5526s
L-BFGS Step 79: Total Loss: 3.932698e-01 | PDE: 2.694998e-03 | BC_sides: 5.519698e-05 | Free_top: 6.270122e-03 | Free_bot: 1.423476e-02 | Load: 1.277297e-02 | Energy: -2.376228e-03 | ImpactC: 0.000000e+00 | FricC: 0.000000e+00 | FricS: 0.000000e+00 | Interface: 1.475213e-04 | ImpactInv: 0.000000e+00 | Time: 0.5538s
L-BFGS Step 80: Total Loss: 3.931196e-01 | PDE: 2.710189e-03 | BC_sides: 5.526156e-05 | Free_top: 6.261563e-03 | Free_bot: 1.424026e-02 | Load: 1.272862e-02 | Energy: -2.376077e-03 | ImpactC: 0.000000e+00 | FricC: 0.000000e+00 | FricS: 0.000000e+00 | Interface: 1.476503e-04 | ImpactInv: 0.000000e+00 | Time: 0.5551s
L-BFGS Step 81: Total Loss: 3.929408e-01 | PDE: 2.744102e-03 | BC_sides: 5.535860e-05 | Free_top: 6.243205e-03 | Free_bot: 1.424538e-02 | Load: 1.267183e-02 | Energy: -2.374959e-03 | ImpactC: 0.000000e+00 | FricC: 0.000000e+00 | FricS: 0.000000e+00 | Interface: 1.474804e-04 | ImpactInv: 0.000000e+00 | Time: 0.5545s
L-BFGS Step 82: Total Loss: 3.927315e-01 | PDE: 2.753837e-03 | BC_sides: 5.528000e-05 | Free_top: 6.234672e-03 | Free_bot: 1.426473e-02 | Load: 1.265195e-02 | Energy: -2.373607e-03 | ImpactC: 0.000000e+00 | FricC: 0.000000e+00 | FricS: 0.000000e+00 | Interface: 1.474103e-04 | ImpactInv: 0.000000e+00 | Time: 0.5544s
L-BFGS Step 83: Total Loss: 3.926019e-01 | PDE: 2.757694e-03 | BC_sides: 5.521705e-05 | Free_top: 6.230920e-03 | Free_bot: 1.428317e-02 | Load: 1.265276e-02 | Energy: -2.372348e-03 | ImpactC: 0.000000e+00 | FricC: 0.000000e+00 | FricS: 0.000000e+00 | Interface: 1.471993e-04 | ImpactInv: 0.000000e+00 | Time: 0.5521s
L-BFGS Step 84: Total Loss: 3.925130e-01 | PDE: 2.767296e-03 | BC_sides: 5.515382e-05 | Free_top: 6.227401e-03 | Free_bot: 1.432173e-02 | Load: 1.264437e-02 | Energy: -2.369710e-03 | ImpactC: 0.000000e+00 | FricC: 0.000000e+00 | FricS: 0.000000e+00 | Interface: 1.469048e-04 | ImpactInv: 0.000000e+00 | Time: 0.5532s
L-BFGS Step 85: Total Loss: 3.923316e-01 | PDE: 2.795361e-03 | BC_sides: 5.512606e-05 | Free_top: 6.219699e-03 | Free_bot: 1.440396e-02 | Load: 1.261045e-02 | Energy: -2.364578e-03 | ImpactC: 0.000000e+00 | FricC: 0.000000e+00 | FricS: 0.000000e+00 | Interface: 1.464356e-04 | ImpactInv: 0.000000e+00 | Time: 0.5741s
L-BFGS Step 86: Total Loss: 3.921016e-01 | PDE: 2.808630e-03 | BC_sides: 5.506852e-05 | Free_top: 6.216020e-03 | Free_bot: 1.443943e-02 | Load: 1.257589e-02 | Energy: -2.361020e-03 | ImpactC: 0.000000e+00 | FricC: 0.000000e+00 | FricS: 0.000000e+00 | Interface: 1.463588e-04 | ImpactInv: 0.000000e+00 | Time: 0.5544s
L-BFGS Step 87: Total Loss: 3.918855e-01 | PDE: 2.813786e-03 | BC_sides: 5.511159e-05 | Free_top: 6.215698e-03 | Free_bot: 1.443509e-02 | Load: 1.255486e-02 | Energy: -2.360158e-03 | ImpactC: 0.000000e+00 | FricC: 0.000000e+00 | FricS: 0.000000e+00 | Interface: 1.464285e-04 | ImpactInv: 0.000000e+00 | Time: 0.5576s
L-BFGS Step 88: Total Loss: 3.917575e-01 | PDE: 2.827453e-03 | BC_sides: 5.518810e-05 | Free_top: 6.218093e-03 | Free_bot: 1.442397e-02 | Load: 1.251800e-02 | Energy: -2.358705e-03 | ImpactC: 0.000000e+00 | FricC: 0.000000e+00 | FricS: 0.000000e+00 | Interface: 1.465624e-04 | ImpactInv: 0.000000e+00 | Time: 0.5551s
L-BFGS Step 89: Total Loss: 3.915963e-01 | PDE: 2.849430e-03 | BC_sides: 5.522964e-05 | Free_top: 6.210884e-03 | Free_bot: 1.442158e-02 | Load: 1.248771e-02 | Energy: -2.356734e-03 | ImpactC: 0.000000e+00 | FricC: 0.000000e+00 | FricS: 0.000000e+00 | Interface: 1.465798e-04 | ImpactInv: 0.000000e+00 | Time: 0.5546s
L-BFGS Step 90: Total Loss: 3.914928e-01 | PDE: 2.852220e-03 | BC_sides: 5.528808e-05 | Free_top: 6.216396e-03 | Free_bot: 1.441633e-02 | Load: 1.246666e-02 | Energy: -2.355902e-03 | ImpactC: 0.000000e+00 | FricC: 0.000000e+00 | FricS: 0.000000e+00 | Interface: 1.466016e-04 | ImpactInv: 0.000000e+00 | Time: 0.5584s
L-BFGS Step 91: Total Loss: 3.913444e-01 | PDE: 2.860841e-03 | BC_sides: 5.534328e-05 | Free_top: 6.222624e-03 | Free_bot: 1.442517e-02 | Load: 1.244072e-02 | Energy: -2.354133e-03 | ImpactC: 0.000000e+00 | FricC: 0.000000e+00 | FricS: 0.000000e+00 | Interface: 1.466040e-04 | ImpactInv: 0.000000e+00 | Time: 0.5572s
L-BFGS Step 92: Total Loss: 3.911802e-01 | PDE: 2.869982e-03 | BC_sides: 5.540429e-05 | Free_top: 6.226242e-03 | Free_bot: 1.444347e-02 | Load: 1.241771e-02 | Energy: -2.352525e-03 | ImpactC: 0.000000e+00 | FricC: 0.000000e+00 | FricS: 0.000000e+00 | Interface: 1.466531e-04 | ImpactInv: 0.000000e+00 | Time: 0.5661s
L-BFGS Step 93: Total Loss: 3.910567e-01 | PDE: 2.890050e-03 | BC_sides: 5.552077e-05 | Free_top: 6.233165e-03 | Free_bot: 1.448621e-02 | Load: 1.236365e-02 | Energy: -2.349615e-03 | ImpactC: 0.000000e+00 | FricC: 0.000000e+00 | FricS: 0.000000e+00 | Interface: 1.468301e-04 | ImpactInv: 0.000000e+00 | Time: 0.5582s
L-BFGS Step 94: Total Loss: 3.907973e-01 | PDE: 2.938310e-03 | BC_sides: 5.578694e-05 | Free_top: 6.217683e-03 | Free_bot: 1.451495e-02 | Load: 1.229048e-02 | Energy: -2.345543e-03 | ImpactC: 0.000000e+00 | FricC: 0.000000e+00 | FricS: 0.000000e+00 | Interface: 1.471697e-04 | ImpactInv: 0.000000e+00 | Time: 0.5566s
L-BFGS Step 95: Total Loss: 3.907391e-01 | PDE: 2.922145e-03 | BC_sides: 5.570846e-05 | Free_top: 6.225809e-03 | Free_bot: 1.453697e-02 | Load: 1.228679e-02 | Energy: -2.346170e-03 | ImpactC: 0.000000e+00 | FricC: 0.000000e+00 | FricS: 0.000000e+00 | Interface: 1.471647e-04 | ImpactInv: 0.000000e+00 | Time: 0.5581s
L-BFGS Step 96: Total Loss: 3.904552e-01 | PDE: 2.916700e-03 | BC_sides: 5.568254e-05 | Free_top: 6.224019e-03 | Free_bot: 1.454087e-02 | Load: 1.228663e-02 | Energy: -2.346664e-03 | ImpactC: 0.000000e+00 | FricC: 0.000000e+00 | FricS: 0.000000e+00 | Interface: 1.471699e-04 | ImpactInv: 0.000000e+00 | Time: 0.5591s
L-BFGS Step 97: Total Loss: 3.903638e-01 | PDE: 2.920409e-03 | BC_sides: 5.568254e-05 | Free_top: 6.216862e-03 | Free_bot: 1.454970e-02 | Load: 1.227066e-02 | Energy: -2.346882e-03 | ImpactC: 0.000000e+00 | FricC: 0.000000e+00 | FricS: 0.000000e+00 | Interface: 1.472414e-04 | ImpactInv: 0.000000e+00 | Time: 0.5588s
L-BFGS Step 98: Total Loss: 3.902152e-01 | PDE: 2.933898e-03 | BC_sides: 5.576736e-05 | Free_top: 6.210498e-03 | Free_bot: 1.456989e-02 | Load: 1.224030e-02 | Energy: -2.346260e-03 | ImpactC: 0.000000e+00 | FricC: 0.000000e+00 | FricS: 0.000000e+00 | Interface: 1.472971e-04 | ImpactInv: 0.000000e+00 | Time: 0.5711s
L-BFGS Step 99: Total Loss: 3.899921e-01 | PDE: 2.983810e-03 | BC_sides: 5.594947e-05 | Free_top: 6.184441e-03 | Free_bot: 1.461062e-02 | Load: 1.216609e-02 | Energy: -2.347311e-03 | ImpactC: 0.000000e+00 | FricC: 0.000000e+00 | FricS: 0.000000e+00 | Interface: 1.473493e-04 | ImpactInv: 0.000000e+00 | Time: 0.5591s
Model saved to /Users/hanbosong/GitHub/Basic-PiNN-Model-For-Three-Layered-Collision/three-layer-workflow/pinn_model.pth
