Using device: mps
Using p0 = 1.0
MultiLayerPINN(
  (layer): LayerNet(
    (net): Sequential(
      (0): Linear(in_features=21, out_features=64, bias=True)
      (1): Tanh()
      (2): Linear(in_features=64, out_features=64, bias=True)
      (3): Tanh()
      (4): Linear(in_features=64, out_features=64, bias=True)
      (5): Tanh()
      (6): Linear(in_features=64, out_features=64, bias=True)
      (7): Tanh()
      (8): Linear(in_features=64, out_features=3, bias=True)
    )
  )
)
Loading FEM solution for comparison...
FEM data loaded: (31, 31, 11)
Loading hybrid supervision data (N=36000, E=[1.0, 10.0])...
  Loaded cached FEM supervision: /Users/hanbosong/GitHub/Basic-PiNN-Model-For-Three-Layered-Collision/three-layer-workflow/supervision_cache/fem_supervision_34741efd821c827a.pt (36000 points)
Attached 36000 supervision points to training data.
Starting SOAP Pretraining...
Epoch 0: Total Loss: 23899.169922 | PDE: 758.827637 | BC_sides: 0.000215 | Free_top: 12.217858 | Free_bot: 4.681828 | Load: 10.491090 | Energy: 0.126069 | ImpactC: 0.000000 | FricC: 0.000000 | FricS: 0.000000 | Interface: 2.417763 | ImpactInv: 0.000000 | LR: 1.00e-03 | FEM MAE: 0.396708 | Time: 0.8858s
Epoch 100: Total Loss: 241.803802 | PDE: 0.410771 | BC_sides: 0.000483 | Free_top: 0.049387 | Free_bot: 0.012439 | Load: 0.138370 | Energy: -0.001522 | ImpactC: 0.000000 | FricC: 0.000000 | FricS: 0.000000 | Interface: 0.003761 | ImpactInv: 0.000000 | LR: 1.00e-03 | FEM MAE: 0.266178 | Time: 25.9369s
Epoch 200: Total Loss: 208.040100 | PDE: 0.057801 | BC_sides: 0.001525 | Free_top: 0.043700 | Free_bot: 0.053014 | Load: 0.149832 | Energy: -0.002743 | ImpactC: 0.000000 | FricC: 0.000000 | FricS: 0.000000 | Interface: 0.000745 | ImpactInv: 0.000000 | LR: 3.00e-04 | FEM MAE: 0.277789 | Time: 26.0983s
Epoch 300: Total Loss: 200.102600 | PDE: 0.042138 | BC_sides: 0.001661 | Free_top: 0.038570 | Free_bot: 0.045476 | Load: 0.126840 | Energy: -0.002996 | ImpactC: 0.000000 | FricC: 0.000000 | FricS: 0.000000 | Interface: 0.000595 | ImpactInv: 0.000000 | LR: 3.00e-04 | FEM MAE: 0.282021 | Time: 25.8916s
Epoch 400: Total Loss: 196.616440 | PDE: 0.038695 | BC_sides: 0.001661 | Free_top: 0.033559 | Free_bot: 0.034027 | Load: 0.120270 | Energy: -0.003188 | ImpactC: 0.000000 | FricC: 0.000000 | FricS: 0.000000 | Interface: 0.000622 | ImpactInv: 0.000000 | LR: 9.00e-05 | FEM MAE: 0.281754 | Time: 26.1495s
Epoch 500: Total Loss: 194.793289 | PDE: 0.034790 | BC_sides: 0.001656 | Free_top: 0.028894 | Free_bot: 0.025214 | Load: 0.117467 | Energy: -0.003366 | ImpactC: 0.000000 | FricC: 0.000000 | FricS: 0.000000 | Interface: 0.000608 | ImpactInv: 0.000000 | LR: 2.70e-05 | FEM MAE: 0.280878 | Time: 26.1715s
Epoch 600: Total Loss: 194.231186 | PDE: 0.033772 | BC_sides: 0.001655 | Free_top: 0.027620 | Free_bot: 0.022416 | Load: 0.117007 | Energy: -0.003436 | ImpactC: 0.000000 | FricC: 0.000000 | FricS: 0.000000 | Interface: 0.000605 | ImpactInv: 0.000000 | LR: 2.70e-05 | FEM MAE: 0.280608 | Time: 25.8662s
Epoch 700: Total Loss: 193.929611 | PDE: 0.033303 | BC_sides: 0.001652 | Free_top: 0.027860 | Free_bot: 0.020835 | Load: 0.116567 | Energy: -0.003457 | ImpactC: 0.000000 | FricC: 0.000000 | FricS: 0.000000 | Interface: 0.000614 | ImpactInv: 0.000000 | LR: 8.10e-06 | FEM MAE: 0.280465 | Time: 26.2058s
SOAP Pretraining Complete. Total Time: 208.81s
Starting L-BFGS Fine-Tuning...
Running 100 L-BFGS outer steps.
Using fixed collocation set during L-BFGS for stability.
L-BFGS Step 0: Total Loss: 1.931232e+02 | PDE: 3.320912e-02 | BC_sides: 1.651513e-03 | Free_top: 2.788842e-02 | Free_bot: 2.032129e-02 | Load: 1.163541e-01 | Energy: -3.465368e-03 | ImpactC: 0.000000e+00 | FricC: 0.000000e+00 | FricS: 0.000000e+00 | Interface: 6.176607e-04 | ImpactInv: 0.000000e+00 | FEM MAE: 2.804539e-01 | Time: 0.7944s
L-BFGS Step 1: Total Loss: 1.931220e+02 | PDE: 3.327486e-02 | BC_sides: 1.652069e-03 | Free_top: 2.781281e-02 | Free_bot: 2.025828e-02 | Load: 1.163637e-01 | Energy: -3.466289e-03 | ImpactC: 0.000000e+00 | FricC: 0.000000e+00 | FricS: 0.000000e+00 | Interface: 6.164915e-04 | ImpactInv: 0.000000e+00 | FEM MAE: 2.804730e-01 | Time: 0.7721s
L-BFGS Step 2: Total Loss: 1.931205e+02 | PDE: 3.350279e-02 | BC_sides: 1.653306e-03 | Free_top: 2.773749e-02 | Free_bot: 2.018763e-02 | Load: 1.163643e-01 | Energy: -3.467817e-03 | ImpactC: 0.000000e+00 | FricC: 0.000000e+00 | FricS: 0.000000e+00 | Interface: 6.135557e-04 | ImpactInv: 0.000000e+00 | FEM MAE: 2.805158e-01 | Time: 0.5068s
L-BFGS Step 3: Total Loss: 1.931172e+02 | PDE: 3.432708e-02 | BC_sides: 1.656888e-03 | Free_top: 2.766875e-02 | Free_bot: 2.009573e-02 | Load: 1.163321e-01 | Energy: -3.471407e-03 | ImpactC: 0.000000e+00 | FricC: 0.000000e+00 | FricS: 0.000000e+00 | Interface: 6.049934e-04 | ImpactInv: 0.000000e+00 | FEM MAE: 2.806397e-01 | Time: 0.5241s
L-BFGS Step 4: Total Loss: 1.931088e+02 | PDE: 3.566891e-02 | BC_sides: 1.662062e-03 | Free_top: 2.778683e-02 | Free_bot: 2.012995e-02 | Load: 1.162355e-01 | Energy: -3.475494e-03 | ImpactC: 0.000000e+00 | FricC: 0.000000e+00 | FricS: 0.000000e+00 | Interface: 5.932945e-04 | ImpactInv: 0.000000e+00 | FEM MAE: 2.808194e-01 | Time: 0.5117s
L-BFGS Step 5: Total Loss: 1.930976e+02 | PDE: 3.744811e-02 | BC_sides: 1.670617e-03 | Free_top: 2.871986e-02 | Free_bot: 2.079214e-02 | Load: 1.159252e-01 | Energy: -3.480476e-03 | ImpactC: 0.000000e+00 | FricC: 0.000000e+00 | FricS: 0.000000e+00 | Interface: 5.812804e-04 | ImpactInv: 0.000000e+00 | FEM MAE: 2.811270e-01 | Time: 0.5148s
L-BFGS Step 6: Total Loss: 1.930740e+02 | PDE: 4.084063e-02 | BC_sides: 1.685376e-03 | Free_top: 2.944496e-02 | Free_bot: 2.109022e-02 | Load: 1.155606e-01 | Energy: -3.489315e-03 | ImpactC: 0.000000e+00 | FricC: 0.000000e+00 | FricS: 0.000000e+00 | Interface: 5.683179e-04 | ImpactInv: 0.000000e+00 | FEM MAE: 2.816544e-01 | Time: 0.5088s
L-BFGS Step 7: Total Loss: 1.930363e+02 | PDE: 4.392326e-02 | BC_sides: 1.698071e-03 | Free_top: 2.993804e-02 | Free_bot: 2.120212e-02 | Load: 1.152621e-01 | Energy: -3.496647e-03 | ImpactC: 0.000000e+00 | FricC: 0.000000e+00 | FricS: 0.000000e+00 | Interface: 5.663373e-04 | ImpactInv: 0.000000e+00 | FEM MAE: 2.821109e-01 | Time: 0.5121s
L-BFGS Step 8: Total Loss: 1.930068e+02 | PDE: 4.627226e-02 | BC_sides: 1.708543e-03 | Free_top: 3.000869e-02 | Free_bot: 2.101366e-02 | Load: 1.150578e-01 | Energy: -3.503407e-03 | ImpactC: 0.000000e+00 | FricC: 0.000000e+00 | FricS: 0.000000e+00 | Interface: 5.705447e-04 | ImpactInv: 0.000000e+00 | FEM MAE: 2.824875e-01 | Time: 0.5130s
L-BFGS Step 9: Total Loss: 1.929808e+02 | PDE: 5.015269e-02 | BC_sides: 1.729280e-03 | Free_top: 3.093507e-02 | Free_bot: 2.145040e-02 | Load: 1.145592e-01 | Energy: -3.517060e-03 | ImpactC: 0.000000e+00 | FricC: 0.000000e+00 | FricS: 0.000000e+00 | Interface: 5.745009e-04 | ImpactInv: 0.000000e+00 | FEM MAE: 2.832290e-01 | Time: 0.5294s
L-BFGS Step 10: Total Loss: 1.929196e+02 | PDE: 5.966575e-02 | BC_sides: 1.762368e-03 | Free_top: 2.966568e-02 | Free_bot: 1.936086e-02 | Load: 1.140236e-01 | Energy: -3.544811e-03 | ImpactC: 0.000000e+00 | FricC: 0.000000e+00 | FricS: 0.000000e+00 | Interface: 6.023416e-04 | ImpactInv: 0.000000e+00 | FEM MAE: 2.844204e-01 | Time: 0.5118s
L-BFGS Step 11: Total Loss: 1.928145e+02 | PDE: 6.508648e-02 | BC_sides: 1.779261e-03 | Free_top: 3.172291e-02 | Free_bot: 2.033069e-02 | Load: 1.130809e-01 | Energy: -3.557824e-03 | ImpactC: 0.000000e+00 | FricC: 0.000000e+00 | FricS: 0.000000e+00 | Interface: 6.200868e-04 | ImpactInv: 0.000000e+00 | FEM MAE: 2.850827e-01 | Time: 0.5106s
L-BFGS Step 12: Total Loss: 1.927118e+02 | PDE: 7.048544e-02 | BC_sides: 1.783877e-03 | Free_top: 3.307779e-02 | Free_bot: 2.059721e-02 | Load: 1.124010e-01 | Energy: -3.565995e-03 | ImpactC: 0.000000e+00 | FricC: 0.000000e+00 | FricS: 0.000000e+00 | Interface: 6.498205e-04 | ImpactInv: 0.000000e+00 | FEM MAE: 2.853277e-01 | Time: 0.5121s
L-BFGS Step 13: Total Loss: 1.926183e+02 | PDE: 7.722101e-02 | BC_sides: 1.783589e-03 | Free_top: 3.583043e-02 | Free_bot: 2.156171e-02 | Load: 1.116251e-01 | Energy: -3.575042e-03 | ImpactC: 0.000000e+00 | FricC: 0.000000e+00 | FricS: 0.000000e+00 | Interface: 6.876411e-04 | ImpactInv: 0.000000e+00 | FEM MAE: 2.854300e-01 | Time: 0.5161s
L-BFGS Step 14: Total Loss: 1.925061e+02 | PDE: 9.192917e-02 | BC_sides: 1.774217e-03 | Free_top: 3.985612e-02 | Free_bot: 2.258428e-02 | Load: 1.106226e-01 | Energy: -3.579019e-03 | ImpactC: 0.000000e+00 | FricC: 0.000000e+00 | FricS: 0.000000e+00 | Interface: 7.330330e-04 | ImpactInv: 0.000000e+00 | FEM MAE: 2.853532e-01 | Time: 0.5126s
L-BFGS Step 15: Total Loss: 1.923391e+02 | PDE: 1.105178e-01 | BC_sides: 1.759348e-03 | Free_top: 4.543702e-02 | Free_bot: 2.450121e-02 | Load: 1.099348e-01 | Energy: -3.576215e-03 | ImpactC: 0.000000e+00 | FricC: 0.000000e+00 | FricS: 0.000000e+00 | Interface: 7.754456e-04 | ImpactInv: 0.000000e+00 | FEM MAE: 2.851450e-01 | Time: 0.5530s
L-BFGS Step 16: Total Loss: 1.921549e+02 | PDE: 1.328561e-01 | BC_sides: 1.738296e-03 | Free_top: 5.032953e-02 | Free_bot: 2.643546e-02 | Load: 1.091566e-01 | Energy: -3.559924e-03 | ImpactC: 0.000000e+00 | FricC: 0.000000e+00 | FricS: 0.000000e+00 | Interface: 8.400783e-04 | ImpactInv: 0.000000e+00 | FEM MAE: 2.847948e-01 | Time: 0.5227s
L-BFGS Step 17: Total Loss: 1.919205e+02 | PDE: 1.579851e-01 | BC_sides: 1.710857e-03 | Free_top: 5.388975e-02 | Free_bot: 2.869222e-02 | Load: 1.079663e-01 | Energy: -3.526738e-03 | ImpactC: 0.000000e+00 | FricC: 0.000000e+00 | FricS: 0.000000e+00 | Interface: 9.709342e-04 | ImpactInv: 0.000000e+00 | FEM MAE: 2.842898e-01 | Time: 0.5134s
L-BFGS Step 18: Total Loss: 1.916506e+02 | PDE: 1.714854e-01 | BC_sides: 1.687406e-03 | Free_top: 5.161225e-02 | Free_bot: 2.969614e-02 | Load: 1.060708e-01 | Energy: -3.485844e-03 | ImpactC: 0.000000e+00 | FricC: 0.000000e+00 | FricS: 0.000000e+00 | Interface: 1.143492e-03 | ImpactInv: 0.000000e+00 | FEM MAE: 2.837839e-01 | Time: 0.5137s
L-BFGS Step 19: Total Loss: 1.913600e+02 | PDE: 2.372214e-01 | BC_sides: 1.647894e-03 | Free_top: 4.862716e-02 | Free_bot: 3.405698e-02 | Load: 1.039575e-01 | Energy: -3.432279e-03 | ImpactC: 0.000000e+00 | FricC: 0.000000e+00 | FricS: 0.000000e+00 | Interface: 1.210511e-03 | ImpactInv: 0.000000e+00 | FEM MAE: 2.829420e-01 | Time: 0.5132s
L-BFGS Step 20: Total Loss: 1.910990e+02 | PDE: 1.971854e-01 | BC_sides: 1.663258e-03 | Free_top: 4.424798e-02 | Free_bot: 3.176226e-02 | Load: 1.047231e-01 | Energy: -3.439441e-03 | ImpactC: 0.000000e+00 | FricC: 0.000000e+00 | FricS: 0.000000e+00 | Interface: 1.210925e-03 | ImpactInv: 0.000000e+00 | FEM MAE: 2.832876e-01 | Time: 0.5241s
L-BFGS Step 21: Total Loss: 1.908529e+02 | PDE: 1.946255e-01 | BC_sides: 1.662887e-03 | Free_top: 4.388412e-02 | Free_bot: 3.242160e-02 | Load: 1.048352e-01 | Energy: -3.439578e-03 | ImpactC: 0.000000e+00 | FricC: 0.000000e+00 | FricS: 0.000000e+00 | Interface: 1.192767e-03 | ImpactInv: 0.000000e+00 | FEM MAE: 2.832514e-01 | Time: 0.5152s
L-BFGS Step 22: Total Loss: 1.907798e+02 | PDE: 2.028578e-01 | BC_sides: 1.653228e-03 | Free_top: 4.401812e-02 | Free_bot: 3.399367e-02 | Load: 1.048367e-01 | Energy: -3.439134e-03 | ImpactC: 0.000000e+00 | FricC: 0.000000e+00 | FricS: 0.000000e+00 | Interface: 1.198416e-03 | ImpactInv: 0.000000e+00 | FEM MAE: 2.829556e-01 | Time: 0.5148s
L-BFGS Step 23: Total Loss: 1.907009e+02 | PDE: 2.127433e-01 | BC_sides: 1.644092e-03 | Free_top: 4.504140e-02 | Free_bot: 3.595767e-02 | Load: 1.046514e-01 | Energy: -3.442904e-03 | ImpactC: 0.000000e+00 | FricC: 0.000000e+00 | FricS: 0.000000e+00 | Interface: 1.213299e-03 | ImpactInv: 0.000000e+00 | FEM MAE: 2.826893e-01 | Time: 0.5133s
L-BFGS Step 24: Total Loss: 1.906304e+02 | PDE: 2.255966e-01 | BC_sides: 1.633759e-03 | Free_top: 4.672737e-02 | Free_bot: 3.913660e-02 | Load: 1.044515e-01 | Energy: -3.454652e-03 | ImpactC: 0.000000e+00 | FricC: 0.000000e+00 | FricS: 0.000000e+00 | Interface: 1.312784e-03 | ImpactInv: 0.000000e+00 | FEM MAE: 2.823995e-01 | Time: 0.5139s
L-BFGS Step 25: Total Loss: 1.904900e+02 | PDE: 2.416879e-01 | BC_sides: 1.626497e-03 | Free_top: 4.827288e-02 | Free_bot: 4.314448e-02 | Load: 1.047059e-01 | Energy: -3.476601e-03 | ImpactC: 0.000000e+00 | FricC: 0.000000e+00 | FricS: 0.000000e+00 | Interface: 1.537685e-03 | ImpactInv: 0.000000e+00 | FEM MAE: 2.821690e-01 | Time: 0.5175s
L-BFGS Step 26: Total Loss: 1.902080e+02 | PDE: 2.575729e-01 | BC_sides: 1.624870e-03 | Free_top: 4.869093e-02 | Free_bot: 4.577332e-02 | Load: 1.056354e-01 | Energy: -3.491182e-03 | ImpactC: 0.000000e+00 | FricC: 0.000000e+00 | FricS: 0.000000e+00 | Interface: 1.734865e-03 | ImpactInv: 0.000000e+00 | FEM MAE: 2.820499e-01 | Time: 0.5153s
L-BFGS Step 27: Total Loss: 1.899452e+02 | PDE: 2.729043e-01 | BC_sides: 1.632525e-03 | Free_top: 4.734256e-02 | Free_bot: 4.404017e-02 | Load: 1.070394e-01 | Energy: -3.501145e-03 | ImpactC: 0.000000e+00 | FricC: 0.000000e+00 | FricS: 0.000000e+00 | Interface: 1.593531e-03 | ImpactInv: 0.000000e+00 | FEM MAE: 2.821748e-01 | Time: 0.5154s
L-BFGS Step 28: Total Loss: 1.897394e+02 | PDE: 2.690983e-01 | BC_sides: 1.634710e-03 | Free_top: 4.567196e-02 | Free_bot: 4.182994e-02 | Load: 1.082740e-01 | Energy: -3.490182e-03 | ImpactC: 0.000000e+00 | FricC: 0.000000e+00 | FricS: 0.000000e+00 | Interface: 1.564873e-03 | ImpactInv: 0.000000e+00 | FEM MAE: 2.821182e-01 | Time: 0.5176s
L-BFGS Step 29: Total Loss: 1.896103e+02 | PDE: 2.721107e-01 | BC_sides: 1.629899e-03 | Free_top: 4.570428e-02 | Free_bot: 4.108639e-02 | Load: 1.084575e-01 | Energy: -3.471098e-03 | ImpactC: 0.000000e+00 | FricC: 0.000000e+00 | FricS: 0.000000e+00 | Interface: 1.610484e-03 | ImpactInv: 0.000000e+00 | FEM MAE: 2.819479e-01 | Time: 0.5184s
L-BFGS Step 30: Total Loss: 1.895298e+02 | PDE: 2.761339e-01 | BC_sides: 1.619321e-03 | Free_top: 4.628548e-02 | Free_bot: 4.010557e-02 | Load: 1.083015e-01 | Energy: -3.470258e-03 | ImpactC: 0.000000e+00 | FricC: 0.000000e+00 | FricS: 0.000000e+00 | Interface: 1.617721e-03 | ImpactInv: 0.000000e+00 | FEM MAE: 2.815161e-01 | Time: 0.5178s
L-BFGS Step 31: Total Loss: 1.893694e+02 | PDE: 3.087506e-01 | BC_sides: 1.584910e-03 | Free_top: 4.862951e-02 | Free_bot: 4.082359e-02 | Load: 1.078954e-01 | Energy: -3.476594e-03 | ImpactC: 0.000000e+00 | FricC: 0.000000e+00 | FricS: 0.000000e+00 | Interface: 1.719262e-03 | ImpactInv: 0.000000e+00 | FEM MAE: 2.802579e-01 | Time: 0.5161s
L-BFGS Step 32: Total Loss: 1.891675e+02 | PDE: 3.114648e-01 | BC_sides: 1.574370e-03 | Free_top: 4.936369e-02 | Free_bot: 3.928034e-02 | Load: 1.074704e-01 | Energy: -3.511758e-03 | ImpactC: 0.000000e+00 | FricC: 0.000000e+00 | FricS: 0.000000e+00 | Interface: 1.686485e-03 | ImpactInv: 0.000000e+00 | FEM MAE: 2.797238e-01 | Time: 0.5297s
L-BFGS Step 33: Total Loss: 1.889742e+02 | PDE: 3.343095e-01 | BC_sides: 1.548998e-03 | Free_top: 5.123303e-02 | Free_bot: 3.965253e-02 | Load: 1.070849e-01 | Energy: -3.547880e-03 | ImpactC: 0.000000e+00 | FricC: 0.000000e+00 | FricS: 0.000000e+00 | Interface: 1.986580e-03 | ImpactInv: 0.000000e+00 | FEM MAE: 2.786379e-01 | Time: 0.5196s
L-BFGS Step 34: Total Loss: 1.887356e+02 | PDE: 3.293793e-01 | BC_sides: 1.550205e-03 | Free_top: 5.129689e-02 | Free_bot: 3.865521e-02 | Load: 1.068407e-01 | Energy: -3.566757e-03 | ImpactC: 0.000000e+00 | FricC: 0.000000e+00 | FricS: 0.000000e+00 | Interface: 2.005703e-03 | ImpactInv: 0.000000e+00 | FEM MAE: 2.785754e-01 | Time: 0.5188s
L-BFGS Step 35: Total Loss: 1.885955e+02 | PDE: 3.423341e-01 | BC_sides: 1.531659e-03 | Free_top: 5.279445e-02 | Free_bot: 3.923885e-02 | Load: 1.061591e-01 | Energy: -3.573173e-03 | ImpactC: 0.000000e+00 | FricC: 0.000000e+00 | FricS: 0.000000e+00 | Interface: 2.167733e-03 | ImpactInv: 0.000000e+00 | FEM MAE: 2.776861e-01 | Time: 0.5194s
L-BFGS Step 36: Total Loss: 1.882566e+02 | PDE: 3.710050e-01 | BC_sides: 1.502936e-03 | Free_top: 5.556551e-02 | Free_bot: 4.195132e-02 | Load: 1.050725e-01 | Energy: -3.556304e-03 | ImpactC: 0.000000e+00 | FricC: 0.000000e+00 | FricS: 0.000000e+00 | Interface: 2.406822e-03 | ImpactInv: 0.000000e+00 | FEM MAE: 2.762871e-01 | Time: 0.5189s
L-BFGS Step 37: Total Loss: 1.878632e+02 | PDE: 4.326276e-01 | BC_sides: 1.456458e-03 | Free_top: 6.094082e-02 | Free_bot: 4.697542e-02 | Load: 1.045159e-01 | Energy: -3.564045e-03 | ImpactC: 0.000000e+00 | FricC: 0.000000e+00 | FricS: 0.000000e+00 | Interface: 3.034972e-03 | ImpactInv: 0.000000e+00 | FEM MAE: 2.738683e-01 | Time: 0.5532s
L-BFGS Step 38: Total Loss: 1.874227e+02 | PDE: 4.029336e-01 | BC_sides: 1.458195e-03 | Free_top: 6.013204e-02 | Free_bot: 4.054621e-02 | Load: 1.042219e-01 | Energy: -3.593133e-03 | ImpactC: 0.000000e+00 | FricC: 0.000000e+00 | FricS: 0.000000e+00 | Interface: 2.599740e-03 | ImpactInv: 0.000000e+00 | FEM MAE: 2.736656e-01 | Time: 0.5450s
L-BFGS Step 39: Total Loss: 1.871582e+02 | PDE: 4.290631e-01 | BC_sides: 1.447942e-03 | Free_top: 6.176124e-02 | Free_bot: 4.576452e-02 | Load: 1.044997e-01 | Energy: -3.564166e-03 | ImpactC: 0.000000e+00 | FricC: 0.000000e+00 | FricS: 0.000000e+00 | Interface: 2.756814e-03 | ImpactInv: 0.000000e+00 | FEM MAE: 2.732663e-01 | Time: 0.5377s
L-BFGS Step 40: Total Loss: 1.870381e+02 | PDE: 4.354700e-01 | BC_sides: 1.440564e-03 | Free_top: 6.208909e-02 | Free_bot: 4.685246e-02 | Load: 1.046721e-01 | Energy: -3.549939e-03 | ImpactC: 0.000000e+00 | FricC: 0.000000e+00 | FricS: 0.000000e+00 | Interface: 2.777872e-03 | ImpactInv: 0.000000e+00 | FEM MAE: 2.729946e-01 | Time: 0.5380s
L-BFGS Step 41: Total Loss: 1.869901e+02 | PDE: 4.578764e-01 | BC_sides: 1.417067e-03 | Free_top: 6.270475e-02 | Free_bot: 5.022485e-02 | Load: 1.055690e-01 | Energy: -3.528690e-03 | ImpactC: 0.000000e+00 | FricC: 0.000000e+00 | FricS: 0.000000e+00 | Interface: 2.902586e-03 | ImpactInv: 0.000000e+00 | FEM MAE: 2.718487e-01 | Time: 0.5217s
L-BFGS Step 42: Total Loss: 1.867981e+02 | PDE: 5.277814e-01 | BC_sides: 1.354122e-03 | Free_top: 6.494687e-02 | Free_bot: 5.467779e-02 | Load: 1.109375e-01 | Energy: -3.498626e-03 | ImpactC: 0.000000e+00 | FricC: 0.000000e+00 | FricS: 0.000000e+00 | Interface: 3.170673e-03 | ImpactInv: 0.000000e+00 | FEM MAE: 2.681945e-01 | Time: 0.5251s
L-BFGS Step 43: Total Loss: 1.861857e+02 | PDE: 6.065854e-01 | BC_sides: 1.315253e-03 | Free_top: 7.476983e-02 | Free_bot: 6.111950e-02 | Load: 1.265543e-01 | Energy: -3.486199e-03 | ImpactC: 0.000000e+00 | FricC: 0.000000e+00 | FricS: 0.000000e+00 | Interface: 3.336606e-03 | ImpactInv: 0.000000e+00 | FEM MAE: 2.649513e-01 | Time: 0.5331s
L-BFGS Step 44: Total Loss: 1.855006e+02 | PDE: 7.191578e-01 | BC_sides: 1.302301e-03 | Free_top: 8.524559e-02 | Free_bot: 5.364831e-02 | Load: 1.393910e-01 | Energy: -3.507134e-03 | ImpactC: 0.000000e+00 | FricC: 0.000000e+00 | FricS: 0.000000e+00 | Interface: 3.624495e-03 | ImpactInv: 0.000000e+00 | FEM MAE: 2.616782e-01 | Time: 0.5364s
L-BFGS Step 45: Total Loss: 1.851128e+02 | PDE: 6.128658e-01 | BC_sides: 1.385459e-03 | Free_top: 9.136173e-02 | Free_bot: 5.142234e-02 | Load: 1.562527e-01 | Energy: -3.622137e-03 | ImpactC: 0.000000e+00 | FricC: 0.000000e+00 | FricS: 0.000000e+00 | Interface: 3.513729e-03 | ImpactInv: 0.000000e+00 | FEM MAE: 2.650359e-01 | Time: 0.5364s
L-BFGS Step 46: Total Loss: 1.848321e+02 | PDE: 6.139209e-01 | BC_sides: 1.359376e-03 | Free_top: 8.900722e-02 | Free_bot: 5.609020e-02 | Load: 1.463219e-01 | Energy: -3.588172e-03 | ImpactC: 0.000000e+00 | FricC: 0.000000e+00 | FricS: 0.000000e+00 | Interface: 3.304923e-03 | ImpactInv: 0.000000e+00 | FEM MAE: 2.643570e-01 | Time: 0.5364s
L-BFGS Step 47: Total Loss: 1.845086e+02 | PDE: 6.127126e-01 | BC_sides: 1.358482e-03 | Free_top: 8.608324e-02 | Free_bot: 5.555231e-02 | Load: 1.435019e-01 | Energy: -3.590028e-03 | ImpactC: 0.000000e+00 | FricC: 0.000000e+00 | FricS: 0.000000e+00 | Interface: 3.260303e-03 | ImpactInv: 0.000000e+00 | FEM MAE: 2.642250e-01 | Time: 0.5297s
L-BFGS Step 48: Total Loss: 1.844403e+02 | PDE: 6.364134e-01 | BC_sides: 1.353994e-03 | Free_top: 8.671149e-02 | Free_bot: 5.703532e-02 | Load: 1.434331e-01 | Energy: -3.581967e-03 | ImpactC: 0.000000e+00 | FricC: 0.000000e+00 | FricS: 0.000000e+00 | Interface: 3.349381e-03 | ImpactInv: 0.000000e+00 | FEM MAE: 2.635794e-01 | Time: 0.5368s
L-BFGS Step 49: Total Loss: 1.843108e+02 | PDE: 6.753806e-01 | BC_sides: 1.343346e-03 | Free_top: 8.633488e-02 | Free_bot: 6.450140e-02 | Load: 1.418592e-01 | Energy: -3.550661e-03 | ImpactC: 0.000000e+00 | FricC: 0.000000e+00 | FricS: 0.000000e+00 | Interface: 3.542967e-03 | ImpactInv: 0.000000e+00 | FEM MAE: 2.624921e-01 | Time: 0.5242s
L-BFGS Step 50: Total Loss: 1.840413e+02 | PDE: 7.297766e-01 | BC_sides: 1.308637e-03 | Free_top: 8.579080e-02 | Free_bot: 7.290796e-02 | Load: 1.388175e-01 | Energy: -3.493987e-03 | ImpactC: 0.000000e+00 | FricC: 0.000000e+00 | FricS: 0.000000e+00 | Interface: 3.816024e-03 | ImpactInv: 0.000000e+00 | FEM MAE: 2.600945e-01 | Time: 0.5233s
L-BFGS Step 51: Total Loss: 1.836401e+02 | PDE: 8.589770e-01 | BC_sides: 1.209360e-03 | Free_top: 9.114099e-02 | Free_bot: 1.073179e-01 | Load: 1.469409e-01 | Energy: -3.291004e-03 | ImpactC: 0.000000e+00 | FricC: 0.000000e+00 | FricS: 0.000000e+00 | Interface: 4.647411e-03 | ImpactInv: 0.000000e+00 | FEM MAE: 2.536888e-01 | Time: 0.5330s
L-BFGS Step 52: Total Loss: 1.829193e+02 | PDE: 8.863629e-01 | BC_sides: 1.162291e-03 | Free_top: 8.655072e-02 | Free_bot: 1.236260e-01 | Load: 1.434485e-01 | Energy: -3.218493e-03 | ImpactC: 0.000000e+00 | FricC: 0.000000e+00 | FricS: 0.000000e+00 | Interface: 4.493435e-03 | ImpactInv: 0.000000e+00 | FEM MAE: 2.506637e-01 | Time: 0.5319s
L-BFGS Step 53: Total Loss: 1.824080e+02 | PDE: 9.003935e-01 | BC_sides: 1.105343e-03 | Free_top: 9.054443e-02 | Free_bot: 1.302602e-01 | Load: 1.533687e-01 | Energy: -3.123031e-03 | ImpactC: 0.000000e+00 | FricC: 0.000000e+00 | FricS: 0.000000e+00 | Interface: 4.592590e-03 | ImpactInv: 0.000000e+00 | FEM MAE: 2.475614e-01 | Time: 0.5378s
L-BFGS Step 54: Total Loss: 1.819821e+02 | PDE: 8.719010e-01 | BC_sides: 1.087409e-03 | Free_top: 9.189266e-02 | Free_bot: 1.373640e-01 | Load: 1.614724e-01 | Energy: -3.099339e-03 | ImpactC: 0.000000e+00 | FricC: 0.000000e+00 | FricS: 0.000000e+00 | Interface: 4.448957e-03 | ImpactInv: 0.000000e+00 | FEM MAE: 2.464698e-01 | Time: 0.5526s
L-BFGS Step 55: Total Loss: 1.816507e+02 | PDE: 8.205795e-01 | BC_sides: 1.079783e-03 | Free_top: 8.724734e-02 | Free_bot: 1.285706e-01 | Load: 1.580034e-01 | Energy: -3.139574e-03 | ImpactC: 0.000000e+00 | FricC: 0.000000e+00 | FricS: 0.000000e+00 | Interface: 4.056071e-03 | ImpactInv: 0.000000e+00 | FEM MAE: 2.463507e-01 | Time: 0.5345s
L-BFGS Step 56: Total Loss: 1.813407e+02 | PDE: 8.041320e-01 | BC_sides: 1.055981e-03 | Free_top: 8.649425e-02 | Free_bot: 1.297078e-01 | Load: 1.607070e-01 | Energy: -3.125333e-03 | ImpactC: 0.000000e+00 | FricC: 0.000000e+00 | FricS: 0.000000e+00 | Interface: 4.112687e-03 | ImpactInv: 0.000000e+00 | FEM MAE: 2.445621e-01 | Time: 0.5360s
L-BFGS Step 57: Total Loss: 1.808682e+02 | PDE: 7.098595e-01 | BC_sides: 1.093662e-03 | Free_top: 7.895280e-02 | Free_bot: 1.145073e-01 | Load: 1.494525e-01 | Energy: -3.249095e-03 | ImpactC: 0.000000e+00 | FricC: 0.000000e+00 | FricS: 0.000000e+00 | Interface: 3.756337e-03 | ImpactInv: 0.000000e+00 | FEM MAE: 2.467795e-01 | Time: 0.5313s
L-BFGS Step 58: Total Loss: 1.805403e+02 | PDE: 7.445483e-01 | BC_sides: 1.081970e-03 | Free_top: 8.280238e-02 | Free_bot: 1.180149e-01 | Load: 1.481874e-01 | Energy: -3.213191e-03 | ImpactC: 0.000000e+00 | FricC: 0.000000e+00 | FricS: 0.000000e+00 | Interface: 4.095241e-03 | ImpactInv: 0.000000e+00 | FEM MAE: 2.453684e-01 | Time: 0.5344s
L-BFGS Step 59: Total Loss: 1.802832e+02 | PDE: 7.218324e-01 | BC_sides: 1.078620e-03 | Free_top: 8.356282e-02 | Free_bot: 1.070595e-01 | Load: 1.500472e-01 | Energy: -3.226501e-03 | ImpactC: 0.000000e+00 | FricC: 0.000000e+00 | FricS: 0.000000e+00 | Interface: 4.179424e-03 | ImpactInv: 0.000000e+00 | FEM MAE: 2.446857e-01 | Time: 0.5334s
L-BFGS Step 60: Total Loss: 1.799216e+02 | PDE: 7.519825e-01 | BC_sides: 1.022548e-03 | Free_top: 8.990183e-02 | Free_bot: 1.092672e-01 | Load: 1.529734e-01 | Energy: -3.110327e-03 | ImpactC: 0.000000e+00 | FricC: 0.000000e+00 | FricS: 0.000000e+00 | Interface: 4.716955e-03 | ImpactInv: 0.000000e+00 | FEM MAE: 2.411563e-01 | Time: 0.5318s
L-BFGS Step 61: Total Loss: 1.792891e+02 | PDE: 7.826067e-01 | BC_sides: 9.578343e-04 | Free_top: 1.005090e-01 | Free_bot: 1.193071e-01 | Load: 1.615394e-01 | Energy: -2.930215e-03 | ImpactC: 0.000000e+00 | FricC: 0.000000e+00 | FricS: 0.000000e+00 | Interface: 5.397534e-03 | ImpactInv: 0.000000e+00 | FEM MAE: 2.372769e-01 | Time: 0.5305s
L-BFGS Step 62: Total Loss: 1.787286e+02 | PDE: 8.220624e-01 | BC_sides: 9.174378e-04 | Free_top: 1.060092e-01 | Free_bot: 1.312707e-01 | Load: 1.647163e-01 | Energy: -2.814849e-03 | ImpactC: 0.000000e+00 | FricC: 0.000000e+00 | FricS: 0.000000e+00 | Interface: 5.824418e-03 | ImpactInv: 0.000000e+00 | FEM MAE: 2.347656e-01 | Time: 0.5379s
L-BFGS Step 63: Total Loss: 1.784235e+02 | PDE: 8.529674e-01 | BC_sides: 8.725367e-04 | Free_top: 1.120068e-01 | Free_bot: 1.464900e-01 | Load: 1.680878e-01 | Energy: -2.671700e-03 | ImpactC: 0.000000e+00 | FricC: 0.000000e+00 | FricS: 0.000000e+00 | Interface: 6.488254e-03 | ImpactInv: 0.000000e+00 | FEM MAE: 2.320886e-01 | Time: 0.5423s
L-BFGS Step 64: Total Loss: 1.779364e+02 | PDE: 8.991078e-01 | BC_sides: 8.398898e-04 | Free_top: 1.147625e-01 | Free_bot: 1.538598e-01 | Load: 1.693864e-01 | Energy: -2.561664e-03 | ImpactC: 0.000000e+00 | FricC: 0.000000e+00 | FricS: 0.000000e+00 | Interface: 7.351027e-03 | ImpactInv: 0.000000e+00 | FEM MAE: 2.297305e-01 | Time: 0.5330s
L-BFGS Step 65: Total Loss: 1.773746e+02 | PDE: 9.202271e-01 | BC_sides: 8.504598e-04 | Free_top: 1.131546e-01 | Free_bot: 1.502492e-01 | Load: 1.634333e-01 | Energy: -2.578002e-03 | ImpactC: 0.000000e+00 | FricC: 0.000000e+00 | FricS: 0.000000e+00 | Interface: 7.765636e-03 | ImpactInv: 0.000000e+00 | FEM MAE: 2.293949e-01 | Time: 0.5358s
L-BFGS Step 66: Total Loss: 1.768594e+02 | PDE: 9.520910e-01 | BC_sides: 8.529735e-04 | Free_top: 1.138584e-01 | Free_bot: 1.525631e-01 | Load: 1.627574e-01 | Energy: -2.549508e-03 | ImpactC: 0.000000e+00 | FricC: 0.000000e+00 | FricS: 0.000000e+00 | Interface: 9.089365e-03 | ImpactInv: 0.000000e+00 | FEM MAE: 2.284724e-01 | Time: 0.5950s
L-BFGS Step 67: Total Loss: 1.765854e+02 | PDE: 8.916572e-01 | BC_sides: 8.971581e-04 | Free_top: 1.074785e-01 | Free_bot: 1.396484e-01 | Load: 1.563978e-01 | Energy: -2.715333e-03 | ImpactC: 0.000000e+00 | FricC: 0.000000e+00 | FricS: 0.000000e+00 | Interface: 8.269142e-03 | ImpactInv: 0.000000e+00 | FEM MAE: 2.301515e-01 | Time: 0.5661s
L-BFGS Step 68: Total Loss: 1.763204e+02 | PDE: 8.639237e-01 | BC_sides: 9.106790e-04 | Free_top: 1.053998e-01 | Free_bot: 1.364821e-01 | Load: 1.537112e-01 | Energy: -2.760989e-03 | ImpactC: 0.000000e+00 | FricC: 0.000000e+00 | FricS: 0.000000e+00 | Interface: 7.901971e-03 | ImpactInv: 0.000000e+00 | FEM MAE: 2.307913e-01 | Time: 0.5911s
L-BFGS Step 69: Total Loss: 1.760281e+02 | PDE: 8.459415e-01 | BC_sides: 9.427486e-04 | Free_top: 1.050412e-01 | Free_bot: 1.358940e-01 | Load: 1.555790e-01 | Energy: -2.819445e-03 | ImpactC: 0.000000e+00 | FricC: 0.000000e+00 | FricS: 0.000000e+00 | Interface: 7.543129e-03 | ImpactInv: 0.000000e+00 | FEM MAE: 2.314148e-01 | Time: 0.5615s
L-BFGS Step 70: Total Loss: 1.754697e+02 | PDE: 8.884914e-01 | BC_sides: 9.148498e-04 | Free_top: 1.102468e-01 | Free_bot: 1.447262e-01 | Load: 1.627997e-01 | Energy: -2.727562e-03 | ImpactC: 0.000000e+00 | FricC: 0.000000e+00 | FricS: 0.000000e+00 | Interface: 7.883564e-03 | ImpactInv: 0.000000e+00 | FEM MAE: 2.297485e-01 | Time: 0.5428s
L-BFGS Step 71: Total Loss: 1.749785e+02 | PDE: 9.167057e-01 | BC_sides: 9.008329e-04 | Free_top: 1.105834e-01 | Free_bot: 1.385945e-01 | Load: 1.593301e-01 | Energy: -2.671990e-03 | ImpactC: 0.000000e+00 | FricC: 0.000000e+00 | FricS: 0.000000e+00 | Interface: 8.611975e-03 | ImpactInv: 0.000000e+00 | FEM MAE: 2.285525e-01 | Time: 0.5556s
L-BFGS Step 72: Total Loss: 1.744102e+02 | PDE: 9.371004e-01 | BC_sides: 8.753149e-04 | Free_top: 1.116861e-01 | Free_bot: 1.321299e-01 | Load: 1.656870e-01 | Energy: -2.633740e-03 | ImpactC: 0.000000e+00 | FricC: 0.000000e+00 | FricS: 0.000000e+00 | Interface: 8.754411e-03 | ImpactInv: 0.000000e+00 | FEM MAE: 2.273857e-01 | Time: 0.5387s
L-BFGS Step 73: Total Loss: 1.738228e+02 | PDE: 9.202596e-01 | BC_sides: 8.790474e-04 | Free_top: 1.038111e-01 | Free_bot: 1.135072e-01 | Load: 1.527317e-01 | Energy: -2.676751e-03 | ImpactC: 0.000000e+00 | FricC: 0.000000e+00 | FricS: 0.000000e+00 | Interface: 8.853256e-03 | ImpactInv: 0.000000e+00 | FEM MAE: 2.272472e-01 | Time: 0.5337s
L-BFGS Step 74: Total Loss: 1.730851e+02 | PDE: 9.454077e-01 | BC_sides: 8.769833e-04 | Free_top: 1.023078e-01 | Free_bot: 1.059617e-01 | Load: 1.537968e-01 | Energy: -2.659284e-03 | ImpactC: 0.000000e+00 | FricC: 0.000000e+00 | FricS: 0.000000e+00 | Interface: 9.523936e-03 | ImpactInv: 0.000000e+00 | FEM MAE: 2.268716e-01 | Time: 0.5408s
L-BFGS Step 75: Total Loss: 1.726229e+02 | PDE: 8.917800e-01 | BC_sides: 9.016212e-04 | Free_top: 9.581754e-02 | Free_bot: 1.033182e-01 | Load: 1.417304e-01 | Energy: -2.722462e-03 | ImpactC: 0.000000e+00 | FricC: 0.000000e+00 | FricS: 0.000000e+00 | Interface: 9.477352e-03 | ImpactInv: 0.000000e+00 | FEM MAE: 2.272629e-01 | Time: 0.5325s
L-BFGS Step 76: Total Loss: 1.723910e+02 | PDE: 8.922500e-01 | BC_sides: 9.023874e-04 | Free_top: 9.724849e-02 | Free_bot: 1.069117e-01 | Load: 1.421892e-01 | Energy: -2.710808e-03 | ImpactC: 0.000000e+00 | FricC: 0.000000e+00 | FricS: 0.000000e+00 | Interface: 9.467523e-03 | ImpactInv: 0.000000e+00 | FEM MAE: 2.272539e-01 | Time: 0.5388s
L-BFGS Step 77: Total Loss: 1.721722e+02 | PDE: 9.077492e-01 | BC_sides: 8.916214e-04 | Free_top: 1.009122e-01 | Free_bot: 1.206256e-01 | Load: 1.475140e-01 | Energy: -2.605128e-03 | ImpactC: 0.000000e+00 | FricC: 0.000000e+00 | FricS: 0.000000e+00 | Interface: 9.933012e-03 | ImpactInv: 0.000000e+00 | FEM MAE: 2.271161e-01 | Time: 0.5342s
L-BFGS Step 78: Total Loss: 1.715849e+02 | PDE: 9.206562e-01 | BC_sides: 8.825090e-04 | Free_top: 1.015107e-01 | Free_bot: 1.284434e-01 | Load: 1.516172e-01 | Energy: -2.549930e-03 | ImpactC: 0.000000e+00 | FricC: 0.000000e+00 | FricS: 0.000000e+00 | Interface: 1.024260e-02 | ImpactInv: 0.000000e+00 | FEM MAE: 2.270013e-01 | Time: 0.5354s
L-BFGS Step 79: Total Loss: 1.712549e+02 | PDE: 9.091841e-01 | BC_sides: 8.746244e-04 | Free_top: 9.905944e-02 | Free_bot: 1.259643e-01 | Load: 1.490867e-01 | Energy: -2.497138e-03 | ImpactC: 0.000000e+00 | FricC: 0.000000e+00 | FricS: 0.000000e+00 | Interface: 1.044933e-02 | ImpactInv: 0.000000e+00 | FEM MAE: 2.270746e-01 | Time: 0.5344s
L-BFGS Step 80: Total Loss: 1.709233e+02 | PDE: 9.028206e-01 | BC_sides: 8.659749e-04 | Free_top: 9.851429e-02 | Free_bot: 1.308173e-01 | Load: 1.498427e-01 | Energy: -2.451743e-03 | ImpactC: 0.000000e+00 | FricC: 0.000000e+00 | FricS: 0.000000e+00 | Interface: 1.059420e-02 | ImpactInv: 0.000000e+00 | FEM MAE: 2.270798e-01 | Time: 0.5344s
L-BFGS Step 81: Total Loss: 1.705193e+02 | PDE: 8.468708e-01 | BC_sides: 8.692818e-04 | Free_top: 9.382599e-02 | Free_bot: 1.238924e-01 | Load: 1.468724e-01 | Energy: -2.457124e-03 | ImpactC: 0.000000e+00 | FricC: 0.000000e+00 | FricS: 0.000000e+00 | Interface: 1.030254e-02 | ImpactInv: 0.000000e+00 | FEM MAE: 2.267078e-01 | Time: 0.5468s
L-BFGS Step 82: Total Loss: 1.698930e+02 | PDE: 8.685809e-01 | BC_sides: 8.615672e-04 | Free_top: 9.720398e-02 | Free_bot: 1.303290e-01 | Load: 1.427436e-01 | Energy: -2.374750e-03 | ImpactC: 0.000000e+00 | FricC: 0.000000e+00 | FricS: 0.000000e+00 | Interface: 1.095604e-02 | ImpactInv: 0.000000e+00 | FEM MAE: 2.270226e-01 | Time: 0.5514s
L-BFGS Step 83: Total Loss: 1.695850e+02 | PDE: 8.494297e-01 | BC_sides: 8.640065e-04 | Free_top: 9.863838e-02 | Free_bot: 1.237204e-01 | Load: 1.417293e-01 | Energy: -2.418232e-03 | ImpactC: 0.000000e+00 | FricC: 0.000000e+00 | FricS: 0.000000e+00 | Interface: 1.083863e-02 | ImpactInv: 0.000000e+00 | FEM MAE: 2.267775e-01 | Time: 0.5483s
L-BFGS Step 84: Total Loss: 1.693261e+02 | PDE: 8.580828e-01 | BC_sides: 8.642191e-04 | Free_top: 1.021074e-01 | Free_bot: 1.207695e-01 | Load: 1.403596e-01 | Energy: -2.417652e-03 | ImpactC: 0.000000e+00 | FricC: 0.000000e+00 | FricS: 0.000000e+00 | Interface: 1.108863e-02 | ImpactInv: 0.000000e+00 | FEM MAE: 2.267868e-01 | Time: 0.5461s
L-BFGS Step 85: Total Loss: 1.691437e+02 | PDE: 8.747002e-01 | BC_sides: 8.495124e-04 | Free_top: 1.048825e-01 | Free_bot: 1.189716e-01 | Load: 1.390375e-01 | Energy: -2.385435e-03 | ImpactC: 0.000000e+00 | FricC: 0.000000e+00 | FricS: 0.000000e+00 | Interface: 1.141107e-02 | ImpactInv: 0.000000e+00 | FEM MAE: 2.270100e-01 | Time: 0.5492s
L-BFGS Step 86: Total Loss: 1.689941e+02 | PDE: 9.017850e-01 | BC_sides: 8.340298e-04 | Free_top: 1.080161e-01 | Free_bot: 1.229195e-01 | Load: 1.359424e-01 | Energy: -2.307191e-03 | ImpactC: 0.000000e+00 | FricC: 0.000000e+00 | FricS: 0.000000e+00 | Interface: 1.193070e-02 | ImpactInv: 0.000000e+00 | FEM MAE: 2.275928e-01 | Time: 0.5577s
L-BFGS Step 87: Total Loss: 1.687852e+02 | PDE: 9.298866e-01 | BC_sides: 8.126132e-04 | Free_top: 1.110030e-01 | Free_bot: 1.241299e-01 | Load: 1.313580e-01 | Energy: -2.184034e-03 | ImpactC: 0.000000e+00 | FricC: 0.000000e+00 | FricS: 0.000000e+00 | Interface: 1.254964e-02 | ImpactInv: 0.000000e+00 | FEM MAE: 2.284953e-01 | Time: 0.5476s
L-BFGS Step 88: Total Loss: 1.685110e+02 | PDE: 9.368002e-01 | BC_sides: 7.904553e-04 | Free_top: 1.176360e-01 | Free_bot: 1.315959e-01 | Load: 1.225093e-01 | Energy: -1.989749e-03 | ImpactC: 0.000000e+00 | FricC: 0.000000e+00 | FricS: 0.000000e+00 | Interface: 1.326075e-02 | ImpactInv: 0.000000e+00 | FEM MAE: 2.297495e-01 | Time: 0.5463s
L-BFGS Step 89: Total Loss: 1.679247e+02 | PDE: 9.441983e-01 | BC_sides: 7.814232e-04 | Free_top: 1.329578e-01 | Free_bot: 1.418791e-01 | Load: 1.141793e-01 | Energy: -1.668132e-03 | ImpactC: 0.000000e+00 | FricC: 0.000000e+00 | FricS: 0.000000e+00 | Interface: 1.398071e-02 | ImpactInv: 0.000000e+00 | FEM MAE: 2.308445e-01 | Time: 0.5491s
L-BFGS Step 90: Total Loss: 1.670458e+02 | PDE: 8.796166e-01 | BC_sides: 8.050865e-04 | Free_top: 1.507510e-01 | Free_bot: 1.435819e-01 | Load: 1.144210e-01 | Energy: -1.526330e-03 | ImpactC: 0.000000e+00 | FricC: 0.000000e+00 | FricS: 0.000000e+00 | Interface: 1.367856e-02 | ImpactInv: 0.000000e+00 | FEM MAE: 2.294449e-01 | Time: 0.5475s
L-BFGS Step 91: Total Loss: 1.663309e+02 | PDE: 8.789960e-01 | BC_sides: 8.208134e-04 | Free_top: 1.574718e-01 | Free_bot: 1.564720e-01 | Load: 1.138355e-01 | Energy: -1.415897e-03 | ImpactC: 0.000000e+00 | FricC: 0.000000e+00 | FricS: 0.000000e+00 | Interface: 1.357476e-02 | ImpactInv: 0.000000e+00 | FEM MAE: 2.289324e-01 | Time: 0.5535s
L-BFGS Step 92: Total Loss: 1.657952e+02 | PDE: 8.129611e-01 | BC_sides: 8.467495e-04 | Free_top: 1.520751e-01 | Free_bot: 1.423383e-01 | Load: 1.124522e-01 | Energy: -1.572667e-03 | ImpactC: 0.000000e+00 | FricC: 0.000000e+00 | FricS: 0.000000e+00 | Interface: 1.240723e-02 | ImpactInv: 0.000000e+00 | FEM MAE: 2.273212e-01 | Time: 0.5560s
L-BFGS Step 93: Total Loss: 1.654785e+02 | PDE: 7.884740e-01 | BC_sides: 8.564914e-04 | Free_top: 1.507582e-01 | Free_bot: 1.472542e-01 | Load: 1.126511e-01 | Energy: -1.630740e-03 | ImpactC: 0.000000e+00 | FricC: 0.000000e+00 | FricS: 0.000000e+00 | Interface: 1.222542e-02 | ImpactInv: 0.000000e+00 | FEM MAE: 2.269413e-01 | Time: 0.5484s
L-BFGS Step 94: Total Loss: 1.651756e+02 | PDE: 7.749389e-01 | BC_sides: 8.585597e-04 | Free_top: 1.470275e-01 | Free_bot: 1.433280e-01 | Load: 1.101275e-01 | Energy: -1.658391e-03 | ImpactC: 0.000000e+00 | FricC: 0.000000e+00 | FricS: 0.000000e+00 | Interface: 1.193319e-02 | ImpactInv: 0.000000e+00 | FEM MAE: 2.266170e-01 | Time: 0.5480s
L-BFGS Step 95: Total Loss: 1.647255e+02 | PDE: 8.036925e-01 | BC_sides: 8.400041e-04 | Free_top: 1.535781e-01 | Free_bot: 1.361692e-01 | Load: 1.098924e-01 | Energy: -1.480540e-03 | ImpactC: 0.000000e+00 | FricC: 0.000000e+00 | FricS: 0.000000e+00 | Interface: 1.244381e-02 | ImpactInv: 0.000000e+00 | FEM MAE: 2.273226e-01 | Time: 0.5596s
L-BFGS Step 96: Total Loss: 1.637687e+02 | PDE: 8.611468e-01 | BC_sides: 8.224481e-04 | Free_top: 1.566740e-01 | Free_bot: 1.413296e-01 | Load: 1.069942e-01 | Energy: -1.240802e-03 | ImpactC: 0.000000e+00 | FricC: 0.000000e+00 | FricS: 0.000000e+00 | Interface: 1.353559e-02 | ImpactInv: 0.000000e+00 | FEM MAE: 2.288622e-01 | Time: 0.5477s
L-BFGS Step 97: Total Loss: 1.630432e+02 | PDE: 8.768239e-01 | BC_sides: 8.114703e-04 | Free_top: 1.644012e-01 | Free_bot: 1.427329e-01 | Load: 1.084880e-01 | Energy: -1.100109e-03 | ImpactC: 0.000000e+00 | FricC: 0.000000e+00 | FricS: 0.000000e+00 | Interface: 1.425817e-02 | ImpactInv: 0.000000e+00 | FEM MAE: 2.302371e-01 | Time: 0.5468s
L-BFGS Step 98: Total Loss: 1.624712e+02 | PDE: 9.097403e-01 | BC_sides: 8.053306e-04 | Free_top: 1.731938e-01 | Free_bot: 1.570631e-01 | Load: 1.105513e-01 | Energy: -8.199858e-04 | ImpactC: 0.000000e+00 | FricC: 0.000000e+00 | FricS: 0.000000e+00 | Interface: 1.556878e-02 | ImpactInv: 0.000000e+00 | FEM MAE: 2.324233e-01 | Time: 0.5459s
L-BFGS Step 99: Total Loss: 1.618401e+02 | PDE: 8.978180e-01 | BC_sides: 8.115473e-04 | Free_top: 1.699407e-01 | Free_bot: 1.620529e-01 | Load: 1.090956e-01 | Energy: -8.937367e-04 | ImpactC: 0.000000e+00 | FricC: 0.000000e+00 | FricS: 0.000000e+00 | Interface: 1.558675e-02 | ImpactInv: 0.000000e+00 | FEM MAE: 2.324558e-01 | Time: 0.5462s
Model saved to /Users/hanbosong/GitHub/Basic-PiNN-Model-For-Three-Layered-Collision/three-layer-workflow/pinn_model.pth
