Using device: mps
Using p0 = 1.0
MultiLayerPINN(
  (layer): LayerNet(
    (net): Sequential(
      (0): Linear(in_features=21, out_features=64, bias=True)
      (1): Tanh()
      (2): Linear(in_features=64, out_features=64, bias=True)
      (3): Tanh()
      (4): Linear(in_features=64, out_features=64, bias=True)
      (5): Tanh()
      (6): Linear(in_features=64, out_features=64, bias=True)
      (7): Tanh()
      (8): Linear(in_features=64, out_features=3, bias=True)
    )
  )
)
Warm-start loaded from /Users/hanbosong/GitHub/Basic-PiNN-Model-For-Three-Layered-Collision/three-layer-workflow/pinn_model.pth
Loading FEM solution for comparison...
FEM data loaded: (31, 31, 11)
Loading hybrid supervision data (N=36000, E=[1.0, 10.0])...
  Loaded cached FEM supervision: /Users/hanbosong/GitHub/Basic-PiNN-Model-For-Three-Layered-Collision/three-layer-workflow/supervision_cache/fem_supervision_34741efd821c827a.pt (36000 points)
Attached 36000 supervision points to training data.
Starting SOAP Pretraining...
SOAP Pretraining Complete. Total Time: 0.00s
Starting L-BFGS Fine-Tuning...
Running 50 L-BFGS outer steps.
Using fixed collocation set during L-BFGS for stability.
L-BFGS Step 0: Total Loss: 1.325831e+00 | PDE: 1.153375e-02 | BC_sides: 5.495398e-05 | Free_top: 6.992926e-03 | Free_bot: 1.446525e-02 | Load: 1.820317e-02 | Energy: -3.591518e-03 | ImpactC: 0.000000e+00 | FricC: 0.000000e+00 | FricS: 0.000000e+00 | Interface: 8.095102e-04 | ImpactInv: 0.000000e+00 | FEM MAE: 1.737341e-01 | Time: 1.2770s
L-BFGS Step 1: Total Loss: 1.307201e+00 | PDE: 1.191263e-02 | BC_sides: 5.493853e-05 | Free_top: 7.017082e-03 | Free_bot: 1.448774e-02 | Load: 1.817134e-02 | Energy: -3.592368e-03 | ImpactC: 0.000000e+00 | FricC: 0.000000e+00 | FricS: 0.000000e+00 | Interface: 7.629406e-04 | ImpactInv: 0.000000e+00 | FEM MAE: 1.737360e-01 | Time: 0.6720s
L-BFGS Step 2: Total Loss: 1.296936e+00 | PDE: 1.252827e-02 | BC_sides: 5.490121e-05 | Free_top: 7.067520e-03 | Free_bot: 1.453435e-02 | Load: 1.811832e-02 | Energy: -3.593465e-03 | ImpactC: 0.000000e+00 | FricC: 0.000000e+00 | FricS: 0.000000e+00 | Interface: 7.089350e-04 | ImpactInv: 0.000000e+00 | FEM MAE: 1.737417e-01 | Time: 0.5150s
L-BFGS Step 3: Total Loss: 1.286981e+00 | PDE: 1.273327e-02 | BC_sides: 5.486709e-05 | Free_top: 7.119500e-03 | Free_bot: 1.456644e-02 | Load: 1.807868e-02 | Energy: -3.595169e-03 | ImpactC: 0.000000e+00 | FricC: 0.000000e+00 | FricS: 0.000000e+00 | Interface: 6.736326e-04 | ImpactInv: 0.000000e+00 | FEM MAE: 1.737511e-01 | Time: 0.5139s
L-BFGS Step 4: Total Loss: 1.278836e+00 | PDE: 1.247599e-02 | BC_sides: 5.483794e-05 | Free_top: 7.225824e-03 | Free_bot: 1.459256e-02 | Load: 1.805259e-02 | Energy: -3.597869e-03 | ImpactC: 0.000000e+00 | FricC: 0.000000e+00 | FricS: 0.000000e+00 | Interface: 6.348833e-04 | ImpactInv: 0.000000e+00 | FEM MAE: 1.737931e-01 | Time: 0.5073s
L-BFGS Step 5: Total Loss: 1.266053e+00 | PDE: 1.216770e-02 | BC_sides: 5.488280e-05 | Free_top: 7.308739e-03 | Free_bot: 1.458495e-02 | Load: 1.805880e-02 | Energy: -3.601446e-03 | ImpactC: 0.000000e+00 | FricC: 0.000000e+00 | FricS: 0.000000e+00 | Interface: 6.110225e-04 | ImpactInv: 0.000000e+00 | FEM MAE: 1.738299e-01 | Time: 0.5230s
L-BFGS Step 6: Total Loss: 1.257262e+00 | PDE: 1.176956e-02 | BC_sides: 5.499000e-05 | Free_top: 7.328866e-03 | Free_bot: 1.454795e-02 | Load: 1.807095e-02 | Energy: -3.604009e-03 | ImpactC: 0.000000e+00 | FricC: 0.000000e+00 | FricS: 0.000000e+00 | Interface: 6.008473e-04 | ImpactInv: 0.000000e+00 | FEM MAE: 1.738556e-01 | Time: 0.5049s
L-BFGS Step 7: Total Loss: 1.250677e+00 | PDE: 1.142072e-02 | BC_sides: 5.533815e-05 | Free_top: 7.328307e-03 | Free_bot: 1.447318e-02 | Load: 1.805953e-02 | Energy: -3.611189e-03 | ImpactC: 0.000000e+00 | FricC: 0.000000e+00 | FricS: 0.000000e+00 | Interface: 5.787302e-04 | ImpactInv: 0.000000e+00 | FEM MAE: 1.738838e-01 | Time: 0.5064s
L-BFGS Step 8: Total Loss: 1.240883e+00 | PDE: 1.126572e-02 | BC_sides: 5.564461e-05 | Free_top: 7.266950e-03 | Free_bot: 1.443607e-02 | Load: 1.801224e-02 | Energy: -3.617183e-03 | ImpactC: 0.000000e+00 | FricC: 0.000000e+00 | FricS: 0.000000e+00 | Interface: 5.664139e-04 | ImpactInv: 0.000000e+00 | FEM MAE: 1.738739e-01 | Time: 0.5069s
L-BFGS Step 9: Total Loss: 1.235417e+00 | PDE: 1.126346e-02 | BC_sides: 5.585008e-05 | Free_top: 7.186982e-03 | Free_bot: 1.441352e-02 | Load: 1.798187e-02 | Energy: -3.621048e-03 | ImpactC: 0.000000e+00 | FricC: 0.000000e+00 | FricS: 0.000000e+00 | Interface: 5.543047e-04 | ImpactInv: 0.000000e+00 | FEM MAE: 1.738510e-01 | Time: 0.5215s
L-BFGS Step 10: Total Loss: 1.231651e+00 | PDE: 1.114379e-02 | BC_sides: 5.587705e-05 | Free_top: 7.166400e-03 | Free_bot: 1.442856e-02 | Load: 1.796398e-02 | Energy: -3.622399e-03 | ImpactC: 0.000000e+00 | FricC: 0.000000e+00 | FricS: 0.000000e+00 | Interface: 5.527494e-04 | ImpactInv: 0.000000e+00 | FEM MAE: 1.738219e-01 | Time: 0.5157s
L-BFGS Step 11: Total Loss: 1.229504e+00 | PDE: 1.105580e-02 | BC_sides: 5.579983e-05 | Free_top: 7.143703e-03 | Free_bot: 1.442558e-02 | Load: 1.795088e-02 | Energy: -3.623084e-03 | ImpactC: 0.000000e+00 | FricC: 0.000000e+00 | FricS: 0.000000e+00 | Interface: 5.495848e-04 | ImpactInv: 0.000000e+00 | FEM MAE: 1.737791e-01 | Time: 0.5103s
L-BFGS Step 12: Total Loss: 1.226895e+00 | PDE: 1.097615e-02 | BC_sides: 5.561345e-05 | Free_top: 7.107774e-03 | Free_bot: 1.435871e-02 | Load: 1.795060e-02 | Energy: -3.623603e-03 | ImpactC: 0.000000e+00 | FricC: 0.000000e+00 | FricS: 0.000000e+00 | Interface: 5.437103e-04 | ImpactInv: 0.000000e+00 | FEM MAE: 1.737267e-01 | Time: 0.5118s
L-BFGS Step 13: Total Loss: 1.223384e+00 | PDE: 1.078684e-02 | BC_sides: 5.534992e-05 | Free_top: 7.040001e-03 | Free_bot: 1.418489e-02 | Load: 1.798156e-02 | Energy: -3.624781e-03 | ImpactC: 0.000000e+00 | FricC: 0.000000e+00 | FricS: 0.000000e+00 | Interface: 5.369639e-04 | ImpactInv: 0.000000e+00 | FEM MAE: 1.736813e-01 | Time: 0.5156s
L-BFGS Step 14: Total Loss: 1.218528e+00 | PDE: 1.059276e-02 | BC_sides: 5.508950e-05 | Free_top: 7.001685e-03 | Free_bot: 1.413345e-02 | Load: 1.799727e-02 | Energy: -3.626132e-03 | ImpactC: 0.000000e+00 | FricC: 0.000000e+00 | FricS: 0.000000e+00 | Interface: 5.320954e-04 | ImpactInv: 0.000000e+00 | FEM MAE: 1.737010e-01 | Time: 0.5112s
L-BFGS Step 15: Total Loss: 1.213676e+00 | PDE: 1.025558e-02 | BC_sides: 5.507857e-05 | Free_top: 6.919351e-03 | Free_bot: 1.397147e-02 | Load: 1.810800e-02 | Energy: -3.630087e-03 | ImpactC: 0.000000e+00 | FricC: 0.000000e+00 | FricS: 0.000000e+00 | Interface: 5.288506e-04 | ImpactInv: 0.000000e+00 | FEM MAE: 1.737274e-01 | Time: 0.5250s
L-BFGS Step 16: Total Loss: 1.209389e+00 | PDE: 1.010554e-02 | BC_sides: 5.538013e-05 | Free_top: 6.921150e-03 | Free_bot: 1.399182e-02 | Load: 1.811057e-02 | Energy: -3.633545e-03 | ImpactC: 0.000000e+00 | FricC: 0.000000e+00 | FricS: 0.000000e+00 | Interface: 5.258809e-04 | ImpactInv: 0.000000e+00 | FEM MAE: 1.737502e-01 | Time: 0.5258s
L-BFGS Step 17: Total Loss: 1.206814e+00 | PDE: 1.002127e-02 | BC_sides: 5.583752e-05 | Free_top: 6.932613e-03 | Free_bot: 1.402545e-02 | Load: 1.810285e-02 | Energy: -3.639018e-03 | ImpactC: 0.000000e+00 | FricC: 0.000000e+00 | FricS: 0.000000e+00 | Interface: 5.230136e-04 | ImpactInv: 0.000000e+00 | FEM MAE: 1.737471e-01 | Time: 0.5468s
L-BFGS Step 18: Total Loss: 1.204908e+00 | PDE: 9.866050e-03 | BC_sides: 5.621134e-05 | Free_top: 6.894789e-03 | Free_bot: 1.393328e-02 | Load: 1.819621e-02 | Energy: -3.646091e-03 | ImpactC: 0.000000e+00 | FricC: 0.000000e+00 | FricS: 0.000000e+00 | Interface: 5.176382e-04 | ImpactInv: 0.000000e+00 | FEM MAE: 1.736877e-01 | Time: 0.5541s
L-BFGS Step 19: Total Loss: 1.202099e+00 | PDE: 9.767351e-03 | BC_sides: 5.662956e-05 | Free_top: 6.941983e-03 | Free_bot: 1.393718e-02 | Load: 1.817878e-02 | Energy: -3.654986e-03 | ImpactC: 0.000000e+00 | FricC: 0.000000e+00 | FricS: 0.000000e+00 | Interface: 5.142783e-04 | ImpactInv: 0.000000e+00 | FEM MAE: 1.735907e-01 | Time: 0.5157s
L-BFGS Step 20: Total Loss: 1.199660e+00 | PDE: 9.693164e-03 | BC_sides: 5.640184e-05 | Free_top: 6.916412e-03 | Free_bot: 1.386857e-02 | Load: 1.822562e-02 | Energy: -3.654653e-03 | ImpactC: 0.000000e+00 | FricC: 0.000000e+00 | FricS: 0.000000e+00 | Interface: 5.131355e-04 | ImpactInv: 0.000000e+00 | FEM MAE: 1.735755e-01 | Time: 0.5150s
L-BFGS Step 21: Total Loss: 1.198585e+00 | PDE: 9.620238e-03 | BC_sides: 5.598811e-05 | Free_top: 6.892287e-03 | Free_bot: 1.379875e-02 | Load: 1.827591e-02 | Energy: -3.652698e-03 | ImpactC: 0.000000e+00 | FricC: 0.000000e+00 | FricS: 0.000000e+00 | Interface: 5.121633e-04 | ImpactInv: 0.000000e+00 | FEM MAE: 1.735824e-01 | Time: 0.5149s
L-BFGS Step 22: Total Loss: 1.197545e+00 | PDE: 9.551721e-03 | BC_sides: 5.570078e-05 | Free_top: 6.889742e-03 | Free_bot: 1.377968e-02 | Load: 1.831560e-02 | Energy: -3.651035e-03 | ImpactC: 0.000000e+00 | FricC: 0.000000e+00 | FricS: 0.000000e+00 | Interface: 5.103733e-04 | ImpactInv: 0.000000e+00 | FEM MAE: 1.736086e-01 | Time: 0.5146s
L-BFGS Step 23: Total Loss: 1.196231e+00 | PDE: 9.405643e-03 | BC_sides: 5.562259e-05 | Free_top: 6.845572e-03 | Free_bot: 1.367862e-02 | Load: 1.851501e-02 | Energy: -3.651303e-03 | ImpactC: 0.000000e+00 | FricC: 0.000000e+00 | FricS: 0.000000e+00 | Interface: 5.035813e-04 | ImpactInv: 0.000000e+00 | FEM MAE: 1.736104e-01 | Time: 0.5141s
L-BFGS Step 24: Total Loss: 1.192943e+00 | PDE: 9.566108e-03 | BC_sides: 5.548758e-05 | Free_top: 7.052831e-03 | Free_bot: 1.403175e-02 | Load: 1.843757e-02 | Energy: -3.644716e-03 | ImpactC: 0.000000e+00 | FricC: 0.000000e+00 | FricS: 0.000000e+00 | Interface: 4.973904e-04 | ImpactInv: 0.000000e+00 | FEM MAE: 1.736325e-01 | Time: 0.5348s
L-BFGS Step 25: Total Loss: 1.191842e+00 | PDE: 9.368924e-03 | BC_sides: 5.580893e-05 | Free_top: 6.970383e-03 | Free_bot: 1.389347e-02 | Load: 1.851343e-02 | Energy: -3.648728e-03 | ImpactC: 0.000000e+00 | FricC: 0.000000e+00 | FricS: 0.000000e+00 | Interface: 4.949704e-04 | ImpactInv: 0.000000e+00 | FEM MAE: 1.736183e-01 | Time: 0.5473s
L-BFGS Step 26: Total Loss: 1.188898e+00 | PDE: 9.347409e-03 | BC_sides: 5.616322e-05 | Free_top: 6.963415e-03 | Free_bot: 1.388740e-02 | Load: 1.852639e-02 | Energy: -3.651005e-03 | ImpactC: 0.000000e+00 | FricC: 0.000000e+00 | FricS: 0.000000e+00 | Interface: 4.930904e-04 | ImpactInv: 0.000000e+00 | FEM MAE: 1.735967e-01 | Time: 0.5208s
L-BFGS Step 27: Total Loss: 1.187753e+00 | PDE: 9.326559e-03 | BC_sides: 5.646369e-05 | Free_top: 6.978259e-03 | Free_bot: 1.391025e-02 | Load: 1.853385e-02 | Energy: -3.652533e-03 | ImpactC: 0.000000e+00 | FricC: 0.000000e+00 | FricS: 0.000000e+00 | Interface: 4.909417e-04 | ImpactInv: 0.000000e+00 | FEM MAE: 1.735784e-01 | Time: 0.5156s
L-BFGS Step 28: Total Loss: 1.186524e+00 | PDE: 9.261996e-03 | BC_sides: 5.644103e-05 | Free_top: 7.010428e-03 | Free_bot: 1.395784e-02 | Load: 1.855757e-02 | Energy: -3.653118e-03 | ImpactC: 0.000000e+00 | FricC: 0.000000e+00 | FricS: 0.000000e+00 | Interface: 4.864943e-04 | ImpactInv: 0.000000e+00 | FEM MAE: 1.736015e-01 | Time: 0.5297s
L-BFGS Step 29: Total Loss: 1.183900e+00 | PDE: 9.147754e-03 | BC_sides: 5.699856e-05 | Free_top: 6.980569e-03 | Free_bot: 1.393938e-02 | Load: 1.861832e-02 | Energy: -3.659341e-03 | ImpactC: 0.000000e+00 | FricC: 0.000000e+00 | FricS: 0.000000e+00 | Interface: 4.857175e-04 | ImpactInv: 0.000000e+00 | FEM MAE: 1.735034e-01 | Time: 0.7852s
L-BFGS Step 30: Total Loss: 1.182147e+00 | PDE: 9.132765e-03 | BC_sides: 5.645575e-05 | Free_top: 7.035161e-03 | Free_bot: 1.403743e-02 | Load: 1.861667e-02 | Energy: -3.657391e-03 | ImpactC: 0.000000e+00 | FricC: 0.000000e+00 | FricS: 0.000000e+00 | Interface: 4.811565e-04 | ImpactInv: 0.000000e+00 | FEM MAE: 1.735223e-01 | Time: 0.5195s
L-BFGS Step 31: Total Loss: 1.179992e+00 | PDE: 9.110716e-03 | BC_sides: 5.610434e-05 | Free_top: 7.054240e-03 | Free_bot: 1.409349e-02 | Load: 1.861406e-02 | Energy: -3.656587e-03 | ImpactC: 0.000000e+00 | FricC: 0.000000e+00 | FricS: 0.000000e+00 | Interface: 4.785917e-04 | ImpactInv: 0.000000e+00 | FEM MAE: 1.734966e-01 | Time: 0.5206s
L-BFGS Step 32: Total Loss: 1.178580e+00 | PDE: 9.082725e-03 | BC_sides: 5.578149e-05 | Free_top: 7.067562e-03 | Free_bot: 1.415848e-02 | Load: 1.860828e-02 | Energy: -3.656154e-03 | ImpactC: 0.000000e+00 | FricC: 0.000000e+00 | FricS: 0.000000e+00 | Interface: 4.752032e-04 | ImpactInv: 0.000000e+00 | FEM MAE: 1.734367e-01 | Time: 0.5255s
L-BFGS Step 33: Total Loss: 1.176751e+00 | PDE: 9.024302e-03 | BC_sides: 5.565108e-05 | Free_top: 7.059936e-03 | Free_bot: 1.419246e-02 | Load: 1.861667e-02 | Energy: -3.656280e-03 | ImpactC: 0.000000e+00 | FricC: 0.000000e+00 | FricS: 0.000000e+00 | Interface: 4.715274e-04 | ImpactInv: 0.000000e+00 | FEM MAE: 1.733715e-01 | Time: 0.5265s
L-BFGS Step 34: Total Loss: 1.174445e+00 | PDE: 9.033157e-03 | BC_sides: 5.577638e-05 | Free_top: 7.062331e-03 | Free_bot: 1.426890e-02 | Load: 1.858681e-02 | Energy: -3.656985e-03 | ImpactC: 0.000000e+00 | FricC: 0.000000e+00 | FricS: 0.000000e+00 | Interface: 4.653264e-04 | ImpactInv: 0.000000e+00 | FEM MAE: 1.732308e-01 | Time: 0.5258s
L-BFGS Step 35: Total Loss: 1.171635e+00 | PDE: 9.015873e-03 | BC_sides: 5.605989e-05 | Free_top: 7.036258e-03 | Free_bot: 1.425652e-02 | Load: 1.858812e-02 | Energy: -3.657930e-03 | ImpactC: 0.000000e+00 | FricC: 0.000000e+00 | FricS: 0.000000e+00 | Interface: 4.628268e-04 | ImpactInv: 0.000000e+00 | FEM MAE: 1.731645e-01 | Time: 0.5212s
L-BFGS Step 36: Total Loss: 1.169923e+00 | PDE: 8.958803e-03 | BC_sides: 5.636757e-05 | Free_top: 7.024610e-03 | Free_bot: 1.426156e-02 | Load: 1.858086e-02 | Energy: -3.657843e-03 | ImpactC: 0.000000e+00 | FricC: 0.000000e+00 | FricS: 0.000000e+00 | Interface: 4.620057e-04 | ImpactInv: 0.000000e+00 | FEM MAE: 1.731103e-01 | Time: 0.5235s
L-BFGS Step 37: Total Loss: 1.168131e+00 | PDE: 8.944834e-03 | BC_sides: 5.651983e-05 | Free_top: 7.014796e-03 | Free_bot: 1.426175e-02 | Load: 1.860288e-02 | Energy: -3.656735e-03 | ImpactC: 0.000000e+00 | FricC: 0.000000e+00 | FricS: 0.000000e+00 | Interface: 4.599734e-04 | ImpactInv: 0.000000e+00 | FEM MAE: 1.730543e-01 | Time: 0.5380s
L-BFGS Step 38: Total Loss: 1.166417e+00 | PDE: 8.844027e-03 | BC_sides: 5.638845e-05 | Free_top: 7.013930e-03 | Free_bot: 1.426862e-02 | Load: 1.863050e-02 | Energy: -3.654870e-03 | ImpactC: 0.000000e+00 | FricC: 0.000000e+00 | FricS: 0.000000e+00 | Interface: 4.601184e-04 | ImpactInv: 0.000000e+00 | FEM MAE: 1.730603e-01 | Time: 0.5257s
L-BFGS Step 39: Total Loss: 1.164925e+00 | PDE: 8.749492e-03 | BC_sides: 5.596716e-05 | Free_top: 7.022458e-03 | Free_bot: 1.430732e-02 | Load: 1.868366e-02 | Energy: -3.650414e-03 | ImpactC: 0.000000e+00 | FricC: 0.000000e+00 | FricS: 0.000000e+00 | Interface: 4.595522e-04 | ImpactInv: 0.000000e+00 | FEM MAE: 1.730600e-01 | Time: 0.5263s
L-BFGS Step 40: Total Loss: 1.162873e+00 | PDE: 8.714228e-03 | BC_sides: 5.581474e-05 | Free_top: 7.027650e-03 | Free_bot: 1.432521e-02 | Load: 1.871112e-02 | Energy: -3.647435e-03 | ImpactC: 0.000000e+00 | FricC: 0.000000e+00 | FricS: 0.000000e+00 | Interface: 4.585508e-04 | ImpactInv: 0.000000e+00 | FEM MAE: 1.730575e-01 | Time: 0.5203s
L-BFGS Step 41: Total Loss: 1.161644e+00 | PDE: 8.637209e-03 | BC_sides: 5.581613e-05 | Free_top: 7.060296e-03 | Free_bot: 1.433623e-02 | Load: 1.872705e-02 | Energy: -3.640433e-03 | ImpactC: 0.000000e+00 | FricC: 0.000000e+00 | FricS: 0.000000e+00 | Interface: 4.562411e-04 | ImpactInv: 0.000000e+00 | FEM MAE: 1.730804e-01 | Time: 0.5254s
L-BFGS Step 42: Total Loss: 1.158825e+00 | PDE: 8.740941e-03 | BC_sides: 5.609903e-05 | Free_top: 7.131197e-03 | Free_bot: 1.433321e-02 | Load: 1.868080e-02 | Energy: -3.632164e-03 | ImpactC: 0.000000e+00 | FricC: 0.000000e+00 | FricS: 0.000000e+00 | Interface: 4.509442e-04 | ImpactInv: 0.000000e+00 | FEM MAE: 1.730997e-01 | Time: 0.5216s
L-BFGS Step 43: Total Loss: 1.156937e+00 | PDE: 8.636479e-03 | BC_sides: 5.623565e-05 | Free_top: 7.171862e-03 | Free_bot: 1.433400e-02 | Load: 1.864697e-02 | Energy: -3.626789e-03 | ImpactC: 0.000000e+00 | FricC: 0.000000e+00 | FricS: 0.000000e+00 | Interface: 4.495714e-04 | ImpactInv: 0.000000e+00 | FEM MAE: 1.731511e-01 | Time: 0.5254s
L-BFGS Step 44: Total Loss: 1.154578e+00 | PDE: 8.621952e-03 | BC_sides: 5.636423e-05 | Free_top: 7.200539e-03 | Free_bot: 1.432935e-02 | Load: 1.858863e-02 | Energy: -3.624395e-03 | ImpactC: 0.000000e+00 | FricC: 0.000000e+00 | FricS: 0.000000e+00 | Interface: 4.486038e-04 | ImpactInv: 0.000000e+00 | FEM MAE: 1.731900e-01 | Time: 0.5254s
L-BFGS Step 45: Total Loss: 1.153209e+00 | PDE: 8.616805e-03 | BC_sides: 5.640373e-05 | Free_top: 7.241178e-03 | Free_bot: 1.437563e-02 | Load: 1.851288e-02 | Energy: -3.619320e-03 | ImpactC: 0.000000e+00 | FricC: 0.000000e+00 | FricS: 0.000000e+00 | Interface: 4.472530e-04 | ImpactInv: 0.000000e+00 | FEM MAE: 1.732210e-01 | Time: 0.5315s
L-BFGS Step 46: Total Loss: 1.151347e+00 | PDE: 8.630774e-03 | BC_sides: 5.627766e-05 | Free_top: 7.296474e-03 | Free_bot: 1.456446e-02 | Load: 1.839712e-02 | Energy: -3.610442e-03 | ImpactC: 0.000000e+00 | FricC: 0.000000e+00 | FricS: 0.000000e+00 | Interface: 4.447695e-04 | ImpactInv: 0.000000e+00 | FEM MAE: 1.732018e-01 | Time: 0.5312s
L-BFGS Step 47: Total Loss: 1.148541e+00 | PDE: 8.616166e-03 | BC_sides: 5.617368e-05 | Free_top: 7.319110e-03 | Free_bot: 1.481607e-02 | Load: 1.830761e-02 | Energy: -3.601579e-03 | ImpactC: 0.000000e+00 | FricC: 0.000000e+00 | FricS: 0.000000e+00 | Interface: 4.434648e-04 | ImpactInv: 0.000000e+00 | FEM MAE: 1.731947e-01 | Time: 0.5313s
L-BFGS Step 48: Total Loss: 1.146276e+00 | PDE: 8.614182e-03 | BC_sides: 5.592451e-05 | Free_top: 7.319430e-03 | Free_bot: 1.496578e-02 | Load: 1.827284e-02 | Energy: -3.598326e-03 | ImpactC: 0.000000e+00 | FricC: 0.000000e+00 | FricS: 0.000000e+00 | Interface: 4.424901e-04 | ImpactInv: 0.000000e+00 | FEM MAE: 1.731544e-01 | Time: 0.5282s
L-BFGS Step 49: Total Loss: 1.145070e+00 | PDE: 8.605636e-03 | BC_sides: 5.569941e-05 | Free_top: 7.305917e-03 | Free_bot: 1.511877e-02 | Load: 1.824015e-02 | Energy: -3.596445e-03 | ImpactC: 0.000000e+00 | FricC: 0.000000e+00 | FricS: 0.000000e+00 | Interface: 4.419406e-04 | ImpactInv: 0.000000e+00 | FEM MAE: 1.731090e-01 | Time: 0.5337s
Model saved to /Users/hanbosong/GitHub/Basic-PiNN-Model-For-Three-Layered-Collision/three-layer-workflow/pinn_model.pth
