Using device: mps
Using p0 = 1.0
MultiLayerPINN(
  (layer): LayerNet(
    (net): Sequential(
      (0): Linear(in_features=21, out_features=64, bias=True)
      (1): Tanh()
      (2): Linear(in_features=64, out_features=64, bias=True)
      (3): Tanh()
      (4): Linear(in_features=64, out_features=64, bias=True)
      (5): Tanh()
      (6): Linear(in_features=64, out_features=64, bias=True)
      (7): Tanh()
      (8): Linear(in_features=64, out_features=3, bias=True)
    )
  )
)
Warm-start loaded from /Users/hanbosong/GitHub/Basic-PiNN-Model-For-Three-Layered-Collision/three-layer-workflow/pinn_model.pth
Loading FEM solution for comparison...
FEM data loaded: (31, 31, 11)
Loading hybrid supervision data (N=36000, E=[1.0, 10.0])...
  Loaded cached FEM supervision: /Users/hanbosong/GitHub/Basic-PiNN-Model-For-Three-Layered-Collision/three-layer-workflow/supervision_cache/fem_supervision_34741efd821c827a.pt (36000 points)
Attached 36000 supervision points to training data.
Starting SOAP Pretraining...
Epoch 0: Total Loss: 35.022091 | PDE: 0.015621 | BC_sides: 0.000055 | Free_top: 0.021100 | Free_bot: 0.029538 | Load: 0.031258 | Energy: -0.002301 | ImpactC: 0.000000 | FricC: 0.000000 | FricS: 0.000000 | Interface: 0.000616 | ImpactInv: 0.000000 | LR: 1.00e-03 | FEM MAE: 0.169421 | Time: 0.9993s
Epoch 100: Total Loss: 2.770044 | PDE: 0.009017 | BC_sides: 0.000065 | Free_top: 0.010311 | Free_bot: 0.016150 | Load: 0.024495 | Energy: -0.004301 | ImpactC: 0.000000 | FricC: 0.000000 | FricS: 0.000000 | Interface: 0.000656 | ImpactInv: 0.000000 | LR: 1.00e-03 | FEM MAE: 0.156073 | Time: 23.5678s
Epoch 200: Total Loss: 1.079949 | PDE: 0.004173 | BC_sides: 0.000057 | Free_top: 0.006331 | Free_bot: 0.011734 | Load: 0.020822 | Energy: -0.004162 | ImpactC: 0.000000 | FricC: 0.000000 | FricS: 0.000000 | Interface: 0.000371 | ImpactInv: 0.000000 | LR: 3.00e-04 | FEM MAE: 0.161899 | Time: 24.4595s
Epoch 300: Total Loss: 0.771839 | PDE: 0.003010 | BC_sides: 0.000057 | Free_top: 0.006444 | Free_bot: 0.012439 | Load: 0.018646 | Energy: -0.003669 | ImpactC: 0.000000 | FricC: 0.000000 | FricS: 0.000000 | Interface: 0.000275 | ImpactInv: 0.000000 | LR: 3.00e-04 | FEM MAE: 0.171702 | Time: 24.1659s
Epoch 400: Total Loss: 0.679717 | PDE: 0.002678 | BC_sides: 0.000056 | Free_top: 0.006657 | Free_bot: 0.012800 | Load: 0.017871 | Energy: -0.003451 | ImpactC: 0.000000 | FricC: 0.000000 | FricS: 0.000000 | Interface: 0.000239 | ImpactInv: 0.000000 | LR: 9.00e-05 | FEM MAE: 0.175829 | Time: 24.0606s
  Resampled with residual-based adaptive sampling at epoch 500
Epoch 500: Total Loss: 0.615871 | PDE: 0.012901 | BC_sides: 0.000202 | Free_top: 0.011482 | Free_bot: 0.035874 | Load: 0.023030 | Energy: -0.002921 | ImpactC: 0.000000 | FricC: 0.000000 | FricS: 0.000000 | Interface: 0.000274 | ImpactInv: 0.000000 | LR: 2.70e-05 | FEM MAE: 0.178300 | Time: 24.1125s
Epoch 600: Total Loss: 0.300699 | PDE: 0.003014 | BC_sides: 0.000242 | Free_top: 0.010956 | Free_bot: 0.030560 | Load: 0.024832 | Energy: -0.002924 | ImpactC: 0.000000 | FricC: 0.000000 | FricS: 0.000000 | Interface: 0.000196 | ImpactInv: 0.000000 | LR: 2.70e-05 | FEM MAE: 0.180989 | Time: 23.4201s
Epoch 700: Total Loss: 0.271609 | PDE: 0.002401 | BC_sides: 0.000273 | Free_top: 0.010559 | Free_bot: 0.026342 | Load: 0.024878 | Energy: -0.002914 | ImpactC: 0.000000 | FricC: 0.000000 | FricS: 0.000000 | Interface: 0.000170 | ImpactInv: 0.000000 | LR: 8.10e-06 | FEM MAE: 0.182815 | Time: 24.8867s
SOAP Pretraining Complete. Total Time: 194.32s
Starting L-BFGS Fine-Tuning...
Running 0 L-BFGS outer steps.
Using fixed collocation set during L-BFGS for stability.
Model saved to /Users/hanbosong/GitHub/Basic-PiNN-Model-For-Three-Layered-Collision/three-layer-workflow/pinn_model.pth
