Using device: mps
Using p0 = 1.0
MultiLayerPINN(
  (layer): LayerNet(
    (net): Sequential(
      (0): Linear(in_features=21, out_features=64, bias=True)
      (1): Tanh()
      (2): Linear(in_features=64, out_features=64, bias=True)
      (3): Tanh()
      (4): Linear(in_features=64, out_features=64, bias=True)
      (5): Tanh()
      (6): Linear(in_features=64, out_features=64, bias=True)
      (7): Tanh()
      (8): Linear(in_features=64, out_features=3, bias=True)
    )
  )
)
Warm-start loaded from /Users/hanbosong/GitHub/Basic-PiNN-Model-For-Three-Layered-Collision/three-layer-workflow/pinn_model.pth
Loading FEM solution for comparison...
FEM data loaded: (31, 31, 11)
Loading hybrid supervision data (N=36000, E=[1.0, 10.0])...
  Loaded cached FEM supervision: /Users/hanbosong/GitHub/Basic-PiNN-Model-For-Three-Layered-Collision/three-layer-workflow/supervision_cache/fem_supervision_34741efd821c827a.pt (36000 points)
Attached 36000 supervision points to training data.
Starting SOAP Pretraining...
Epoch 0: Total Loss: 35.094837 | PDE: 0.018723 | BC_sides: 0.000042 | Free_top: 0.020701 | Free_bot: 0.030960 | Load: 0.029576 | Energy: -0.002153 | ImpactC: 0.000000 | FricC: 0.000000 | FricS: 0.000000 | Interface: 0.000574 | ImpactInv: 0.000000 | LR: 1.00e-03 | FEM MAE: 0.169421 | Time: 0.9754s
Epoch 100: Total Loss: 3.640775 | PDE: 0.010704 | BC_sides: 0.000059 | Free_top: 0.010087 | Free_bot: 0.015198 | Load: 0.024676 | Energy: -0.004038 | ImpactC: 0.000000 | FricC: 0.000000 | FricS: 0.000000 | Interface: 0.000722 | ImpactInv: 0.000000 | LR: 3.00e-04 | FEM MAE: 0.159160 | Time: 26.6152s
Epoch 200: Total Loss: 2.023914 | PDE: 0.006590 | BC_sides: 0.000054 | Free_top: 0.007714 | Free_bot: 0.014463 | Load: 0.022578 | Energy: -0.003950 | ImpactC: 0.000000 | FricC: 0.000000 | FricS: 0.000000 | Interface: 0.000498 | ImpactInv: 0.000000 | LR: 9.00e-05 | FEM MAE: 0.163397 | Time: 26.0561s
Epoch 300: Total Loss: 1.796133 | PDE: 0.005810 | BC_sides: 0.000053 | Free_top: 0.007333 | Free_bot: 0.014100 | Load: 0.022081 | Energy: -0.003923 | ImpactC: 0.000000 | FricC: 0.000000 | FricS: 0.000000 | Interface: 0.000466 | ImpactInv: 0.000000 | LR: 2.70e-05 | FEM MAE: 0.164530 | Time: 27.2317s
SOAP Pretraining Complete. Total Time: 106.57s
Starting L-BFGS Fine-Tuning...
Running 100 L-BFGS outer steps.
Using fixed collocation set during L-BFGS for stability.
L-BFGS Step 0: Total Loss: 1.652359e+00 | PDE: 5.743342e-03 | BC_sides: 5.299963e-05 | Free_top: 7.315406e-03 | Free_bot: 1.405006e-02 | Load: 2.199658e-02 | Energy: -3.918896e-03 | ImpactC: 0.000000e+00 | FricC: 0.000000e+00 | FricS: 0.000000e+00 | Interface: 4.609445e-04 | ImpactInv: 0.000000e+00 | FEM MAE: 1.646739e-01 | Time: 0.9530s
L-BFGS Step 1: Total Loss: 1.652218e+00 | PDE: 5.748637e-03 | BC_sides: 5.299465e-05 | Free_top: 7.323895e-03 | Free_bot: 1.406968e-02 | Load: 2.198105e-02 | Energy: -3.918546e-03 | ImpactC: 0.000000e+00 | FricC: 0.000000e+00 | FricS: 0.000000e+00 | Interface: 4.607083e-04 | ImpactInv: 0.000000e+00 | FEM MAE: 1.646726e-01 | Time: 0.8574s
L-BFGS Step 2: Total Loss: 1.652085e+00 | PDE: 5.809080e-03 | BC_sides: 5.294748e-05 | Free_top: 7.368973e-03 | Free_bot: 1.416960e-02 | Load: 2.189843e-02 | Energy: -3.916571e-03 | ImpactC: 0.000000e+00 | FricC: 0.000000e+00 | FricS: 0.000000e+00 | Interface: 4.593158e-04 | ImpactInv: 0.000000e+00 | FEM MAE: 1.646642e-01 | Time: 0.5159s
L-BFGS Step 3: Total Loss: 1.651626e+00 | PDE: 5.859091e-03 | BC_sides: 5.289618e-05 | Free_top: 7.386687e-03 | Free_bot: 1.420124e-02 | Load: 2.185973e-02 | Energy: -3.915212e-03 | ImpactC: 0.000000e+00 | FricC: 0.000000e+00 | FricS: 0.000000e+00 | Interface: 4.581574e-04 | ImpactInv: 0.000000e+00 | FEM MAE: 1.646596e-01 | Time: 0.5245s
L-BFGS Step 4: Total Loss: 1.651388e+00 | PDE: 5.877679e-03 | BC_sides: 5.285245e-05 | Free_top: 7.391195e-03 | Free_bot: 1.420331e-02 | Load: 2.184186e-02 | Energy: -3.914432e-03 | ImpactC: 0.000000e+00 | FricC: 0.000000e+00 | FricS: 0.000000e+00 | Interface: 4.573665e-04 | ImpactInv: 0.000000e+00 | FEM MAE: 1.646572e-01 | Time: 0.5153s
L-BFGS Step 5: Total Loss: 1.651084e+00 | PDE: 5.982576e-03 | BC_sides: 5.267373e-05 | Free_top: 7.385096e-03 | Free_bot: 1.415205e-02 | Load: 2.180402e-02 | Energy: -3.911272e-03 | ImpactC: 0.000000e+00 | FricC: 0.000000e+00 | FricS: 0.000000e+00 | Interface: 4.540313e-04 | ImpactInv: 0.000000e+00 | FEM MAE: 1.646553e-01 | Time: 0.5090s
L-BFGS Step 6: Total Loss: 1.650192e+00 | PDE: 6.043215e-03 | BC_sides: 5.262545e-05 | Free_top: 7.381041e-03 | Free_bot: 1.412134e-02 | Load: 2.178657e-02 | Energy: -3.909545e-03 | ImpactC: 0.000000e+00 | FricC: 0.000000e+00 | FricS: 0.000000e+00 | Interface: 4.523291e-04 | ImpactInv: 0.000000e+00 | FEM MAE: 1.646584e-01 | Time: 0.5235s
L-BFGS Step 7: Total Loss: 1.649732e+00 | PDE: 6.191646e-03 | BC_sides: 5.268807e-05 | Free_top: 7.401138e-03 | Free_bot: 1.410085e-02 | Load: 2.169662e-02 | Energy: -3.906045e-03 | ImpactC: 0.000000e+00 | FricC: 0.000000e+00 | FricS: 0.000000e+00 | Interface: 4.492431e-04 | ImpactInv: 0.000000e+00 | FEM MAE: 1.646621e-01 | Time: 0.5145s
L-BFGS Step 8: Total Loss: 1.648429e+00 | PDE: 6.494879e-03 | BC_sides: 5.288603e-05 | Free_top: 7.466896e-03 | Free_bot: 1.413505e-02 | Load: 2.151281e-02 | Energy: -3.898633e-03 | ImpactC: 0.000000e+00 | FricC: 0.000000e+00 | FricS: 0.000000e+00 | Interface: 4.445980e-04 | ImpactInv: 0.000000e+00 | FEM MAE: 1.646745e-01 | Time: 0.5131s
L-BFGS Step 9: Total Loss: 1.646767e+00 | PDE: 6.742354e-03 | BC_sides: 5.321152e-05 | Free_top: 7.543879e-03 | Free_bot: 1.418982e-02 | Load: 2.134018e-02 | Energy: -3.893702e-03 | ImpactC: 0.000000e+00 | FricC: 0.000000e+00 | FricS: 0.000000e+00 | Interface: 4.419567e-04 | ImpactInv: 0.000000e+00 | FEM MAE: 1.646765e-01 | Time: 0.5149s
L-BFGS Step 10: Total Loss: 1.645406e+00 | PDE: 6.611645e-03 | BC_sides: 5.332492e-05 | Free_top: 7.563335e-03 | Free_bot: 1.423959e-02 | Load: 2.132136e-02 | Energy: -3.895307e-03 | ImpactC: 0.000000e+00 | FricC: 0.000000e+00 | FricS: 0.000000e+00 | Interface: 4.434185e-04 | ImpactInv: 0.000000e+00 | FEM MAE: 1.646720e-01 | Time: 0.5296s
L-BFGS Step 11: Total Loss: 1.644298e+00 | PDE: 6.560134e-03 | BC_sides: 5.347089e-05 | Free_top: 7.610040e-03 | Free_bot: 1.432720e-02 | Load: 2.126126e-02 | Energy: -3.895904e-03 | ImpactC: 0.000000e+00 | FricC: 0.000000e+00 | FricS: 0.000000e+00 | Interface: 4.453000e-04 | ImpactInv: 0.000000e+00 | FEM MAE: 1.646639e-01 | Time: 0.5227s
L-BFGS Step 12: Total Loss: 1.643350e+00 | PDE: 6.566688e-03 | BC_sides: 5.349551e-05 | Free_top: 7.640246e-03 | Free_bot: 1.436238e-02 | Load: 2.121166e-02 | Energy: -3.895060e-03 | ImpactC: 0.000000e+00 | FricC: 0.000000e+00 | FricS: 0.000000e+00 | Interface: 4.461534e-04 | ImpactInv: 0.000000e+00 | FEM MAE: 1.646594e-01 | Time: 0.5172s
L-BFGS Step 13: Total Loss: 1.642389e+00 | PDE: 6.700035e-03 | BC_sides: 5.346399e-05 | Free_top: 7.724252e-03 | Free_bot: 1.440595e-02 | Load: 2.103622e-02 | Energy: -3.889676e-03 | ImpactC: 0.000000e+00 | FricC: 0.000000e+00 | FricS: 0.000000e+00 | Interface: 4.481859e-04 | ImpactInv: 0.000000e+00 | FEM MAE: 1.646578e-01 | Time: 0.5181s
L-BFGS Step 14: Total Loss: 1.638728e+00 | PDE: 6.938728e-03 | BC_sides: 5.365498e-05 | Free_top: 7.782442e-03 | Free_bot: 1.439334e-02 | Load: 2.084692e-02 | Energy: -3.883963e-03 | ImpactC: 0.000000e+00 | FricC: 0.000000e+00 | FricS: 0.000000e+00 | Interface: 4.498889e-04 | ImpactInv: 0.000000e+00 | FEM MAE: 1.646937e-01 | Time: 0.5291s
L-BFGS Step 15: Total Loss: 1.634375e+00 | PDE: 8.108912e-03 | BC_sides: 5.404787e-05 | Free_top: 7.854943e-03 | Free_bot: 1.434080e-02 | Load: 2.049498e-02 | Energy: -3.868652e-03 | ImpactC: 0.000000e+00 | FricC: 0.000000e+00 | FricS: 0.000000e+00 | Interface: 4.524586e-04 | ImpactInv: 0.000000e+00 | FEM MAE: 1.648024e-01 | Time: 0.5374s
L-BFGS Step 16: Total Loss: 1.632892e+00 | PDE: 7.523874e-03 | BC_sides: 5.411034e-05 | Free_top: 7.778914e-03 | Free_bot: 1.425308e-02 | Load: 2.056064e-02 | Energy: -3.872270e-03 | ImpactC: 0.000000e+00 | FricC: 0.000000e+00 | FricS: 0.000000e+00 | Interface: 4.465888e-04 | ImpactInv: 0.000000e+00 | FEM MAE: 1.648179e-01 | Time: 0.5243s
L-BFGS Step 17: Total Loss: 1.626660e+00 | PDE: 7.473231e-03 | BC_sides: 5.422250e-05 | Free_top: 7.717731e-03 | Free_bot: 1.418934e-02 | Load: 2.059170e-02 | Energy: -3.873523e-03 | ImpactC: 0.000000e+00 | FricC: 0.000000e+00 | FricS: 0.000000e+00 | Interface: 4.423780e-04 | ImpactInv: 0.000000e+00 | FEM MAE: 1.648464e-01 | Time: 0.5303s
L-BFGS Step 18: Total Loss: 1.624857e+00 | PDE: 7.564166e-03 | BC_sides: 5.442505e-05 | Free_top: 7.653851e-03 | Free_bot: 1.413756e-02 | Load: 2.058850e-02 | Energy: -3.872934e-03 | ImpactC: 0.000000e+00 | FricC: 0.000000e+00 | FricS: 0.000000e+00 | Interface: 4.382515e-04 | ImpactInv: 0.000000e+00 | FEM MAE: 1.648970e-01 | Time: 0.5222s
L-BFGS Step 19: Total Loss: 1.622510e+00 | PDE: 7.780029e-03 | BC_sides: 5.458984e-05 | Free_top: 7.585120e-03 | Free_bot: 1.412381e-02 | Load: 2.054045e-02 | Energy: -3.868604e-03 | ImpactC: 0.000000e+00 | FricC: 0.000000e+00 | FricS: 0.000000e+00 | Interface: 4.347280e-04 | ImpactInv: 0.000000e+00 | FEM MAE: 1.649803e-01 | Time: 0.5201s
L-BFGS Step 20: Total Loss: 1.618247e+00 | PDE: 8.087622e-03 | BC_sides: 5.443516e-05 | Free_top: 7.521060e-03 | Free_bot: 1.417492e-02 | Load: 2.046302e-02 | Energy: -3.858830e-03 | ImpactC: 0.000000e+00 | FricC: 0.000000e+00 | FricS: 0.000000e+00 | Interface: 4.337578e-04 | ImpactInv: 0.000000e+00 | FEM MAE: 1.651263e-01 | Time: 0.5556s
L-BFGS Step 21: Total Loss: 1.610781e+00 | PDE: 9.579896e-03 | BC_sides: 5.444038e-05 | Free_top: 7.553258e-03 | Free_bot: 1.473626e-02 | Load: 2.026714e-02 | Energy: -3.845009e-03 | ImpactC: 0.000000e+00 | FricC: 0.000000e+00 | FricS: 0.000000e+00 | Interface: 4.379128e-04 | ImpactInv: 0.000000e+00 | FEM MAE: 1.654326e-01 | Time: 0.5309s
L-BFGS Step 22: Total Loss: 1.607239e+00 | PDE: 8.896927e-03 | BC_sides: 5.386622e-05 | Free_top: 7.478300e-03 | Free_bot: 1.458173e-02 | Load: 2.035119e-02 | Energy: -3.840068e-03 | ImpactC: 0.000000e+00 | FricC: 0.000000e+00 | FricS: 0.000000e+00 | Interface: 4.346029e-04 | ImpactInv: 0.000000e+00 | FEM MAE: 1.655057e-01 | Time: 0.5255s
L-BFGS Step 23: Total Loss: 1.594964e+00 | PDE: 8.689768e-03 | BC_sides: 5.355144e-05 | Free_top: 7.507141e-03 | Free_bot: 1.464170e-02 | Load: 2.036721e-02 | Energy: -3.840696e-03 | ImpactC: 0.000000e+00 | FricC: 0.000000e+00 | FricS: 0.000000e+00 | Interface: 4.340342e-04 | ImpactInv: 0.000000e+00 | FEM MAE: 1.655111e-01 | Time: 0.5585s
L-BFGS Step 24: Total Loss: 1.589500e+00 | PDE: 8.756911e-03 | BC_sides: 5.308146e-05 | Free_top: 7.491461e-03 | Free_bot: 1.479450e-02 | Load: 2.044961e-02 | Energy: -3.841873e-03 | ImpactC: 0.000000e+00 | FricC: 0.000000e+00 | FricS: 0.000000e+00 | Interface: 4.352306e-04 | ImpactInv: 0.000000e+00 | FEM MAE: 1.656091e-01 | Time: 0.5389s
L-BFGS Step 25: Total Loss: 1.582179e+00 | PDE: 9.516043e-03 | BC_sides: 5.303255e-05 | Free_top: 7.385721e-03 | Free_bot: 1.475884e-02 | Load: 2.042237e-02 | Energy: -3.847325e-03 | ImpactC: 0.000000e+00 | FricC: 0.000000e+00 | FricS: 0.000000e+00 | Interface: 4.380003e-04 | ImpactInv: 0.000000e+00 | FEM MAE: 1.657102e-01 | Time: 0.5650s
L-BFGS Step 26: Total Loss: 1.578108e+00 | PDE: 9.116088e-03 | BC_sides: 5.288652e-05 | Free_top: 7.295969e-03 | Free_bot: 1.478962e-02 | Load: 2.049123e-02 | Energy: -3.850111e-03 | ImpactC: 0.000000e+00 | FricC: 0.000000e+00 | FricS: 0.000000e+00 | Interface: 4.367126e-04 | ImpactInv: 0.000000e+00 | FEM MAE: 1.657724e-01 | Time: 0.5366s
L-BFGS Step 27: Total Loss: 1.570791e+00 | PDE: 9.092645e-03 | BC_sides: 5.298358e-05 | Free_top: 7.133044e-03 | Free_bot: 1.470999e-02 | Load: 2.048022e-02 | Energy: -3.853964e-03 | ImpactC: 0.000000e+00 | FricC: 0.000000e+00 | FricS: 0.000000e+00 | Interface: 4.359107e-04 | ImpactInv: 0.000000e+00 | FEM MAE: 1.658669e-01 | Time: 0.5329s
L-BFGS Step 28: Total Loss: 1.564810e+00 | PDE: 9.204237e-03 | BC_sides: 5.311137e-05 | Free_top: 6.995930e-03 | Free_bot: 1.460641e-02 | Load: 2.041990e-02 | Energy: -3.857494e-03 | ImpactC: 0.000000e+00 | FricC: 0.000000e+00 | FricS: 0.000000e+00 | Interface: 4.367270e-04 | ImpactInv: 0.000000e+00 | FEM MAE: 1.659395e-01 | Time: 0.5555s
L-BFGS Step 29: Total Loss: 1.560583e+00 | PDE: 9.280413e-03 | BC_sides: 5.297250e-05 | Free_top: 6.857989e-03 | Free_bot: 1.457273e-02 | Load: 2.030731e-02 | Energy: -3.860848e-03 | ImpactC: 0.000000e+00 | FricC: 0.000000e+00 | FricS: 0.000000e+00 | Interface: 4.396043e-04 | ImpactInv: 0.000000e+00 | FEM MAE: 1.660285e-01 | Time: 0.5574s
L-BFGS Step 30: Total Loss: 1.551888e+00 | PDE: 9.577386e-03 | BC_sides: 5.311335e-05 | Free_top: 6.656115e-03 | Free_bot: 1.474982e-02 | Load: 2.029207e-02 | Energy: -3.872883e-03 | ImpactC: 0.000000e+00 | FricC: 0.000000e+00 | FricS: 0.000000e+00 | Interface: 4.464854e-04 | ImpactInv: 0.000000e+00 | FEM MAE: 1.661821e-01 | Time: 0.5387s
L-BFGS Step 31: Total Loss: 1.535818e+00 | PDE: 9.712205e-03 | BC_sides: 5.245358e-05 | Free_top: 6.683382e-03 | Free_bot: 1.519558e-02 | Load: 2.009100e-02 | Energy: -3.871126e-03 | ImpactC: 0.000000e+00 | FricC: 0.000000e+00 | FricS: 0.000000e+00 | Interface: 4.516273e-04 | ImpactInv: 0.000000e+00 | FEM MAE: 1.662569e-01 | Time: 0.8034s
L-BFGS Step 32: Total Loss: 1.527576e+00 | PDE: 9.311128e-03 | BC_sides: 5.203903e-05 | Free_top: 6.752529e-03 | Free_bot: 1.545197e-02 | Load: 2.007874e-02 | Energy: -3.870261e-03 | ImpactC: 0.000000e+00 | FricC: 0.000000e+00 | FricS: 0.000000e+00 | Interface: 4.528625e-04 | ImpactInv: 0.000000e+00 | FEM MAE: 1.662279e-01 | Time: 0.5435s
L-BFGS Step 33: Total Loss: 1.520726e+00 | PDE: 9.150241e-03 | BC_sides: 5.205659e-05 | Free_top: 6.825126e-03 | Free_bot: 1.559993e-02 | Load: 2.009841e-02 | Energy: -3.868838e-03 | ImpactC: 0.000000e+00 | FricC: 0.000000e+00 | FricS: 0.000000e+00 | Interface: 4.535401e-04 | ImpactInv: 0.000000e+00 | FEM MAE: 1.662113e-01 | Time: 0.5309s
L-BFGS Step 34: Total Loss: 1.516075e+00 | PDE: 9.004477e-03 | BC_sides: 5.190722e-05 | Free_top: 6.855083e-03 | Free_bot: 1.566980e-02 | Load: 2.012179e-02 | Energy: -3.868676e-03 | ImpactC: 0.000000e+00 | FricC: 0.000000e+00 | FricS: 0.000000e+00 | Interface: 4.545532e-04 | ImpactInv: 0.000000e+00 | FEM MAE: 1.662112e-01 | Time: 0.5210s
L-BFGS Step 35: Total Loss: 1.511578e+00 | PDE: 9.389384e-03 | BC_sides: 5.222464e-05 | Free_top: 6.951604e-03 | Free_bot: 1.576268e-02 | Load: 1.997771e-02 | Energy: -3.865863e-03 | ImpactC: 0.000000e+00 | FricC: 0.000000e+00 | FricS: 0.000000e+00 | Interface: 4.553603e-04 | ImpactInv: 0.000000e+00 | FEM MAE: 1.662852e-01 | Time: 0.5206s
L-BFGS Step 36: Total Loss: 1.503933e+00 | PDE: 9.151880e-03 | BC_sides: 5.225074e-05 | Free_top: 6.836292e-03 | Free_bot: 1.557741e-02 | Load: 2.003296e-02 | Energy: -3.871192e-03 | ImpactC: 0.000000e+00 | FricC: 0.000000e+00 | FricS: 0.000000e+00 | Interface: 4.577746e-04 | ImpactInv: 0.000000e+00 | FEM MAE: 1.663643e-01 | Time: 0.5201s
L-BFGS Step 37: Total Loss: 1.497509e+00 | PDE: 9.097802e-03 | BC_sides: 5.235884e-05 | Free_top: 6.761845e-03 | Free_bot: 1.540275e-02 | Load: 2.003754e-02 | Energy: -3.873429e-03 | ImpactC: 0.000000e+00 | FricC: 0.000000e+00 | FricS: 0.000000e+00 | Interface: 4.572533e-04 | ImpactInv: 0.000000e+00 | FEM MAE: 1.664199e-01 | Time: 0.5210s
L-BFGS Step 38: Total Loss: 1.494539e+00 | PDE: 9.063691e-03 | BC_sides: 5.239507e-05 | Free_top: 6.732465e-03 | Free_bot: 1.526301e-02 | Load: 2.005595e-02 | Energy: -3.873456e-03 | ImpactC: 0.000000e+00 | FricC: 0.000000e+00 | FricS: 0.000000e+00 | Interface: 4.560211e-04 | ImpactInv: 0.000000e+00 | FEM MAE: 1.664677e-01 | Time: 0.5225s
L-BFGS Step 39: Total Loss: 1.490489e+00 | PDE: 8.985525e-03 | BC_sides: 5.248416e-05 | Free_top: 6.702387e-03 | Free_bot: 1.493857e-02 | Load: 2.018505e-02 | Energy: -3.874046e-03 | ImpactC: 0.000000e+00 | FricC: 0.000000e+00 | FricS: 0.000000e+00 | Interface: 4.556358e-04 | ImpactInv: 0.000000e+00 | FEM MAE: 1.665293e-01 | Time: 0.5287s
L-BFGS Step 40: Total Loss: 1.480910e+00 | PDE: 9.060498e-03 | BC_sides: 5.136125e-05 | Free_top: 6.814674e-03 | Free_bot: 1.506016e-02 | Load: 2.018380e-02 | Energy: -3.861082e-03 | ImpactC: 0.000000e+00 | FricC: 0.000000e+00 | FricS: 0.000000e+00 | Interface: 4.543588e-04 | ImpactInv: 0.000000e+00 | FEM MAE: 1.666152e-01 | Time: 0.7994s
L-BFGS Step 41: Total Loss: 1.476214e+00 | PDE: 9.006998e-03 | BC_sides: 5.155730e-05 | Free_top: 6.853618e-03 | Free_bot: 1.491886e-02 | Load: 2.023237e-02 | Energy: -3.862005e-03 | ImpactC: 0.000000e+00 | FricC: 0.000000e+00 | FricS: 0.000000e+00 | Interface: 4.558387e-04 | ImpactInv: 0.000000e+00 | FEM MAE: 1.666071e-01 | Time: 0.5580s
L-BFGS Step 42: Total Loss: 1.469707e+00 | PDE: 8.860840e-03 | BC_sides: 5.160663e-05 | Free_top: 6.897595e-03 | Free_bot: 1.488893e-02 | Load: 2.026560e-02 | Energy: -3.862685e-03 | ImpactC: 0.000000e+00 | FricC: 0.000000e+00 | FricS: 0.000000e+00 | Interface: 4.566707e-04 | ImpactInv: 0.000000e+00 | FEM MAE: 1.665958e-01 | Time: 0.5603s
L-BFGS Step 43: Total Loss: 1.463941e+00 | PDE: 8.793490e-03 | BC_sides: 5.178111e-05 | Free_top: 6.913902e-03 | Free_bot: 1.493644e-02 | Load: 2.026385e-02 | Energy: -3.864566e-03 | ImpactC: 0.000000e+00 | FricC: 0.000000e+00 | FricS: 0.000000e+00 | Interface: 4.564081e-04 | ImpactInv: 0.000000e+00 | FEM MAE: 1.666320e-01 | Time: 0.5876s
L-BFGS Step 44: Total Loss: 1.457214e+00 | PDE: 8.944239e-03 | BC_sides: 5.183774e-05 | Free_top: 6.860017e-03 | Free_bot: 1.509163e-02 | Load: 2.031133e-02 | Energy: -3.868211e-03 | ImpactC: 0.000000e+00 | FricC: 0.000000e+00 | FricS: 0.000000e+00 | Interface: 4.538627e-04 | ImpactInv: 0.000000e+00 | FEM MAE: 1.667778e-01 | Time: 0.5738s
L-BFGS Step 45: Total Loss: 1.449872e+00 | PDE: 8.998971e-03 | BC_sides: 5.251910e-05 | Free_top: 6.742193e-03 | Free_bot: 1.502091e-02 | Load: 2.027740e-02 | Energy: -3.878928e-03 | ImpactC: 0.000000e+00 | FricC: 0.000000e+00 | FricS: 0.000000e+00 | Interface: 4.543285e-04 | ImpactInv: 0.000000e+00 | FEM MAE: 1.669052e-01 | Time: 0.5368s
L-BFGS Step 46: Total Loss: 1.442595e+00 | PDE: 8.960268e-03 | BC_sides: 5.270870e-05 | Free_top: 6.694715e-03 | Free_bot: 1.507135e-02 | Load: 2.020713e-02 | Energy: -3.881873e-03 | ImpactC: 0.000000e+00 | FricC: 0.000000e+00 | FricS: 0.000000e+00 | Interface: 4.522349e-04 | ImpactInv: 0.000000e+00 | FEM MAE: 1.669988e-01 | Time: 0.5384s
L-BFGS Step 47: Total Loss: 1.437155e+00 | PDE: 8.861953e-03 | BC_sides: 5.299818e-05 | Free_top: 6.625054e-03 | Free_bot: 1.504651e-02 | Load: 2.020386e-02 | Energy: -3.890121e-03 | ImpactC: 0.000000e+00 | FricC: 0.000000e+00 | FricS: 0.000000e+00 | Interface: 4.504886e-04 | ImpactInv: 0.000000e+00 | FEM MAE: 1.671763e-01 | Time: 0.5319s
L-BFGS Step 48: Total Loss: 1.427925e+00 | PDE: 8.878963e-03 | BC_sides: 5.345692e-05 | Free_top: 6.651630e-03 | Free_bot: 1.510475e-02 | Load: 2.014895e-02 | Energy: -3.894437e-03 | ImpactC: 0.000000e+00 | FricC: 0.000000e+00 | FricS: 0.000000e+00 | Interface: 4.499700e-04 | ImpactInv: 0.000000e+00 | FEM MAE: 1.673421e-01 | Time: 0.5692s
L-BFGS Step 49: Total Loss: 1.420628e+00 | PDE: 8.910906e-03 | BC_sides: 5.354398e-05 | Free_top: 6.693869e-03 | Free_bot: 1.485116e-02 | Load: 2.021633e-02 | Energy: -3.900806e-03 | ImpactC: 0.000000e+00 | FricC: 0.000000e+00 | FricS: 0.000000e+00 | Interface: 4.532910e-04 | ImpactInv: 0.000000e+00 | FEM MAE: 1.676278e-01 | Time: 0.5541s
L-BFGS Step 50: Total Loss: 1.410666e+00 | PDE: 9.031917e-03 | BC_sides: 5.520272e-05 | Free_top: 6.751387e-03 | Free_bot: 1.486902e-02 | Load: 2.021241e-02 | Energy: -3.911317e-03 | ImpactC: 0.000000e+00 | FricC: 0.000000e+00 | FricS: 0.000000e+00 | Interface: 4.540327e-04 | ImpactInv: 0.000000e+00 | FEM MAE: 1.678582e-01 | Time: 0.5538s
L-BFGS Step 51: Total Loss: 1.405012e+00 | PDE: 8.857018e-03 | BC_sides: 5.486925e-05 | Free_top: 6.783812e-03 | Free_bot: 1.482276e-02 | Load: 2.015557e-02 | Energy: -3.905942e-03 | ImpactC: 0.000000e+00 | FricC: 0.000000e+00 | FricS: 0.000000e+00 | Interface: 4.529050e-04 | ImpactInv: 0.000000e+00 | FEM MAE: 1.678357e-01 | Time: 0.5614s
L-BFGS Step 52: Total Loss: 1.400251e+00 | PDE: 8.670578e-03 | BC_sides: 5.464583e-05 | Free_top: 6.788442e-03 | Free_bot: 1.465736e-02 | Load: 2.017751e-02 | Energy: -3.903002e-03 | ImpactC: 0.000000e+00 | FricC: 0.000000e+00 | FricS: 0.000000e+00 | Interface: 4.532152e-04 | ImpactInv: 0.000000e+00 | FEM MAE: 1.678584e-01 | Time: 0.5668s
L-BFGS Step 53: Total Loss: 1.394929e+00 | PDE: 8.688620e-03 | BC_sides: 5.486609e-05 | Free_top: 6.779398e-03 | Free_bot: 1.449987e-02 | Load: 2.013908e-02 | Energy: -3.902954e-03 | ImpactC: 0.000000e+00 | FricC: 0.000000e+00 | FricS: 0.000000e+00 | Interface: 4.533807e-04 | ImpactInv: 0.000000e+00 | FEM MAE: 1.679796e-01 | Time: 0.5482s
L-BFGS Step 54: Total Loss: 1.389610e+00 | PDE: 8.726742e-03 | BC_sides: 5.521196e-05 | Free_top: 6.724087e-03 | Free_bot: 1.421133e-02 | Load: 2.013282e-02 | Energy: -3.907770e-03 | ImpactC: 0.000000e+00 | FricC: 0.000000e+00 | FricS: 0.000000e+00 | Interface: 4.555686e-04 | ImpactInv: 0.000000e+00 | FEM MAE: 1.681989e-01 | Time: 0.5518s
L-BFGS Step 55: Total Loss: 1.379215e+00 | PDE: 9.266519e-03 | BC_sides: 5.700731e-05 | Free_top: 6.728312e-03 | Free_bot: 1.369658e-02 | Load: 2.009831e-02 | Energy: -3.918703e-03 | ImpactC: 0.000000e+00 | FricC: 0.000000e+00 | FricS: 0.000000e+00 | Interface: 4.555134e-04 | ImpactInv: 0.000000e+00 | FEM MAE: 1.685817e-01 | Time: 0.5442s
L-BFGS Step 56: Total Loss: 1.374204e+00 | PDE: 8.873471e-03 | BC_sides: 5.647598e-05 | Free_top: 6.697126e-03 | Free_bot: 1.382139e-02 | Load: 2.009342e-02 | Energy: -3.918454e-03 | ImpactC: 0.000000e+00 | FricC: 0.000000e+00 | FricS: 0.000000e+00 | Interface: 4.548864e-04 | ImpactInv: 0.000000e+00 | FEM MAE: 1.685186e-01 | Time: 0.5696s
L-BFGS Step 57: Total Loss: 1.367621e+00 | PDE: 8.726687e-03 | BC_sides: 5.630235e-05 | Free_top: 6.681336e-03 | Free_bot: 1.389601e-02 | Load: 2.007837e-02 | Energy: -3.919232e-03 | ImpactC: 0.000000e+00 | FricC: 0.000000e+00 | FricS: 0.000000e+00 | Interface: 4.545632e-04 | ImpactInv: 0.000000e+00 | FEM MAE: 1.684741e-01 | Time: 0.6820s
L-BFGS Step 58: Total Loss: 1.364110e+00 | PDE: 8.692225e-03 | BC_sides: 5.629708e-05 | Free_top: 6.671518e-03 | Free_bot: 1.390212e-02 | Load: 2.005923e-02 | Energy: -3.919652e-03 | ImpactC: 0.000000e+00 | FricC: 0.000000e+00 | FricS: 0.000000e+00 | Interface: 4.546264e-04 | ImpactInv: 0.000000e+00 | FEM MAE: 1.684545e-01 | Time: 0.6326s
L-BFGS Step 59: Total Loss: 1.360858e+00 | PDE: 8.711263e-03 | BC_sides: 5.654724e-05 | Free_top: 6.655157e-03 | Free_bot: 1.389292e-02 | Load: 1.998000e-02 | Energy: -3.919333e-03 | ImpactC: 0.000000e+00 | FricC: 0.000000e+00 | FricS: 0.000000e+00 | Interface: 4.560803e-04 | ImpactInv: 0.000000e+00 | FEM MAE: 1.684892e-01 | Time: 0.6163s
L-BFGS Step 60: Total Loss: 1.353795e+00 | PDE: 8.891884e-03 | BC_sides: 5.700892e-05 | Free_top: 6.680267e-03 | Free_bot: 1.382040e-02 | Load: 1.983078e-02 | Energy: -3.918733e-03 | ImpactC: 0.000000e+00 | FricC: 0.000000e+00 | FricS: 0.000000e+00 | Interface: 4.604143e-04 | ImpactInv: 0.000000e+00 | FEM MAE: 1.686079e-01 | Time: 0.5457s
L-BFGS Step 61: Total Loss: 1.344066e+00 | PDE: 8.861058e-03 | BC_sides: 5.784200e-05 | Free_top: 6.681997e-03 | Free_bot: 1.387341e-02 | Load: 1.967439e-02 | Energy: -3.918358e-03 | ImpactC: 0.000000e+00 | FricC: 0.000000e+00 | FricS: 0.000000e+00 | Interface: 4.663423e-04 | ImpactInv: 0.000000e+00 | FEM MAE: 1.688337e-01 | Time: 0.5466s
L-BFGS Step 62: Total Loss: 1.335467e+00 | PDE: 8.777712e-03 | BC_sides: 5.810083e-05 | Free_top: 6.678652e-03 | Free_bot: 1.391886e-02 | Load: 1.962548e-02 | Energy: -3.917696e-03 | ImpactC: 0.000000e+00 | FricC: 0.000000e+00 | FricS: 0.000000e+00 | Interface: 4.675793e-04 | ImpactInv: 0.000000e+00 | FEM MAE: 1.689960e-01 | Time: 0.6212s
L-BFGS Step 63: Total Loss: 1.329925e+00 | PDE: 8.785845e-03 | BC_sides: 5.829984e-05 | Free_top: 6.701455e-03 | Free_bot: 1.398651e-02 | Load: 1.955119e-02 | Energy: -3.914932e-03 | ImpactC: 0.000000e+00 | FricC: 0.000000e+00 | FricS: 0.000000e+00 | Interface: 4.681573e-04 | ImpactInv: 0.000000e+00 | FEM MAE: 1.692789e-01 | Time: 0.5935s
L-BFGS Step 64: Total Loss: 1.324290e+00 | PDE: 8.960731e-03 | BC_sides: 5.840338e-05 | Free_top: 6.682615e-03 | Free_bot: 1.425030e-02 | Load: 1.945078e-02 | Energy: -3.908877e-03 | ImpactC: 0.000000e+00 | FricC: 0.000000e+00 | FricS: 0.000000e+00 | Interface: 4.676481e-04 | ImpactInv: 0.000000e+00 | FEM MAE: 1.693997e-01 | Time: 0.5387s
L-BFGS Step 65: Total Loss: 1.318621e+00 | PDE: 8.910582e-03 | BC_sides: 5.817371e-05 | Free_top: 6.697580e-03 | Free_bot: 1.432539e-02 | Load: 1.938167e-02 | Energy: -3.902353e-03 | ImpactC: 0.000000e+00 | FricC: 0.000000e+00 | FricS: 0.000000e+00 | Interface: 4.671121e-04 | ImpactInv: 0.000000e+00 | FEM MAE: 1.695974e-01 | Time: 0.5461s
L-BFGS Step 66: Total Loss: 1.313681e+00 | PDE: 8.857843e-03 | BC_sides: 5.766067e-05 | Free_top: 6.756191e-03 | Free_bot: 1.447485e-02 | Load: 1.930229e-02 | Energy: -3.887956e-03 | ImpactC: 0.000000e+00 | FricC: 0.000000e+00 | FricS: 0.000000e+00 | Interface: 4.664556e-04 | ImpactInv: 0.000000e+00 | FEM MAE: 1.698265e-01 | Time: 0.5545s
L-BFGS Step 67: Total Loss: 1.307615e+00 | PDE: 8.862743e-03 | BC_sides: 5.753205e-05 | Free_top: 6.757557e-03 | Free_bot: 1.458309e-02 | Load: 1.927210e-02 | Energy: -3.881342e-03 | ImpactC: 0.000000e+00 | FricC: 0.000000e+00 | FricS: 0.000000e+00 | Interface: 4.657756e-04 | ImpactInv: 0.000000e+00 | FEM MAE: 1.699481e-01 | Time: 0.5961s
L-BFGS Step 68: Total Loss: 1.304690e+00 | PDE: 8.836240e-03 | BC_sides: 5.736425e-05 | Free_top: 6.782438e-03 | Free_bot: 1.477221e-02 | Load: 1.924703e-02 | Energy: -3.865059e-03 | ImpactC: 0.000000e+00 | FricC: 0.000000e+00 | FricS: 0.000000e+00 | Interface: 4.645605e-04 | ImpactInv: 0.000000e+00 | FEM MAE: 1.701099e-01 | Time: 0.5418s
L-BFGS Step 69: Total Loss: 1.299560e+00 | PDE: 8.854648e-03 | BC_sides: 5.664818e-05 | Free_top: 6.743106e-03 | Free_bot: 1.486847e-02 | Load: 1.925427e-02 | Energy: -3.849556e-03 | ImpactC: 0.000000e+00 | FricC: 0.000000e+00 | FricS: 0.000000e+00 | Interface: 4.641224e-04 | ImpactInv: 0.000000e+00 | FEM MAE: 1.701280e-01 | Time: 0.5380s
L-BFGS Step 70: Total Loss: 1.295523e+00 | PDE: 8.710280e-03 | BC_sides: 5.679730e-05 | Free_top: 6.745438e-03 | Free_bot: 1.493362e-02 | Load: 1.927442e-02 | Energy: -3.846344e-03 | ImpactC: 0.000000e+00 | FricC: 0.000000e+00 | FricS: 0.000000e+00 | Interface: 4.641107e-04 | ImpactInv: 0.000000e+00 | FEM MAE: 1.702049e-01 | Time: 0.6290s
L-BFGS Step 71: Total Loss: 1.291945e+00 | PDE: 8.617319e-03 | BC_sides: 5.695839e-05 | Free_top: 6.734299e-03 | Free_bot: 1.492432e-02 | Load: 1.929397e-02 | Energy: -3.845377e-03 | ImpactC: 0.000000e+00 | FricC: 0.000000e+00 | FricS: 0.000000e+00 | Interface: 4.631303e-04 | ImpactInv: 0.000000e+00 | FEM MAE: 1.702372e-01 | Time: 0.5651s
L-BFGS Step 72: Total Loss: 1.288748e+00 | PDE: 8.588621e-03 | BC_sides: 5.692389e-05 | Free_top: 6.722628e-03 | Free_bot: 1.489479e-02 | Load: 1.931558e-02 | Energy: -3.844183e-03 | ImpactC: 0.000000e+00 | FricC: 0.000000e+00 | FricS: 0.000000e+00 | Interface: 4.619323e-04 | ImpactInv: 0.000000e+00 | FEM MAE: 1.702692e-01 | Time: 0.6515s
L-BFGS Step 73: Total Loss: 1.285935e+00 | PDE: 8.568601e-03 | BC_sides: 5.659335e-05 | Free_top: 6.705760e-03 | Free_bot: 1.482205e-02 | Load: 1.936141e-02 | Energy: -3.839895e-03 | ImpactC: 0.000000e+00 | FricC: 0.000000e+00 | FricS: 0.000000e+00 | Interface: 4.601886e-04 | ImpactInv: 0.000000e+00 | FEM MAE: 1.703376e-01 | Time: 0.5554s
L-BFGS Step 74: Total Loss: 1.281742e+00 | PDE: 8.491641e-03 | BC_sides: 5.605555e-05 | Free_top: 6.708622e-03 | Free_bot: 1.479186e-02 | Load: 1.940784e-02 | Energy: -3.832069e-03 | ImpactC: 0.000000e+00 | FricC: 0.000000e+00 | FricS: 0.000000e+00 | Interface: 4.588783e-04 | ImpactInv: 0.000000e+00 | FEM MAE: 1.704495e-01 | Time: 0.5392s
L-BFGS Step 75: Total Loss: 1.275841e+00 | PDE: 8.678246e-03 | BC_sides: 5.481155e-05 | Free_top: 6.698531e-03 | Free_bot: 1.468694e-02 | Load: 1.943185e-02 | Energy: -3.814586e-03 | ImpactC: 0.000000e+00 | FricC: 0.000000e+00 | FricS: 0.000000e+00 | Interface: 4.562500e-04 | ImpactInv: 0.000000e+00 | FEM MAE: 1.705788e-01 | Time: 0.5794s
L-BFGS Step 76: Total Loss: 1.268329e+00 | PDE: 8.608125e-03 | BC_sides: 5.457546e-05 | Free_top: 6.733565e-03 | Free_bot: 1.477907e-02 | Load: 1.941554e-02 | Energy: -3.810049e-03 | ImpactC: 0.000000e+00 | FricC: 0.000000e+00 | FricS: 0.000000e+00 | Interface: 4.571685e-04 | ImpactInv: 0.000000e+00 | FEM MAE: 1.706389e-01 | Time: 0.5506s
L-BFGS Step 77: Total Loss: 1.264603e+00 | PDE: 8.615974e-03 | BC_sides: 5.464613e-05 | Free_top: 6.767050e-03 | Free_bot: 1.489681e-02 | Load: 1.940324e-02 | Energy: -3.809935e-03 | ImpactC: 0.000000e+00 | FricC: 0.000000e+00 | FricS: 0.000000e+00 | Interface: 4.585559e-04 | ImpactInv: 0.000000e+00 | FEM MAE: 1.706977e-01 | Time: 0.5716s
L-BFGS Step 78: Total Loss: 1.261896e+00 | PDE: 8.597998e-03 | BC_sides: 5.463973e-05 | Free_top: 6.783544e-03 | Free_bot: 1.500334e-02 | Load: 1.942626e-02 | Energy: -3.809743e-03 | ImpactC: 0.000000e+00 | FricC: 0.000000e+00 | FricS: 0.000000e+00 | Interface: 4.593510e-04 | ImpactInv: 0.000000e+00 | FEM MAE: 1.707530e-01 | Time: 0.5889s
L-BFGS Step 79: Total Loss: 1.257993e+00 | PDE: 8.653496e-03 | BC_sides: 5.459699e-05 | Free_top: 6.796234e-03 | Free_bot: 1.518378e-02 | Load: 1.948735e-02 | Energy: -3.809320e-03 | ImpactC: 0.000000e+00 | FricC: 0.000000e+00 | FricS: 0.000000e+00 | Interface: 4.591644e-04 | ImpactInv: 0.000000e+00 | FEM MAE: 1.708272e-01 | Time: 0.5475s
L-BFGS Step 80: Total Loss: 1.253081e+00 | PDE: 8.656136e-03 | BC_sides: 5.458925e-05 | Free_top: 6.810690e-03 | Free_bot: 1.538507e-02 | Load: 1.953387e-02 | Energy: -3.805174e-03 | ImpactC: 0.000000e+00 | FricC: 0.000000e+00 | FricS: 0.000000e+00 | Interface: 4.573279e-04 | ImpactInv: 0.000000e+00 | FEM MAE: 1.709891e-01 | Time: 0.5862s
L-BFGS Step 81: Total Loss: 1.248043e+00 | PDE: 8.669216e-03 | BC_sides: 5.421567e-05 | Free_top: 6.823246e-03 | Free_bot: 1.543662e-02 | Load: 1.952814e-02 | Energy: -3.797295e-03 | ImpactC: 0.000000e+00 | FricC: 0.000000e+00 | FricS: 0.000000e+00 | Interface: 4.551906e-04 | ImpactInv: 0.000000e+00 | FEM MAE: 1.711277e-01 | Time: 0.5482s
L-BFGS Step 82: Total Loss: 1.243821e+00 | PDE: 8.692195e-03 | BC_sides: 5.358160e-05 | Free_top: 6.809701e-03 | Free_bot: 1.547704e-02 | Load: 1.953943e-02 | Energy: -3.787473e-03 | ImpactC: 0.000000e+00 | FricC: 0.000000e+00 | FricS: 0.000000e+00 | Interface: 4.524399e-04 | ImpactInv: 0.000000e+00 | FEM MAE: 1.711909e-01 | Time: 0.5446s
L-BFGS Step 83: Total Loss: 1.240089e+00 | PDE: 8.705002e-03 | BC_sides: 5.326324e-05 | Free_top: 6.835931e-03 | Free_bot: 1.546312e-02 | Load: 1.953046e-02 | Energy: -3.780021e-03 | ImpactC: 0.000000e+00 | FricC: 0.000000e+00 | FricS: 0.000000e+00 | Interface: 4.507551e-04 | ImpactInv: 0.000000e+00 | FEM MAE: 1.712949e-01 | Time: 0.5402s
L-BFGS Step 84: Total Loss: 1.237795e+00 | PDE: 8.676849e-03 | BC_sides: 5.289595e-05 | Free_top: 6.881278e-03 | Free_bot: 1.546165e-02 | Load: 1.951038e-02 | Energy: -3.769886e-03 | ImpactC: 0.000000e+00 | FricC: 0.000000e+00 | FricS: 0.000000e+00 | Interface: 4.503043e-04 | ImpactInv: 0.000000e+00 | FEM MAE: 1.714499e-01 | Time: 0.5500s
L-BFGS Step 85: Total Loss: 1.234726e+00 | PDE: 8.610673e-03 | BC_sides: 5.263674e-05 | Free_top: 6.931999e-03 | Free_bot: 1.543954e-02 | Load: 1.947881e-02 | Energy: -3.759238e-03 | ImpactC: 0.000000e+00 | FricC: 0.000000e+00 | FricS: 0.000000e+00 | Interface: 4.506655e-04 | ImpactInv: 0.000000e+00 | FEM MAE: 1.716940e-01 | Time: 0.5780s
L-BFGS Step 86: Total Loss: 1.230949e+00 | PDE: 8.581854e-03 | BC_sides: 5.248818e-05 | Free_top: 7.018229e-03 | Free_bot: 1.534179e-02 | Load: 1.933930e-02 | Energy: -3.744128e-03 | ImpactC: 0.000000e+00 | FricC: 0.000000e+00 | FricS: 0.000000e+00 | Interface: 4.523172e-04 | ImpactInv: 0.000000e+00 | FEM MAE: 1.718099e-01 | Time: 0.5533s
L-BFGS Step 87: Total Loss: 1.224317e+00 | PDE: 8.782688e-03 | BC_sides: 5.250388e-05 | Free_top: 6.988554e-03 | Free_bot: 1.523879e-02 | Load: 1.914469e-02 | Energy: -3.718080e-03 | ImpactC: 0.000000e+00 | FricC: 0.000000e+00 | FricS: 0.000000e+00 | Interface: 4.570056e-04 | ImpactInv: 0.000000e+00 | FEM MAE: 1.733777e-01 | Time: 0.5700s
L-BFGS Step 88: Total Loss: 1.221184e+00 | PDE: 8.596693e-03 | BC_sides: 5.241429e-05 | Free_top: 7.011619e-03 | Free_bot: 1.520395e-02 | Load: 1.914563e-02 | Energy: -3.726342e-03 | ImpactC: 0.000000e+00 | FricC: 0.000000e+00 | FricS: 0.000000e+00 | Interface: 4.551948e-04 | ImpactInv: 0.000000e+00 | FEM MAE: 1.725861e-01 | Time: 0.5843s
L-BFGS Step 89: Total Loss: 1.215615e+00 | PDE: 8.529398e-03 | BC_sides: 5.256491e-05 | Free_top: 6.976199e-03 | Free_bot: 1.520492e-02 | Load: 1.910129e-02 | Energy: -3.731207e-03 | ImpactC: 0.000000e+00 | FricC: 0.000000e+00 | FricS: 0.000000e+00 | Interface: 4.542601e-04 | ImpactInv: 0.000000e+00 | FEM MAE: 1.723849e-01 | Time: 0.5499s
L-BFGS Step 90: Total Loss: 1.213311e+00 | PDE: 8.486208e-03 | BC_sides: 5.259571e-05 | Free_top: 6.933945e-03 | Free_bot: 1.518599e-02 | Load: 1.904347e-02 | Energy: -3.732575e-03 | ImpactC: 0.000000e+00 | FricC: 0.000000e+00 | FricS: 0.000000e+00 | Interface: 4.537846e-04 | ImpactInv: 0.000000e+00 | FEM MAE: 1.723654e-01 | Time: 0.5409s
L-BFGS Step 91: Total Loss: 1.210737e+00 | PDE: 8.476879e-03 | BC_sides: 5.252299e-05 | Free_top: 6.886206e-03 | Free_bot: 1.520107e-02 | Load: 1.887792e-02 | Energy: -3.726271e-03 | ImpactC: 0.000000e+00 | FricC: 0.000000e+00 | FricS: 0.000000e+00 | Interface: 4.545983e-04 | ImpactInv: 0.000000e+00 | FEM MAE: 1.725845e-01 | Time: 0.5417s
L-BFGS Step 92: Total Loss: 1.205765e+00 | PDE: 8.496056e-03 | BC_sides: 5.209734e-05 | Free_top: 6.860489e-03 | Free_bot: 1.520996e-02 | Load: 1.870430e-02 | Energy: -3.711540e-03 | ImpactC: 0.000000e+00 | FricC: 0.000000e+00 | FricS: 0.000000e+00 | Interface: 4.563116e-04 | ImpactInv: 0.000000e+00 | FEM MAE: 1.730162e-01 | Time: 0.5563s
L-BFGS Step 93: Total Loss: 1.200018e+00 | PDE: 8.564235e-03 | BC_sides: 5.207632e-05 | Free_top: 6.860338e-03 | Free_bot: 1.521632e-02 | Load: 1.855620e-02 | Energy: -3.697601e-03 | ImpactC: 0.000000e+00 | FricC: 0.000000e+00 | FricS: 0.000000e+00 | Interface: 4.565907e-04 | ImpactInv: 0.000000e+00 | FEM MAE: 1.734452e-01 | Time: 0.5422s
L-BFGS Step 94: Total Loss: 1.195852e+00 | PDE: 8.614027e-03 | BC_sides: 5.181686e-05 | Free_top: 6.867936e-03 | Free_bot: 1.516698e-02 | Load: 1.846869e-02 | Energy: -3.682729e-03 | ImpactC: 0.000000e+00 | FricC: 0.000000e+00 | FricS: 0.000000e+00 | Interface: 4.549706e-04 | ImpactInv: 0.000000e+00 | FEM MAE: 1.738102e-01 | Time: 0.5522s
L-BFGS Step 95: Total Loss: 1.191791e+00 | PDE: 8.624796e-03 | BC_sides: 5.170385e-05 | Free_top: 6.851694e-03 | Free_bot: 1.507494e-02 | Load: 1.843125e-02 | Energy: -3.674146e-03 | ImpactC: 0.000000e+00 | FricC: 0.000000e+00 | FricS: 0.000000e+00 | Interface: 4.514915e-04 | ImpactInv: 0.000000e+00 | FEM MAE: 1.739711e-01 | Time: 0.5507s
L-BFGS Step 96: Total Loss: 1.187775e+00 | PDE: 8.627999e-03 | BC_sides: 5.167122e-05 | Free_top: 6.771124e-03 | Free_bot: 1.497008e-02 | Load: 1.837140e-02 | Energy: -3.667729e-03 | ImpactC: 0.000000e+00 | FricC: 0.000000e+00 | FricS: 0.000000e+00 | Interface: 4.484887e-04 | ImpactInv: 0.000000e+00 | FEM MAE: 1.741154e-01 | Time: 0.5545s
L-BFGS Step 97: Total Loss: 1.180898e+00 | PDE: 8.598160e-03 | BC_sides: 5.150230e-05 | Free_top: 6.694179e-03 | Free_bot: 1.479759e-02 | Load: 1.835053e-02 | Energy: -3.668555e-03 | ImpactC: 0.000000e+00 | FricC: 0.000000e+00 | FricS: 0.000000e+00 | Interface: 4.475206e-04 | ImpactInv: 0.000000e+00 | FEM MAE: 1.739966e-01 | Time: 0.5556s
L-BFGS Step 98: Total Loss: 1.176342e+00 | PDE: 8.640445e-03 | BC_sides: 5.156225e-05 | Free_top: 6.636145e-03 | Free_bot: 1.470943e-02 | Load: 1.831207e-02 | Energy: -3.675881e-03 | ImpactC: 0.000000e+00 | FricC: 0.000000e+00 | FricS: 0.000000e+00 | Interface: 4.474196e-04 | ImpactInv: 0.000000e+00 | FEM MAE: 1.738292e-01 | Time: 0.5659s
L-BFGS Step 99: Total Loss: 1.173245e+00 | PDE: 8.625739e-03 | BC_sides: 5.175422e-05 | Free_top: 6.596053e-03 | Free_bot: 1.466080e-02 | Load: 1.825844e-02 | Energy: -3.684267e-03 | ImpactC: 0.000000e+00 | FricC: 0.000000e+00 | FricS: 0.000000e+00 | Interface: 4.483344e-04 | ImpactInv: 0.000000e+00 | FEM MAE: 1.737376e-01 | Time: 0.5448s
Model saved to /Users/hanbosong/GitHub/Basic-PiNN-Model-For-Three-Layered-Collision/three-layer-workflow/pinn_model.pth
