Using device: mps
Using p0 = 1.0
MultiLayerPINN(
  (layer): LayerNet(
    (net): Sequential(
      (0): Linear(in_features=21, out_features=64, bias=True)
      (1): Tanh()
      (2): Linear(in_features=64, out_features=64, bias=True)
      (3): Tanh()
      (4): Linear(in_features=64, out_features=64, bias=True)
      (5): Tanh()
      (6): Linear(in_features=64, out_features=64, bias=True)
      (7): Tanh()
      (8): Linear(in_features=64, out_features=3, bias=True)
    )
  )
)
Warm-start loaded from /Users/hanbosong/GitHub/Basic-PiNN-Model-For-Three-Layered-Collision/three-layer-workflow/pinn_model.pth
Loading FEM solution for comparison...
FEM data loaded: (31, 31, 11)
Loading hybrid supervision data (N=36000, E=[1.0, 10.0])...
  Loaded cached FEM supervision: /Users/hanbosong/GitHub/Basic-PiNN-Model-For-Three-Layered-Collision/three-layer-workflow/supervision_cache/fem_supervision_34741efd821c827a.pt (36000 points)
Attached 36000 supervision points to training data.
Starting SOAP Pretraining...
Epoch 0: Total Loss: 35.117294 | PDE: 0.018543 | BC_sides: 0.000042 | Free_top: 0.020882 | Free_bot: 0.026320 | Load: 0.030298 | Energy: -0.002090 | ImpactC: 0.000000 | FricC: 0.000000 | FricS: 0.000000 | Interface: 0.000665 | ImpactInv: 0.000000 | LR: 1.00e-03 | FEM MAE: 0.169421 | Time: 1.2085s
Epoch 100: Total Loss: 3.088057 | PDE: 0.009326 | BC_sides: 0.000073 | Free_top: 0.009992 | Free_bot: 0.012698 | Load: 0.023951 | Energy: -0.004349 | ImpactC: 0.000000 | FricC: 0.000000 | FricS: 0.000000 | Interface: 0.000718 | ImpactInv: 0.000000 | LR: 3.00e-04 | FEM MAE: 0.148424 | Time: 24.2958s
Epoch 200: Total Loss: 1.753299 | PDE: 0.005767 | BC_sides: 0.000060 | Free_top: 0.007540 | Free_bot: 0.010806 | Load: 0.022655 | Energy: -0.004253 | ImpactC: 0.000000 | FricC: 0.000000 | FricS: 0.000000 | Interface: 0.000508 | ImpactInv: 0.000000 | LR: 9.00e-05 | FEM MAE: 0.152501 | Time: 24.1093s
Epoch 300: Total Loss: 1.570883 | PDE: 0.005245 | BC_sides: 0.000057 | Free_top: 0.007083 | Free_bot: 0.010989 | Load: 0.022169 | Energy: -0.004181 | ImpactC: 0.000000 | FricC: 0.000000 | FricS: 0.000000 | Interface: 0.000478 | ImpactInv: 0.000000 | LR: 2.70e-05 | FEM MAE: 0.154108 | Time: 24.7991s
SOAP Pretraining Complete. Total Time: 99.36s
Starting L-BFGS Fine-Tuning...
Running 200 L-BFGS outer steps.
Using fixed collocation set during L-BFGS for stability.
L-BFGS Step 0: Total Loss: 1.445724e+00 | PDE: 5.181124e-03 | BC_sides: 5.723543e-05 | Free_top: 7.050093e-03 | Free_bot: 1.093357e-02 | Load: 2.211396e-02 | Energy: -4.174450e-03 | ImpactC: 0.000000e+00 | FricC: 0.000000e+00 | FricS: 0.000000e+00 | Interface: 4.749160e-04 | ImpactInv: 0.000000e+00 | FEM MAE: 1.544164e-01 | Time: 0.5016s
L-BFGS Step 1: Total Loss: 1.445724e+00 | PDE: 5.181124e-03 | BC_sides: 5.723543e-05 | Free_top: 7.050093e-03 | Free_bot: 1.093357e-02 | Load: 2.211396e-02 | Energy: -4.174450e-03 | ImpactC: 0.000000e+00 | FricC: 0.000000e+00 | FricS: 0.000000e+00 | Interface: 4.749160e-04 | ImpactInv: 0.000000e+00 | FEM MAE: 1.544164e-01 | Time: 0.7351s
L-BFGS Step 2: Total Loss: 1.445724e+00 | PDE: 5.181124e-03 | BC_sides: 5.723543e-05 | Free_top: 7.050093e-03 | Free_bot: 1.093357e-02 | Load: 2.211396e-02 | Energy: -4.174450e-03 | ImpactC: 0.000000e+00 | FricC: 0.000000e+00 | FricS: 0.000000e+00 | Interface: 4.749160e-04 | ImpactInv: 0.000000e+00 | FEM MAE: 1.544164e-01 | Time: 0.4913s
L-BFGS Step 3: Total Loss: 1.445724e+00 | PDE: 5.181124e-03 | BC_sides: 5.723543e-05 | Free_top: 7.050093e-03 | Free_bot: 1.093357e-02 | Load: 2.211396e-02 | Energy: -4.174450e-03 | ImpactC: 0.000000e+00 | FricC: 0.000000e+00 | FricS: 0.000000e+00 | Interface: 4.749160e-04 | ImpactInv: 0.000000e+00 | FEM MAE: 1.544164e-01 | Time: 0.4753s
L-BFGS Step 4: Total Loss: 1.445724e+00 | PDE: 5.181124e-03 | BC_sides: 5.723543e-05 | Free_top: 7.050093e-03 | Free_bot: 1.093357e-02 | Load: 2.211396e-02 | Energy: -4.174450e-03 | ImpactC: 0.000000e+00 | FricC: 0.000000e+00 | FricS: 0.000000e+00 | Interface: 4.749160e-04 | ImpactInv: 0.000000e+00 | FEM MAE: 1.544164e-01 | Time: 0.4744s
L-BFGS Step 5: Total Loss: 1.445724e+00 | PDE: 5.181124e-03 | BC_sides: 5.723543e-05 | Free_top: 7.050093e-03 | Free_bot: 1.093357e-02 | Load: 2.211396e-02 | Energy: -4.174450e-03 | ImpactC: 0.000000e+00 | FricC: 0.000000e+00 | FricS: 0.000000e+00 | Interface: 4.749160e-04 | ImpactInv: 0.000000e+00 | FEM MAE: 1.544164e-01 | Time: 0.4796s
L-BFGS Step 6: Total Loss: 1.445724e+00 | PDE: 5.181124e-03 | BC_sides: 5.723543e-05 | Free_top: 7.050093e-03 | Free_bot: 1.093357e-02 | Load: 2.211396e-02 | Energy: -4.174450e-03 | ImpactC: 0.000000e+00 | FricC: 0.000000e+00 | FricS: 0.000000e+00 | Interface: 4.749160e-04 | ImpactInv: 0.000000e+00 | FEM MAE: 1.544164e-01 | Time: 0.4723s
L-BFGS Step 7: Total Loss: 1.445724e+00 | PDE: 5.181124e-03 | BC_sides: 5.723543e-05 | Free_top: 7.050093e-03 | Free_bot: 1.093357e-02 | Load: 2.211396e-02 | Energy: -4.174450e-03 | ImpactC: 0.000000e+00 | FricC: 0.000000e+00 | FricS: 0.000000e+00 | Interface: 4.749160e-04 | ImpactInv: 0.000000e+00 | FEM MAE: 1.544164e-01 | Time: 0.4723s
L-BFGS Step 8: Total Loss: 1.445724e+00 | PDE: 5.181124e-03 | BC_sides: 5.723543e-05 | Free_top: 7.050093e-03 | Free_bot: 1.093357e-02 | Load: 2.211396e-02 | Energy: -4.174450e-03 | ImpactC: 0.000000e+00 | FricC: 0.000000e+00 | FricS: 0.000000e+00 | Interface: 4.749160e-04 | ImpactInv: 0.000000e+00 | FEM MAE: 1.544164e-01 | Time: 0.4712s
L-BFGS Step 9: Total Loss: 1.445724e+00 | PDE: 5.181124e-03 | BC_sides: 5.723543e-05 | Free_top: 7.050093e-03 | Free_bot: 1.093357e-02 | Load: 2.211396e-02 | Energy: -4.174450e-03 | ImpactC: 0.000000e+00 | FricC: 0.000000e+00 | FricS: 0.000000e+00 | Interface: 4.749160e-04 | ImpactInv: 0.000000e+00 | FEM MAE: 1.544164e-01 | Time: 0.4740s
L-BFGS Step 10: Total Loss: 1.445724e+00 | PDE: 5.181124e-03 | BC_sides: 5.723543e-05 | Free_top: 7.050093e-03 | Free_bot: 1.093357e-02 | Load: 2.211396e-02 | Energy: -4.174450e-03 | ImpactC: 0.000000e+00 | FricC: 0.000000e+00 | FricS: 0.000000e+00 | Interface: 4.749160e-04 | ImpactInv: 0.000000e+00 | FEM MAE: 1.544164e-01 | Time: 0.4694s
L-BFGS Step 11: Total Loss: 1.445724e+00 | PDE: 5.181124e-03 | BC_sides: 5.723543e-05 | Free_top: 7.050093e-03 | Free_bot: 1.093357e-02 | Load: 2.211396e-02 | Energy: -4.174450e-03 | ImpactC: 0.000000e+00 | FricC: 0.000000e+00 | FricS: 0.000000e+00 | Interface: 4.749160e-04 | ImpactInv: 0.000000e+00 | FEM MAE: 1.544164e-01 | Time: 0.4846s
L-BFGS Step 12: Total Loss: 1.445724e+00 | PDE: 5.181124e-03 | BC_sides: 5.723543e-05 | Free_top: 7.050093e-03 | Free_bot: 1.093357e-02 | Load: 2.211396e-02 | Energy: -4.174450e-03 | ImpactC: 0.000000e+00 | FricC: 0.000000e+00 | FricS: 0.000000e+00 | Interface: 4.749160e-04 | ImpactInv: 0.000000e+00 | FEM MAE: 1.544164e-01 | Time: 0.4734s
L-BFGS Step 13: Total Loss: 1.445724e+00 | PDE: 5.181124e-03 | BC_sides: 5.723543e-05 | Free_top: 7.050093e-03 | Free_bot: 1.093357e-02 | Load: 2.211396e-02 | Energy: -4.174450e-03 | ImpactC: 0.000000e+00 | FricC: 0.000000e+00 | FricS: 0.000000e+00 | Interface: 4.749160e-04 | ImpactInv: 0.000000e+00 | FEM MAE: 1.544164e-01 | Time: 0.4696s
L-BFGS Step 14: Total Loss: 1.445724e+00 | PDE: 5.181124e-03 | BC_sides: 5.723543e-05 | Free_top: 7.050093e-03 | Free_bot: 1.093357e-02 | Load: 2.211396e-02 | Energy: -4.174450e-03 | ImpactC: 0.000000e+00 | FricC: 0.000000e+00 | FricS: 0.000000e+00 | Interface: 4.749160e-04 | ImpactInv: 0.000000e+00 | FEM MAE: 1.544164e-01 | Time: 0.4691s
L-BFGS Step 15: Total Loss: 1.445724e+00 | PDE: 5.181124e-03 | BC_sides: 5.723543e-05 | Free_top: 7.050093e-03 | Free_bot: 1.093357e-02 | Load: 2.211396e-02 | Energy: -4.174450e-03 | ImpactC: 0.000000e+00 | FricC: 0.000000e+00 | FricS: 0.000000e+00 | Interface: 4.749160e-04 | ImpactInv: 0.000000e+00 | FEM MAE: 1.544164e-01 | Time: 0.4662s
L-BFGS Step 16: Total Loss: 1.445724e+00 | PDE: 5.181124e-03 | BC_sides: 5.723543e-05 | Free_top: 7.050093e-03 | Free_bot: 1.093357e-02 | Load: 2.211396e-02 | Energy: -4.174450e-03 | ImpactC: 0.000000e+00 | FricC: 0.000000e+00 | FricS: 0.000000e+00 | Interface: 4.749160e-04 | ImpactInv: 0.000000e+00 | FEM MAE: 1.544164e-01 | Time: 0.4654s
L-BFGS Step 17: Total Loss: 1.445724e+00 | PDE: 5.181124e-03 | BC_sides: 5.723543e-05 | Free_top: 7.050093e-03 | Free_bot: 1.093357e-02 | Load: 2.211396e-02 | Energy: -4.174450e-03 | ImpactC: 0.000000e+00 | FricC: 0.000000e+00 | FricS: 0.000000e+00 | Interface: 4.749160e-04 | ImpactInv: 0.000000e+00 | FEM MAE: 1.544164e-01 | Time: 0.4656s
L-BFGS Step 18: Total Loss: 1.445724e+00 | PDE: 5.181124e-03 | BC_sides: 5.723543e-05 | Free_top: 7.050093e-03 | Free_bot: 1.093357e-02 | Load: 2.211396e-02 | Energy: -4.174450e-03 | ImpactC: 0.000000e+00 | FricC: 0.000000e+00 | FricS: 0.000000e+00 | Interface: 4.749160e-04 | ImpactInv: 0.000000e+00 | FEM MAE: 1.544164e-01 | Time: 0.4661s
L-BFGS Step 19: Total Loss: 1.445724e+00 | PDE: 5.181124e-03 | BC_sides: 5.723543e-05 | Free_top: 7.050093e-03 | Free_bot: 1.093357e-02 | Load: 2.211396e-02 | Energy: -4.174450e-03 | ImpactC: 0.000000e+00 | FricC: 0.000000e+00 | FricS: 0.000000e+00 | Interface: 4.749160e-04 | ImpactInv: 0.000000e+00 | FEM MAE: 1.544164e-01 | Time: 0.4645s
L-BFGS Step 20: Total Loss: 1.445724e+00 | PDE: 5.181124e-03 | BC_sides: 5.723543e-05 | Free_top: 7.050093e-03 | Free_bot: 1.093357e-02 | Load: 2.211396e-02 | Energy: -4.174450e-03 | ImpactC: 0.000000e+00 | FricC: 0.000000e+00 | FricS: 0.000000e+00 | Interface: 4.749160e-04 | ImpactInv: 0.000000e+00 | FEM MAE: 1.544164e-01 | Time: 0.4659s
L-BFGS Step 21: Total Loss: 1.445724e+00 | PDE: 5.181124e-03 | BC_sides: 5.723543e-05 | Free_top: 7.050093e-03 | Free_bot: 1.093357e-02 | Load: 2.211396e-02 | Energy: -4.174450e-03 | ImpactC: 0.000000e+00 | FricC: 0.000000e+00 | FricS: 0.000000e+00 | Interface: 4.749160e-04 | ImpactInv: 0.000000e+00 | FEM MAE: 1.544164e-01 | Time: 0.4853s
L-BFGS Step 22: Total Loss: 1.445724e+00 | PDE: 5.181124e-03 | BC_sides: 5.723543e-05 | Free_top: 7.050093e-03 | Free_bot: 1.093357e-02 | Load: 2.211396e-02 | Energy: -4.174450e-03 | ImpactC: 0.000000e+00 | FricC: 0.000000e+00 | FricS: 0.000000e+00 | Interface: 4.749160e-04 | ImpactInv: 0.000000e+00 | FEM MAE: 1.544164e-01 | Time: 0.4684s
L-BFGS Step 23: Total Loss: 1.445724e+00 | PDE: 5.181124e-03 | BC_sides: 5.723543e-05 | Free_top: 7.050093e-03 | Free_bot: 1.093357e-02 | Load: 2.211396e-02 | Energy: -4.174450e-03 | ImpactC: 0.000000e+00 | FricC: 0.000000e+00 | FricS: 0.000000e+00 | Interface: 4.749160e-04 | ImpactInv: 0.000000e+00 | FEM MAE: 1.544164e-01 | Time: 0.4648s
L-BFGS Step 24: Total Loss: 1.445724e+00 | PDE: 5.181124e-03 | BC_sides: 5.723543e-05 | Free_top: 7.050093e-03 | Free_bot: 1.093357e-02 | Load: 2.211396e-02 | Energy: -4.174450e-03 | ImpactC: 0.000000e+00 | FricC: 0.000000e+00 | FricS: 0.000000e+00 | Interface: 4.749160e-04 | ImpactInv: 0.000000e+00 | FEM MAE: 1.544164e-01 | Time: 0.4662s
L-BFGS Step 25: Total Loss: 1.445724e+00 | PDE: 5.181124e-03 | BC_sides: 5.723543e-05 | Free_top: 7.050093e-03 | Free_bot: 1.093357e-02 | Load: 2.211396e-02 | Energy: -4.174450e-03 | ImpactC: 0.000000e+00 | FricC: 0.000000e+00 | FricS: 0.000000e+00 | Interface: 4.749160e-04 | ImpactInv: 0.000000e+00 | FEM MAE: 1.544164e-01 | Time: 0.4670s
L-BFGS Step 26: Total Loss: 1.445724e+00 | PDE: 5.181124e-03 | BC_sides: 5.723543e-05 | Free_top: 7.050093e-03 | Free_bot: 1.093357e-02 | Load: 2.211396e-02 | Energy: -4.174450e-03 | ImpactC: 0.000000e+00 | FricC: 0.000000e+00 | FricS: 0.000000e+00 | Interface: 4.749160e-04 | ImpactInv: 0.000000e+00 | FEM MAE: 1.544164e-01 | Time: 0.4698s
L-BFGS Step 27: Total Loss: 1.445724e+00 | PDE: 5.181124e-03 | BC_sides: 5.723543e-05 | Free_top: 7.050093e-03 | Free_bot: 1.093357e-02 | Load: 2.211396e-02 | Energy: -4.174450e-03 | ImpactC: 0.000000e+00 | FricC: 0.000000e+00 | FricS: 0.000000e+00 | Interface: 4.749160e-04 | ImpactInv: 0.000000e+00 | FEM MAE: 1.544164e-01 | Time: 0.4729s
L-BFGS Step 28: Total Loss: 1.445724e+00 | PDE: 5.181124e-03 | BC_sides: 5.723543e-05 | Free_top: 7.050093e-03 | Free_bot: 1.093357e-02 | Load: 2.211396e-02 | Energy: -4.174450e-03 | ImpactC: 0.000000e+00 | FricC: 0.000000e+00 | FricS: 0.000000e+00 | Interface: 4.749160e-04 | ImpactInv: 0.000000e+00 | FEM MAE: 1.544164e-01 | Time: 0.4664s
L-BFGS Step 29: Total Loss: 1.445724e+00 | PDE: 5.181124e-03 | BC_sides: 5.723543e-05 | Free_top: 7.050093e-03 | Free_bot: 1.093357e-02 | Load: 2.211396e-02 | Energy: -4.174450e-03 | ImpactC: 0.000000e+00 | FricC: 0.000000e+00 | FricS: 0.000000e+00 | Interface: 4.749160e-04 | ImpactInv: 0.000000e+00 | FEM MAE: 1.544164e-01 | Time: 0.4932s
L-BFGS Step 30: Total Loss: 1.445724e+00 | PDE: 5.181124e-03 | BC_sides: 5.723543e-05 | Free_top: 7.050093e-03 | Free_bot: 1.093357e-02 | Load: 2.211396e-02 | Energy: -4.174450e-03 | ImpactC: 0.000000e+00 | FricC: 0.000000e+00 | FricS: 0.000000e+00 | Interface: 4.749160e-04 | ImpactInv: 0.000000e+00 | FEM MAE: 1.544164e-01 | Time: 0.4725s
L-BFGS Step 31: Total Loss: 1.445724e+00 | PDE: 5.181124e-03 | BC_sides: 5.723543e-05 | Free_top: 7.050093e-03 | Free_bot: 1.093357e-02 | Load: 2.211396e-02 | Energy: -4.174450e-03 | ImpactC: 0.000000e+00 | FricC: 0.000000e+00 | FricS: 0.000000e+00 | Interface: 4.749160e-04 | ImpactInv: 0.000000e+00 | FEM MAE: 1.544164e-01 | Time: 0.4735s
L-BFGS Step 32: Total Loss: 1.445724e+00 | PDE: 5.181124e-03 | BC_sides: 5.723543e-05 | Free_top: 7.050093e-03 | Free_bot: 1.093357e-02 | Load: 2.211396e-02 | Energy: -4.174450e-03 | ImpactC: 0.000000e+00 | FricC: 0.000000e+00 | FricS: 0.000000e+00 | Interface: 4.749160e-04 | ImpactInv: 0.000000e+00 | FEM MAE: 1.544164e-01 | Time: 0.4688s
L-BFGS Step 33: Total Loss: 1.445724e+00 | PDE: 5.181124e-03 | BC_sides: 5.723543e-05 | Free_top: 7.050093e-03 | Free_bot: 1.093357e-02 | Load: 2.211396e-02 | Energy: -4.174450e-03 | ImpactC: 0.000000e+00 | FricC: 0.000000e+00 | FricS: 0.000000e+00 | Interface: 4.749160e-04 | ImpactInv: 0.000000e+00 | FEM MAE: 1.544164e-01 | Time: 0.4650s
L-BFGS Step 34: Total Loss: 1.445724e+00 | PDE: 5.181124e-03 | BC_sides: 5.723543e-05 | Free_top: 7.050093e-03 | Free_bot: 1.093357e-02 | Load: 2.211396e-02 | Energy: -4.174450e-03 | ImpactC: 0.000000e+00 | FricC: 0.000000e+00 | FricS: 0.000000e+00 | Interface: 4.749160e-04 | ImpactInv: 0.000000e+00 | FEM MAE: 1.544164e-01 | Time: 0.4673s
L-BFGS Step 35: Total Loss: 1.445724e+00 | PDE: 5.181124e-03 | BC_sides: 5.723543e-05 | Free_top: 7.050093e-03 | Free_bot: 1.093357e-02 | Load: 2.211396e-02 | Energy: -4.174450e-03 | ImpactC: 0.000000e+00 | FricC: 0.000000e+00 | FricS: 0.000000e+00 | Interface: 4.749160e-04 | ImpactInv: 0.000000e+00 | FEM MAE: 1.544164e-01 | Time: 0.4749s
L-BFGS Step 36: Total Loss: 1.445724e+00 | PDE: 5.181124e-03 | BC_sides: 5.723543e-05 | Free_top: 7.050093e-03 | Free_bot: 1.093357e-02 | Load: 2.211396e-02 | Energy: -4.174450e-03 | ImpactC: 0.000000e+00 | FricC: 0.000000e+00 | FricS: 0.000000e+00 | Interface: 4.749160e-04 | ImpactInv: 0.000000e+00 | FEM MAE: 1.544164e-01 | Time: 0.4658s
L-BFGS Step 37: Total Loss: 1.445724e+00 | PDE: 5.181124e-03 | BC_sides: 5.723543e-05 | Free_top: 7.050093e-03 | Free_bot: 1.093357e-02 | Load: 2.211396e-02 | Energy: -4.174450e-03 | ImpactC: 0.000000e+00 | FricC: 0.000000e+00 | FricS: 0.000000e+00 | Interface: 4.749160e-04 | ImpactInv: 0.000000e+00 | FEM MAE: 1.544164e-01 | Time: 0.4702s
L-BFGS Step 38: Total Loss: 1.445724e+00 | PDE: 5.181124e-03 | BC_sides: 5.723543e-05 | Free_top: 7.050093e-03 | Free_bot: 1.093357e-02 | Load: 2.211396e-02 | Energy: -4.174450e-03 | ImpactC: 0.000000e+00 | FricC: 0.000000e+00 | FricS: 0.000000e+00 | Interface: 4.749160e-04 | ImpactInv: 0.000000e+00 | FEM MAE: 1.544164e-01 | Time: 0.4671s
L-BFGS Step 39: Total Loss: 1.445724e+00 | PDE: 5.181124e-03 | BC_sides: 5.723543e-05 | Free_top: 7.050093e-03 | Free_bot: 1.093357e-02 | Load: 2.211396e-02 | Energy: -4.174450e-03 | ImpactC: 0.000000e+00 | FricC: 0.000000e+00 | FricS: 0.000000e+00 | Interface: 4.749160e-04 | ImpactInv: 0.000000e+00 | FEM MAE: 1.544164e-01 | Time: 0.4690s
L-BFGS Step 40: Total Loss: 1.445724e+00 | PDE: 5.181124e-03 | BC_sides: 5.723543e-05 | Free_top: 7.050093e-03 | Free_bot: 1.093357e-02 | Load: 2.211396e-02 | Energy: -4.174450e-03 | ImpactC: 0.000000e+00 | FricC: 0.000000e+00 | FricS: 0.000000e+00 | Interface: 4.749160e-04 | ImpactInv: 0.000000e+00 | FEM MAE: 1.544164e-01 | Time: 0.4659s
L-BFGS Step 41: Total Loss: 1.445724e+00 | PDE: 5.181124e-03 | BC_sides: 5.723543e-05 | Free_top: 7.050093e-03 | Free_bot: 1.093357e-02 | Load: 2.211396e-02 | Energy: -4.174450e-03 | ImpactC: 0.000000e+00 | FricC: 0.000000e+00 | FricS: 0.000000e+00 | Interface: 4.749160e-04 | ImpactInv: 0.000000e+00 | FEM MAE: 1.544164e-01 | Time: 0.4634s
L-BFGS Step 42: Total Loss: 1.445724e+00 | PDE: 5.181124e-03 | BC_sides: 5.723543e-05 | Free_top: 7.050093e-03 | Free_bot: 1.093357e-02 | Load: 2.211396e-02 | Energy: -4.174450e-03 | ImpactC: 0.000000e+00 | FricC: 0.000000e+00 | FricS: 0.000000e+00 | Interface: 4.749160e-04 | ImpactInv: 0.000000e+00 | FEM MAE: 1.544164e-01 | Time: 0.4655s
L-BFGS Step 43: Total Loss: 1.445724e+00 | PDE: 5.181124e-03 | BC_sides: 5.723543e-05 | Free_top: 7.050093e-03 | Free_bot: 1.093357e-02 | Load: 2.211396e-02 | Energy: -4.174450e-03 | ImpactC: 0.000000e+00 | FricC: 0.000000e+00 | FricS: 0.000000e+00 | Interface: 4.749160e-04 | ImpactInv: 0.000000e+00 | FEM MAE: 1.544164e-01 | Time: 0.4650s
L-BFGS Step 44: Total Loss: 1.445724e+00 | PDE: 5.181124e-03 | BC_sides: 5.723543e-05 | Free_top: 7.050093e-03 | Free_bot: 1.093357e-02 | Load: 2.211396e-02 | Energy: -4.174450e-03 | ImpactC: 0.000000e+00 | FricC: 0.000000e+00 | FricS: 0.000000e+00 | Interface: 4.749160e-04 | ImpactInv: 0.000000e+00 | FEM MAE: 1.544164e-01 | Time: 0.4695s
L-BFGS Step 45: Total Loss: 1.445724e+00 | PDE: 5.181124e-03 | BC_sides: 5.723543e-05 | Free_top: 7.050093e-03 | Free_bot: 1.093357e-02 | Load: 2.211396e-02 | Energy: -4.174450e-03 | ImpactC: 0.000000e+00 | FricC: 0.000000e+00 | FricS: 0.000000e+00 | Interface: 4.749160e-04 | ImpactInv: 0.000000e+00 | FEM MAE: 1.544164e-01 | Time: 0.4802s
L-BFGS Step 46: Total Loss: 1.445724e+00 | PDE: 5.181124e-03 | BC_sides: 5.723543e-05 | Free_top: 7.050093e-03 | Free_bot: 1.093357e-02 | Load: 2.211396e-02 | Energy: -4.174450e-03 | ImpactC: 0.000000e+00 | FricC: 0.000000e+00 | FricS: 0.000000e+00 | Interface: 4.749160e-04 | ImpactInv: 0.000000e+00 | FEM MAE: 1.544164e-01 | Time: 0.4714s
L-BFGS Step 47: Total Loss: 1.445724e+00 | PDE: 5.181124e-03 | BC_sides: 5.723543e-05 | Free_top: 7.050093e-03 | Free_bot: 1.093357e-02 | Load: 2.211396e-02 | Energy: -4.174450e-03 | ImpactC: 0.000000e+00 | FricC: 0.000000e+00 | FricS: 0.000000e+00 | Interface: 4.749160e-04 | ImpactInv: 0.000000e+00 | FEM MAE: 1.544164e-01 | Time: 0.4665s
L-BFGS Step 48: Total Loss: 1.445724e+00 | PDE: 5.181124e-03 | BC_sides: 5.723543e-05 | Free_top: 7.050093e-03 | Free_bot: 1.093357e-02 | Load: 2.211396e-02 | Energy: -4.174450e-03 | ImpactC: 0.000000e+00 | FricC: 0.000000e+00 | FricS: 0.000000e+00 | Interface: 4.749160e-04 | ImpactInv: 0.000000e+00 | FEM MAE: 1.544164e-01 | Time: 0.4645s
L-BFGS Step 49: Total Loss: 1.445724e+00 | PDE: 5.181124e-03 | BC_sides: 5.723543e-05 | Free_top: 7.050093e-03 | Free_bot: 1.093357e-02 | Load: 2.211396e-02 | Energy: -4.174450e-03 | ImpactC: 0.000000e+00 | FricC: 0.000000e+00 | FricS: 0.000000e+00 | Interface: 4.749160e-04 | ImpactInv: 0.000000e+00 | FEM MAE: 1.544164e-01 | Time: 0.4713s
L-BFGS Step 50: Total Loss: 1.445724e+00 | PDE: 5.181124e-03 | BC_sides: 5.723543e-05 | Free_top: 7.050093e-03 | Free_bot: 1.093357e-02 | Load: 2.211396e-02 | Energy: -4.174450e-03 | ImpactC: 0.000000e+00 | FricC: 0.000000e+00 | FricS: 0.000000e+00 | Interface: 4.749160e-04 | ImpactInv: 0.000000e+00 | FEM MAE: 1.544164e-01 | Time: 0.4719s
L-BFGS Step 51: Total Loss: 1.445724e+00 | PDE: 5.181124e-03 | BC_sides: 5.723543e-05 | Free_top: 7.050093e-03 | Free_bot: 1.093357e-02 | Load: 2.211396e-02 | Energy: -4.174450e-03 | ImpactC: 0.000000e+00 | FricC: 0.000000e+00 | FricS: 0.000000e+00 | Interface: 4.749160e-04 | ImpactInv: 0.000000e+00 | FEM MAE: 1.544164e-01 | Time: 0.4802s
L-BFGS Step 52: Total Loss: 1.445724e+00 | PDE: 5.181124e-03 | BC_sides: 5.723543e-05 | Free_top: 7.050093e-03 | Free_bot: 1.093357e-02 | Load: 2.211396e-02 | Energy: -4.174450e-03 | ImpactC: 0.000000e+00 | FricC: 0.000000e+00 | FricS: 0.000000e+00 | Interface: 4.749160e-04 | ImpactInv: 0.000000e+00 | FEM MAE: 1.544164e-01 | Time: 0.4805s
L-BFGS Step 53: Total Loss: 1.445724e+00 | PDE: 5.181124e-03 | BC_sides: 5.723543e-05 | Free_top: 7.050093e-03 | Free_bot: 1.093357e-02 | Load: 2.211396e-02 | Energy: -4.174450e-03 | ImpactC: 0.000000e+00 | FricC: 0.000000e+00 | FricS: 0.000000e+00 | Interface: 4.749160e-04 | ImpactInv: 0.000000e+00 | FEM MAE: 1.544164e-01 | Time: 0.4759s
L-BFGS Step 54: Total Loss: 1.445724e+00 | PDE: 5.181124e-03 | BC_sides: 5.723543e-05 | Free_top: 7.050093e-03 | Free_bot: 1.093357e-02 | Load: 2.211396e-02 | Energy: -4.174450e-03 | ImpactC: 0.000000e+00 | FricC: 0.000000e+00 | FricS: 0.000000e+00 | Interface: 4.749160e-04 | ImpactInv: 0.000000e+00 | FEM MAE: 1.544164e-01 | Time: 0.4831s
L-BFGS Step 55: Total Loss: 1.445724e+00 | PDE: 5.181124e-03 | BC_sides: 5.723543e-05 | Free_top: 7.050093e-03 | Free_bot: 1.093357e-02 | Load: 2.211396e-02 | Energy: -4.174450e-03 | ImpactC: 0.000000e+00 | FricC: 0.000000e+00 | FricS: 0.000000e+00 | Interface: 4.749160e-04 | ImpactInv: 0.000000e+00 | FEM MAE: 1.544164e-01 | Time: 0.4700s
L-BFGS Step 56: Total Loss: 1.445724e+00 | PDE: 5.181124e-03 | BC_sides: 5.723543e-05 | Free_top: 7.050093e-03 | Free_bot: 1.093357e-02 | Load: 2.211396e-02 | Energy: -4.174450e-03 | ImpactC: 0.000000e+00 | FricC: 0.000000e+00 | FricS: 0.000000e+00 | Interface: 4.749160e-04 | ImpactInv: 0.000000e+00 | FEM MAE: 1.544164e-01 | Time: 0.4809s
L-BFGS Step 57: Total Loss: 1.445724e+00 | PDE: 5.181124e-03 | BC_sides: 5.723543e-05 | Free_top: 7.050093e-03 | Free_bot: 1.093357e-02 | Load: 2.211396e-02 | Energy: -4.174450e-03 | ImpactC: 0.000000e+00 | FricC: 0.000000e+00 | FricS: 0.000000e+00 | Interface: 4.749160e-04 | ImpactInv: 0.000000e+00 | FEM MAE: 1.544164e-01 | Time: 0.4717s
L-BFGS Step 58: Total Loss: 1.445724e+00 | PDE: 5.181124e-03 | BC_sides: 5.723543e-05 | Free_top: 7.050093e-03 | Free_bot: 1.093357e-02 | Load: 2.211396e-02 | Energy: -4.174450e-03 | ImpactC: 0.000000e+00 | FricC: 0.000000e+00 | FricS: 0.000000e+00 | Interface: 4.749160e-04 | ImpactInv: 0.000000e+00 | FEM MAE: 1.544164e-01 | Time: 0.4646s
L-BFGS Step 59: Total Loss: 1.445724e+00 | PDE: 5.181124e-03 | BC_sides: 5.723543e-05 | Free_top: 7.050093e-03 | Free_bot: 1.093357e-02 | Load: 2.211396e-02 | Energy: -4.174450e-03 | ImpactC: 0.000000e+00 | FricC: 0.000000e+00 | FricS: 0.000000e+00 | Interface: 4.749160e-04 | ImpactInv: 0.000000e+00 | FEM MAE: 1.544164e-01 | Time: 0.4657s
L-BFGS Step 60: Total Loss: 1.445724e+00 | PDE: 5.181124e-03 | BC_sides: 5.723543e-05 | Free_top: 7.050093e-03 | Free_bot: 1.093357e-02 | Load: 2.211396e-02 | Energy: -4.174450e-03 | ImpactC: 0.000000e+00 | FricC: 0.000000e+00 | FricS: 0.000000e+00 | Interface: 4.749160e-04 | ImpactInv: 0.000000e+00 | FEM MAE: 1.544164e-01 | Time: 0.4674s
L-BFGS Step 61: Total Loss: 1.445724e+00 | PDE: 5.181124e-03 | BC_sides: 5.723543e-05 | Free_top: 7.050093e-03 | Free_bot: 1.093357e-02 | Load: 2.211396e-02 | Energy: -4.174450e-03 | ImpactC: 0.000000e+00 | FricC: 0.000000e+00 | FricS: 0.000000e+00 | Interface: 4.749160e-04 | ImpactInv: 0.000000e+00 | FEM MAE: 1.544164e-01 | Time: 0.4704s
L-BFGS Step 62: Total Loss: 1.445724e+00 | PDE: 5.181124e-03 | BC_sides: 5.723543e-05 | Free_top: 7.050093e-03 | Free_bot: 1.093357e-02 | Load: 2.211396e-02 | Energy: -4.174450e-03 | ImpactC: 0.000000e+00 | FricC: 0.000000e+00 | FricS: 0.000000e+00 | Interface: 4.749160e-04 | ImpactInv: 0.000000e+00 | FEM MAE: 1.544164e-01 | Time: 0.4634s
L-BFGS Step 63: Total Loss: 1.445724e+00 | PDE: 5.181124e-03 | BC_sides: 5.723543e-05 | Free_top: 7.050093e-03 | Free_bot: 1.093357e-02 | Load: 2.211396e-02 | Energy: -4.174450e-03 | ImpactC: 0.000000e+00 | FricC: 0.000000e+00 | FricS: 0.000000e+00 | Interface: 4.749160e-04 | ImpactInv: 0.000000e+00 | FEM MAE: 1.544164e-01 | Time: 0.4642s
L-BFGS Step 64: Total Loss: 1.445724e+00 | PDE: 5.181124e-03 | BC_sides: 5.723543e-05 | Free_top: 7.050093e-03 | Free_bot: 1.093357e-02 | Load: 2.211396e-02 | Energy: -4.174450e-03 | ImpactC: 0.000000e+00 | FricC: 0.000000e+00 | FricS: 0.000000e+00 | Interface: 4.749160e-04 | ImpactInv: 0.000000e+00 | FEM MAE: 1.544164e-01 | Time: 0.4657s
L-BFGS Step 65: Total Loss: 1.445724e+00 | PDE: 5.181124e-03 | BC_sides: 5.723543e-05 | Free_top: 7.050093e-03 | Free_bot: 1.093357e-02 | Load: 2.211396e-02 | Energy: -4.174450e-03 | ImpactC: 0.000000e+00 | FricC: 0.000000e+00 | FricS: 0.000000e+00 | Interface: 4.749160e-04 | ImpactInv: 0.000000e+00 | FEM MAE: 1.544164e-01 | Time: 0.4706s
L-BFGS Step 66: Total Loss: 1.445724e+00 | PDE: 5.181124e-03 | BC_sides: 5.723543e-05 | Free_top: 7.050093e-03 | Free_bot: 1.093357e-02 | Load: 2.211396e-02 | Energy: -4.174450e-03 | ImpactC: 0.000000e+00 | FricC: 0.000000e+00 | FricS: 0.000000e+00 | Interface: 4.749160e-04 | ImpactInv: 0.000000e+00 | FEM MAE: 1.544164e-01 | Time: 0.4844s
L-BFGS Step 67: Total Loss: 1.445724e+00 | PDE: 5.181124e-03 | BC_sides: 5.723543e-05 | Free_top: 7.050093e-03 | Free_bot: 1.093357e-02 | Load: 2.211396e-02 | Energy: -4.174450e-03 | ImpactC: 0.000000e+00 | FricC: 0.000000e+00 | FricS: 0.000000e+00 | Interface: 4.749160e-04 | ImpactInv: 0.000000e+00 | FEM MAE: 1.544164e-01 | Time: 0.4686s
L-BFGS Step 68: Total Loss: 1.445724e+00 | PDE: 5.181124e-03 | BC_sides: 5.723543e-05 | Free_top: 7.050093e-03 | Free_bot: 1.093357e-02 | Load: 2.211396e-02 | Energy: -4.174450e-03 | ImpactC: 0.000000e+00 | FricC: 0.000000e+00 | FricS: 0.000000e+00 | Interface: 4.749160e-04 | ImpactInv: 0.000000e+00 | FEM MAE: 1.544164e-01 | Time: 0.4640s
L-BFGS Step 69: Total Loss: 1.445724e+00 | PDE: 5.181124e-03 | BC_sides: 5.723543e-05 | Free_top: 7.050093e-03 | Free_bot: 1.093357e-02 | Load: 2.211396e-02 | Energy: -4.174450e-03 | ImpactC: 0.000000e+00 | FricC: 0.000000e+00 | FricS: 0.000000e+00 | Interface: 4.749160e-04 | ImpactInv: 0.000000e+00 | FEM MAE: 1.544164e-01 | Time: 0.4832s
L-BFGS Step 70: Total Loss: 1.445724e+00 | PDE: 5.181124e-03 | BC_sides: 5.723543e-05 | Free_top: 7.050093e-03 | Free_bot: 1.093357e-02 | Load: 2.211396e-02 | Energy: -4.174450e-03 | ImpactC: 0.000000e+00 | FricC: 0.000000e+00 | FricS: 0.000000e+00 | Interface: 4.749160e-04 | ImpactInv: 0.000000e+00 | FEM MAE: 1.544164e-01 | Time: 0.4749s
L-BFGS Step 71: Total Loss: 1.445724e+00 | PDE: 5.181124e-03 | BC_sides: 5.723543e-05 | Free_top: 7.050093e-03 | Free_bot: 1.093357e-02 | Load: 2.211396e-02 | Energy: -4.174450e-03 | ImpactC: 0.000000e+00 | FricC: 0.000000e+00 | FricS: 0.000000e+00 | Interface: 4.749160e-04 | ImpactInv: 0.000000e+00 | FEM MAE: 1.544164e-01 | Time: 0.4746s
L-BFGS Step 72: Total Loss: 1.445724e+00 | PDE: 5.181124e-03 | BC_sides: 5.723543e-05 | Free_top: 7.050093e-03 | Free_bot: 1.093357e-02 | Load: 2.211396e-02 | Energy: -4.174450e-03 | ImpactC: 0.000000e+00 | FricC: 0.000000e+00 | FricS: 0.000000e+00 | Interface: 4.749160e-04 | ImpactInv: 0.000000e+00 | FEM MAE: 1.544164e-01 | Time: 0.4656s
L-BFGS Step 73: Total Loss: 1.445724e+00 | PDE: 5.181124e-03 | BC_sides: 5.723543e-05 | Free_top: 7.050093e-03 | Free_bot: 1.093357e-02 | Load: 2.211396e-02 | Energy: -4.174450e-03 | ImpactC: 0.000000e+00 | FricC: 0.000000e+00 | FricS: 0.000000e+00 | Interface: 4.749160e-04 | ImpactInv: 0.000000e+00 | FEM MAE: 1.544164e-01 | Time: 0.4667s
L-BFGS Step 74: Total Loss: 1.445724e+00 | PDE: 5.181124e-03 | BC_sides: 5.723543e-05 | Free_top: 7.050093e-03 | Free_bot: 1.093357e-02 | Load: 2.211396e-02 | Energy: -4.174450e-03 | ImpactC: 0.000000e+00 | FricC: 0.000000e+00 | FricS: 0.000000e+00 | Interface: 4.749160e-04 | ImpactInv: 0.000000e+00 | FEM MAE: 1.544164e-01 | Time: 0.4653s
L-BFGS Step 75: Total Loss: 1.445724e+00 | PDE: 5.181124e-03 | BC_sides: 5.723543e-05 | Free_top: 7.050093e-03 | Free_bot: 1.093357e-02 | Load: 2.211396e-02 | Energy: -4.174450e-03 | ImpactC: 0.000000e+00 | FricC: 0.000000e+00 | FricS: 0.000000e+00 | Interface: 4.749160e-04 | ImpactInv: 0.000000e+00 | FEM MAE: 1.544164e-01 | Time: 0.4779s
L-BFGS Step 76: Total Loss: 1.445724e+00 | PDE: 5.181124e-03 | BC_sides: 5.723543e-05 | Free_top: 7.050093e-03 | Free_bot: 1.093357e-02 | Load: 2.211396e-02 | Energy: -4.174450e-03 | ImpactC: 0.000000e+00 | FricC: 0.000000e+00 | FricS: 0.000000e+00 | Interface: 4.749160e-04 | ImpactInv: 0.000000e+00 | FEM MAE: 1.544164e-01 | Time: 0.4726s
L-BFGS Step 77: Total Loss: 1.445724e+00 | PDE: 5.181124e-03 | BC_sides: 5.723543e-05 | Free_top: 7.050093e-03 | Free_bot: 1.093357e-02 | Load: 2.211396e-02 | Energy: -4.174450e-03 | ImpactC: 0.000000e+00 | FricC: 0.000000e+00 | FricS: 0.000000e+00 | Interface: 4.749160e-04 | ImpactInv: 0.000000e+00 | FEM MAE: 1.544164e-01 | Time: 0.4783s
L-BFGS Step 78: Total Loss: 1.445724e+00 | PDE: 5.181124e-03 | BC_sides: 5.723543e-05 | Free_top: 7.050093e-03 | Free_bot: 1.093357e-02 | Load: 2.211396e-02 | Energy: -4.174450e-03 | ImpactC: 0.000000e+00 | FricC: 0.000000e+00 | FricS: 0.000000e+00 | Interface: 4.749160e-04 | ImpactInv: 0.000000e+00 | FEM MAE: 1.544164e-01 | Time: 0.4656s
L-BFGS Step 79: Total Loss: 1.445724e+00 | PDE: 5.181124e-03 | BC_sides: 5.723543e-05 | Free_top: 7.050093e-03 | Free_bot: 1.093357e-02 | Load: 2.211396e-02 | Energy: -4.174450e-03 | ImpactC: 0.000000e+00 | FricC: 0.000000e+00 | FricS: 0.000000e+00 | Interface: 4.749160e-04 | ImpactInv: 0.000000e+00 | FEM MAE: 1.544164e-01 | Time: 0.4631s
L-BFGS Step 80: Total Loss: 1.445724e+00 | PDE: 5.181124e-03 | BC_sides: 5.723543e-05 | Free_top: 7.050093e-03 | Free_bot: 1.093357e-02 | Load: 2.211396e-02 | Energy: -4.174450e-03 | ImpactC: 0.000000e+00 | FricC: 0.000000e+00 | FricS: 0.000000e+00 | Interface: 4.749160e-04 | ImpactInv: 0.000000e+00 | FEM MAE: 1.544164e-01 | Time: 0.4652s
L-BFGS Step 81: Total Loss: 1.445724e+00 | PDE: 5.181124e-03 | BC_sides: 5.723543e-05 | Free_top: 7.050093e-03 | Free_bot: 1.093357e-02 | Load: 2.211396e-02 | Energy: -4.174450e-03 | ImpactC: 0.000000e+00 | FricC: 0.000000e+00 | FricS: 0.000000e+00 | Interface: 4.749160e-04 | ImpactInv: 0.000000e+00 | FEM MAE: 1.544164e-01 | Time: 0.4621s
L-BFGS Step 82: Total Loss: 1.445724e+00 | PDE: 5.181124e-03 | BC_sides: 5.723543e-05 | Free_top: 7.050093e-03 | Free_bot: 1.093357e-02 | Load: 2.211396e-02 | Energy: -4.174450e-03 | ImpactC: 0.000000e+00 | FricC: 0.000000e+00 | FricS: 0.000000e+00 | Interface: 4.749160e-04 | ImpactInv: 0.000000e+00 | FEM MAE: 1.544164e-01 | Time: 0.4684s
L-BFGS Step 83: Total Loss: 1.445724e+00 | PDE: 5.181124e-03 | BC_sides: 5.723543e-05 | Free_top: 7.050093e-03 | Free_bot: 1.093357e-02 | Load: 2.211396e-02 | Energy: -4.174450e-03 | ImpactC: 0.000000e+00 | FricC: 0.000000e+00 | FricS: 0.000000e+00 | Interface: 4.749160e-04 | ImpactInv: 0.000000e+00 | FEM MAE: 1.544164e-01 | Time: 0.4663s
L-BFGS Step 84: Total Loss: 1.445724e+00 | PDE: 5.181124e-03 | BC_sides: 5.723543e-05 | Free_top: 7.050093e-03 | Free_bot: 1.093357e-02 | Load: 2.211396e-02 | Energy: -4.174450e-03 | ImpactC: 0.000000e+00 | FricC: 0.000000e+00 | FricS: 0.000000e+00 | Interface: 4.749160e-04 | ImpactInv: 0.000000e+00 | FEM MAE: 1.544164e-01 | Time: 0.4650s
L-BFGS Step 85: Total Loss: 1.445724e+00 | PDE: 5.181124e-03 | BC_sides: 5.723543e-05 | Free_top: 7.050093e-03 | Free_bot: 1.093357e-02 | Load: 2.211396e-02 | Energy: -4.174450e-03 | ImpactC: 0.000000e+00 | FricC: 0.000000e+00 | FricS: 0.000000e+00 | Interface: 4.749160e-04 | ImpactInv: 0.000000e+00 | FEM MAE: 1.544164e-01 | Time: 0.4669s
L-BFGS Step 86: Total Loss: 1.445724e+00 | PDE: 5.181124e-03 | BC_sides: 5.723543e-05 | Free_top: 7.050093e-03 | Free_bot: 1.093357e-02 | Load: 2.211396e-02 | Energy: -4.174450e-03 | ImpactC: 0.000000e+00 | FricC: 0.000000e+00 | FricS: 0.000000e+00 | Interface: 4.749160e-04 | ImpactInv: 0.000000e+00 | FEM MAE: 1.544164e-01 | Time: 0.4723s
L-BFGS Step 87: Total Loss: 1.445724e+00 | PDE: 5.181124e-03 | BC_sides: 5.723543e-05 | Free_top: 7.050093e-03 | Free_bot: 1.093357e-02 | Load: 2.211396e-02 | Energy: -4.174450e-03 | ImpactC: 0.000000e+00 | FricC: 0.000000e+00 | FricS: 0.000000e+00 | Interface: 4.749160e-04 | ImpactInv: 0.000000e+00 | FEM MAE: 1.544164e-01 | Time: 0.4696s
L-BFGS Step 88: Total Loss: 1.445724e+00 | PDE: 5.181124e-03 | BC_sides: 5.723543e-05 | Free_top: 7.050093e-03 | Free_bot: 1.093357e-02 | Load: 2.211396e-02 | Energy: -4.174450e-03 | ImpactC: 0.000000e+00 | FricC: 0.000000e+00 | FricS: 0.000000e+00 | Interface: 4.749160e-04 | ImpactInv: 0.000000e+00 | FEM MAE: 1.544164e-01 | Time: 0.4662s
L-BFGS Step 89: Total Loss: 1.445724e+00 | PDE: 5.181124e-03 | BC_sides: 5.723543e-05 | Free_top: 7.050093e-03 | Free_bot: 1.093357e-02 | Load: 2.211396e-02 | Energy: -4.174450e-03 | ImpactC: 0.000000e+00 | FricC: 0.000000e+00 | FricS: 0.000000e+00 | Interface: 4.749160e-04 | ImpactInv: 0.000000e+00 | FEM MAE: 1.544164e-01 | Time: 0.4958s
L-BFGS Step 90: Total Loss: 1.445724e+00 | PDE: 5.181124e-03 | BC_sides: 5.723543e-05 | Free_top: 7.050093e-03 | Free_bot: 1.093357e-02 | Load: 2.211396e-02 | Energy: -4.174450e-03 | ImpactC: 0.000000e+00 | FricC: 0.000000e+00 | FricS: 0.000000e+00 | Interface: 4.749160e-04 | ImpactInv: 0.000000e+00 | FEM MAE: 1.544164e-01 | Time: 0.4785s
L-BFGS Step 91: Total Loss: 1.445724e+00 | PDE: 5.181124e-03 | BC_sides: 5.723543e-05 | Free_top: 7.050093e-03 | Free_bot: 1.093357e-02 | Load: 2.211396e-02 | Energy: -4.174450e-03 | ImpactC: 0.000000e+00 | FricC: 0.000000e+00 | FricS: 0.000000e+00 | Interface: 4.749160e-04 | ImpactInv: 0.000000e+00 | FEM MAE: 1.544164e-01 | Time: 0.4695s
L-BFGS Step 92: Total Loss: 1.445724e+00 | PDE: 5.181124e-03 | BC_sides: 5.723543e-05 | Free_top: 7.050093e-03 | Free_bot: 1.093357e-02 | Load: 2.211396e-02 | Energy: -4.174450e-03 | ImpactC: 0.000000e+00 | FricC: 0.000000e+00 | FricS: 0.000000e+00 | Interface: 4.749160e-04 | ImpactInv: 0.000000e+00 | FEM MAE: 1.544164e-01 | Time: 0.4839s
L-BFGS Step 93: Total Loss: 1.445724e+00 | PDE: 5.181124e-03 | BC_sides: 5.723543e-05 | Free_top: 7.050093e-03 | Free_bot: 1.093357e-02 | Load: 2.211396e-02 | Energy: -4.174450e-03 | ImpactC: 0.000000e+00 | FricC: 0.000000e+00 | FricS: 0.000000e+00 | Interface: 4.749160e-04 | ImpactInv: 0.000000e+00 | FEM MAE: 1.544164e-01 | Time: 0.4700s
L-BFGS Step 94: Total Loss: 1.445724e+00 | PDE: 5.181124e-03 | BC_sides: 5.723543e-05 | Free_top: 7.050093e-03 | Free_bot: 1.093357e-02 | Load: 2.211396e-02 | Energy: -4.174450e-03 | ImpactC: 0.000000e+00 | FricC: 0.000000e+00 | FricS: 0.000000e+00 | Interface: 4.749160e-04 | ImpactInv: 0.000000e+00 | FEM MAE: 1.544164e-01 | Time: 0.4766s
L-BFGS Step 95: Total Loss: 1.445724e+00 | PDE: 5.181124e-03 | BC_sides: 5.723543e-05 | Free_top: 7.050093e-03 | Free_bot: 1.093357e-02 | Load: 2.211396e-02 | Energy: -4.174450e-03 | ImpactC: 0.000000e+00 | FricC: 0.000000e+00 | FricS: 0.000000e+00 | Interface: 4.749160e-04 | ImpactInv: 0.000000e+00 | FEM MAE: 1.544164e-01 | Time: 0.5043s
L-BFGS Step 96: Total Loss: 1.445724e+00 | PDE: 5.181124e-03 | BC_sides: 5.723543e-05 | Free_top: 7.050093e-03 | Free_bot: 1.093357e-02 | Load: 2.211396e-02 | Energy: -4.174450e-03 | ImpactC: 0.000000e+00 | FricC: 0.000000e+00 | FricS: 0.000000e+00 | Interface: 4.749160e-04 | ImpactInv: 0.000000e+00 | FEM MAE: 1.544164e-01 | Time: 0.4781s
L-BFGS Step 97: Total Loss: 1.445724e+00 | PDE: 5.181124e-03 | BC_sides: 5.723543e-05 | Free_top: 7.050093e-03 | Free_bot: 1.093357e-02 | Load: 2.211396e-02 | Energy: -4.174450e-03 | ImpactC: 0.000000e+00 | FricC: 0.000000e+00 | FricS: 0.000000e+00 | Interface: 4.749160e-04 | ImpactInv: 0.000000e+00 | FEM MAE: 1.544164e-01 | Time: 0.4832s
L-BFGS Step 98: Total Loss: 1.445724e+00 | PDE: 5.181124e-03 | BC_sides: 5.723543e-05 | Free_top: 7.050093e-03 | Free_bot: 1.093357e-02 | Load: 2.211396e-02 | Energy: -4.174450e-03 | ImpactC: 0.000000e+00 | FricC: 0.000000e+00 | FricS: 0.000000e+00 | Interface: 4.749160e-04 | ImpactInv: 0.000000e+00 | FEM MAE: 1.544164e-01 | Time: 0.4828s
L-BFGS Step 99: Total Loss: 1.445724e+00 | PDE: 5.181124e-03 | BC_sides: 5.723543e-05 | Free_top: 7.050093e-03 | Free_bot: 1.093357e-02 | Load: 2.211396e-02 | Energy: -4.174450e-03 | ImpactC: 0.000000e+00 | FricC: 0.000000e+00 | FricS: 0.000000e+00 | Interface: 4.749160e-04 | ImpactInv: 0.000000e+00 | FEM MAE: 1.544164e-01 | Time: 0.4747s
L-BFGS Step 100: Total Loss: 1.445724e+00 | PDE: 5.181124e-03 | BC_sides: 5.723543e-05 | Free_top: 7.050093e-03 | Free_bot: 1.093357e-02 | Load: 2.211396e-02 | Energy: -4.174450e-03 | ImpactC: 0.000000e+00 | FricC: 0.000000e+00 | FricS: 0.000000e+00 | Interface: 4.749160e-04 | ImpactInv: 0.000000e+00 | FEM MAE: 1.544164e-01 | Time: 0.4739s
L-BFGS Step 101: Total Loss: 1.445724e+00 | PDE: 5.181124e-03 | BC_sides: 5.723543e-05 | Free_top: 7.050093e-03 | Free_bot: 1.093357e-02 | Load: 2.211396e-02 | Energy: -4.174450e-03 | ImpactC: 0.000000e+00 | FricC: 0.000000e+00 | FricS: 0.000000e+00 | Interface: 4.749160e-04 | ImpactInv: 0.000000e+00 | FEM MAE: 1.544164e-01 | Time: 0.4667s
L-BFGS Step 102: Total Loss: 1.445724e+00 | PDE: 5.181124e-03 | BC_sides: 5.723543e-05 | Free_top: 7.050093e-03 | Free_bot: 1.093357e-02 | Load: 2.211396e-02 | Energy: -4.174450e-03 | ImpactC: 0.000000e+00 | FricC: 0.000000e+00 | FricS: 0.000000e+00 | Interface: 4.749160e-04 | ImpactInv: 0.000000e+00 | FEM MAE: 1.544164e-01 | Time: 0.4630s
L-BFGS Step 103: Total Loss: 1.445724e+00 | PDE: 5.181124e-03 | BC_sides: 5.723543e-05 | Free_top: 7.050093e-03 | Free_bot: 1.093357e-02 | Load: 2.211396e-02 | Energy: -4.174450e-03 | ImpactC: 0.000000e+00 | FricC: 0.000000e+00 | FricS: 0.000000e+00 | Interface: 4.749160e-04 | ImpactInv: 0.000000e+00 | FEM MAE: 1.544164e-01 | Time: 0.4633s
L-BFGS Step 104: Total Loss: 1.445724e+00 | PDE: 5.181124e-03 | BC_sides: 5.723543e-05 | Free_top: 7.050093e-03 | Free_bot: 1.093357e-02 | Load: 2.211396e-02 | Energy: -4.174450e-03 | ImpactC: 0.000000e+00 | FricC: 0.000000e+00 | FricS: 0.000000e+00 | Interface: 4.749160e-04 | ImpactInv: 0.000000e+00 | FEM MAE: 1.544164e-01 | Time: 0.4643s
L-BFGS Step 105: Total Loss: 1.445724e+00 | PDE: 5.181124e-03 | BC_sides: 5.723543e-05 | Free_top: 7.050093e-03 | Free_bot: 1.093357e-02 | Load: 2.211396e-02 | Energy: -4.174450e-03 | ImpactC: 0.000000e+00 | FricC: 0.000000e+00 | FricS: 0.000000e+00 | Interface: 4.749160e-04 | ImpactInv: 0.000000e+00 | FEM MAE: 1.544164e-01 | Time: 0.4642s
L-BFGS Step 106: Total Loss: 1.445724e+00 | PDE: 5.181124e-03 | BC_sides: 5.723543e-05 | Free_top: 7.050093e-03 | Free_bot: 1.093357e-02 | Load: 2.211396e-02 | Energy: -4.174450e-03 | ImpactC: 0.000000e+00 | FricC: 0.000000e+00 | FricS: 0.000000e+00 | Interface: 4.749160e-04 | ImpactInv: 0.000000e+00 | FEM MAE: 1.544164e-01 | Time: 0.5194s
L-BFGS Step 107: Total Loss: 1.445724e+00 | PDE: 5.181124e-03 | BC_sides: 5.723543e-05 | Free_top: 7.050093e-03 | Free_bot: 1.093357e-02 | Load: 2.211396e-02 | Energy: -4.174450e-03 | ImpactC: 0.000000e+00 | FricC: 0.000000e+00 | FricS: 0.000000e+00 | Interface: 4.749160e-04 | ImpactInv: 0.000000e+00 | FEM MAE: 1.544164e-01 | Time: 0.5128s
L-BFGS Step 108: Total Loss: 1.445724e+00 | PDE: 5.181124e-03 | BC_sides: 5.723543e-05 | Free_top: 7.050093e-03 | Free_bot: 1.093357e-02 | Load: 2.211396e-02 | Energy: -4.174450e-03 | ImpactC: 0.000000e+00 | FricC: 0.000000e+00 | FricS: 0.000000e+00 | Interface: 4.749160e-04 | ImpactInv: 0.000000e+00 | FEM MAE: 1.544164e-01 | Time: 0.5061s
L-BFGS Step 109: Total Loss: 1.445724e+00 | PDE: 5.181124e-03 | BC_sides: 5.723543e-05 | Free_top: 7.050093e-03 | Free_bot: 1.093357e-02 | Load: 2.211396e-02 | Energy: -4.174450e-03 | ImpactC: 0.000000e+00 | FricC: 0.000000e+00 | FricS: 0.000000e+00 | Interface: 4.749160e-04 | ImpactInv: 0.000000e+00 | FEM MAE: 1.544164e-01 | Time: 0.5416s
L-BFGS Step 110: Total Loss: 1.445724e+00 | PDE: 5.181124e-03 | BC_sides: 5.723543e-05 | Free_top: 7.050093e-03 | Free_bot: 1.093357e-02 | Load: 2.211396e-02 | Energy: -4.174450e-03 | ImpactC: 0.000000e+00 | FricC: 0.000000e+00 | FricS: 0.000000e+00 | Interface: 4.749160e-04 | ImpactInv: 0.000000e+00 | FEM MAE: 1.544164e-01 | Time: 0.6299s
L-BFGS Step 111: Total Loss: 1.445724e+00 | PDE: 5.181124e-03 | BC_sides: 5.723543e-05 | Free_top: 7.050093e-03 | Free_bot: 1.093357e-02 | Load: 2.211396e-02 | Energy: -4.174450e-03 | ImpactC: 0.000000e+00 | FricC: 0.000000e+00 | FricS: 0.000000e+00 | Interface: 4.749160e-04 | ImpactInv: 0.000000e+00 | FEM MAE: 1.544164e-01 | Time: 0.7011s
L-BFGS Step 112: Total Loss: 1.445724e+00 | PDE: 5.181124e-03 | BC_sides: 5.723543e-05 | Free_top: 7.050093e-03 | Free_bot: 1.093357e-02 | Load: 2.211396e-02 | Energy: -4.174450e-03 | ImpactC: 0.000000e+00 | FricC: 0.000000e+00 | FricS: 0.000000e+00 | Interface: 4.749160e-04 | ImpactInv: 0.000000e+00 | FEM MAE: 1.544164e-01 | Time: 0.5597s
L-BFGS Step 113: Total Loss: 1.445724e+00 | PDE: 5.181124e-03 | BC_sides: 5.723543e-05 | Free_top: 7.050093e-03 | Free_bot: 1.093357e-02 | Load: 2.211396e-02 | Energy: -4.174450e-03 | ImpactC: 0.000000e+00 | FricC: 0.000000e+00 | FricS: 0.000000e+00 | Interface: 4.749160e-04 | ImpactInv: 0.000000e+00 | FEM MAE: 1.544164e-01 | Time: 0.5057s
L-BFGS Step 114: Total Loss: 1.445724e+00 | PDE: 5.181124e-03 | BC_sides: 5.723543e-05 | Free_top: 7.050093e-03 | Free_bot: 1.093357e-02 | Load: 2.211396e-02 | Energy: -4.174450e-03 | ImpactC: 0.000000e+00 | FricC: 0.000000e+00 | FricS: 0.000000e+00 | Interface: 4.749160e-04 | ImpactInv: 0.000000e+00 | FEM MAE: 1.544164e-01 | Time: 0.4868s
L-BFGS Step 115: Total Loss: 1.445724e+00 | PDE: 5.181124e-03 | BC_sides: 5.723543e-05 | Free_top: 7.050093e-03 | Free_bot: 1.093357e-02 | Load: 2.211396e-02 | Energy: -4.174450e-03 | ImpactC: 0.000000e+00 | FricC: 0.000000e+00 | FricS: 0.000000e+00 | Interface: 4.749160e-04 | ImpactInv: 0.000000e+00 | FEM MAE: 1.544164e-01 | Time: 0.4973s
L-BFGS Step 116: Total Loss: 1.445724e+00 | PDE: 5.181124e-03 | BC_sides: 5.723543e-05 | Free_top: 7.050093e-03 | Free_bot: 1.093357e-02 | Load: 2.211396e-02 | Energy: -4.174450e-03 | ImpactC: 0.000000e+00 | FricC: 0.000000e+00 | FricS: 0.000000e+00 | Interface: 4.749160e-04 | ImpactInv: 0.000000e+00 | FEM MAE: 1.544164e-01 | Time: 0.4809s
L-BFGS Step 117: Total Loss: 1.445724e+00 | PDE: 5.181124e-03 | BC_sides: 5.723543e-05 | Free_top: 7.050093e-03 | Free_bot: 1.093357e-02 | Load: 2.211396e-02 | Energy: -4.174450e-03 | ImpactC: 0.000000e+00 | FricC: 0.000000e+00 | FricS: 0.000000e+00 | Interface: 4.749160e-04 | ImpactInv: 0.000000e+00 | FEM MAE: 1.544164e-01 | Time: 0.5199s
L-BFGS Step 118: Total Loss: 1.445724e+00 | PDE: 5.181124e-03 | BC_sides: 5.723543e-05 | Free_top: 7.050093e-03 | Free_bot: 1.093357e-02 | Load: 2.211396e-02 | Energy: -4.174450e-03 | ImpactC: 0.000000e+00 | FricC: 0.000000e+00 | FricS: 0.000000e+00 | Interface: 4.749160e-04 | ImpactInv: 0.000000e+00 | FEM MAE: 1.544164e-01 | Time: 0.5391s
L-BFGS Step 119: Total Loss: 1.445724e+00 | PDE: 5.181124e-03 | BC_sides: 5.723543e-05 | Free_top: 7.050093e-03 | Free_bot: 1.093357e-02 | Load: 2.211396e-02 | Energy: -4.174450e-03 | ImpactC: 0.000000e+00 | FricC: 0.000000e+00 | FricS: 0.000000e+00 | Interface: 4.749160e-04 | ImpactInv: 0.000000e+00 | FEM MAE: 1.544164e-01 | Time: 0.5520s
L-BFGS Step 120: Total Loss: 1.445724e+00 | PDE: 5.181124e-03 | BC_sides: 5.723543e-05 | Free_top: 7.050093e-03 | Free_bot: 1.093357e-02 | Load: 2.211396e-02 | Energy: -4.174450e-03 | ImpactC: 0.000000e+00 | FricC: 0.000000e+00 | FricS: 0.000000e+00 | Interface: 4.749160e-04 | ImpactInv: 0.000000e+00 | FEM MAE: 1.544164e-01 | Time: 0.5253s
L-BFGS Step 121: Total Loss: 1.445724e+00 | PDE: 5.181124e-03 | BC_sides: 5.723543e-05 | Free_top: 7.050093e-03 | Free_bot: 1.093357e-02 | Load: 2.211396e-02 | Energy: -4.174450e-03 | ImpactC: 0.000000e+00 | FricC: 0.000000e+00 | FricS: 0.000000e+00 | Interface: 4.749160e-04 | ImpactInv: 0.000000e+00 | FEM MAE: 1.544164e-01 | Time: 0.4966s
L-BFGS Step 122: Total Loss: 1.445724e+00 | PDE: 5.181124e-03 | BC_sides: 5.723543e-05 | Free_top: 7.050093e-03 | Free_bot: 1.093357e-02 | Load: 2.211396e-02 | Energy: -4.174450e-03 | ImpactC: 0.000000e+00 | FricC: 0.000000e+00 | FricS: 0.000000e+00 | Interface: 4.749160e-04 | ImpactInv: 0.000000e+00 | FEM MAE: 1.544164e-01 | Time: 0.5315s
L-BFGS Step 123: Total Loss: 1.445724e+00 | PDE: 5.181124e-03 | BC_sides: 5.723543e-05 | Free_top: 7.050093e-03 | Free_bot: 1.093357e-02 | Load: 2.211396e-02 | Energy: -4.174450e-03 | ImpactC: 0.000000e+00 | FricC: 0.000000e+00 | FricS: 0.000000e+00 | Interface: 4.749160e-04 | ImpactInv: 0.000000e+00 | FEM MAE: 1.544164e-01 | Time: 0.4676s
L-BFGS Step 124: Total Loss: 1.445724e+00 | PDE: 5.181124e-03 | BC_sides: 5.723543e-05 | Free_top: 7.050093e-03 | Free_bot: 1.093357e-02 | Load: 2.211396e-02 | Energy: -4.174450e-03 | ImpactC: 0.000000e+00 | FricC: 0.000000e+00 | FricS: 0.000000e+00 | Interface: 4.749160e-04 | ImpactInv: 0.000000e+00 | FEM MAE: 1.544164e-01 | Time: 0.4655s
L-BFGS Step 125: Total Loss: 1.445724e+00 | PDE: 5.181124e-03 | BC_sides: 5.723543e-05 | Free_top: 7.050093e-03 | Free_bot: 1.093357e-02 | Load: 2.211396e-02 | Energy: -4.174450e-03 | ImpactC: 0.000000e+00 | FricC: 0.000000e+00 | FricS: 0.000000e+00 | Interface: 4.749160e-04 | ImpactInv: 0.000000e+00 | FEM MAE: 1.544164e-01 | Time: 0.4696s
L-BFGS Step 126: Total Loss: 1.445724e+00 | PDE: 5.181124e-03 | BC_sides: 5.723543e-05 | Free_top: 7.050093e-03 | Free_bot: 1.093357e-02 | Load: 2.211396e-02 | Energy: -4.174450e-03 | ImpactC: 0.000000e+00 | FricC: 0.000000e+00 | FricS: 0.000000e+00 | Interface: 4.749160e-04 | ImpactInv: 0.000000e+00 | FEM MAE: 1.544164e-01 | Time: 0.4696s
L-BFGS Step 127: Total Loss: 1.445724e+00 | PDE: 5.181124e-03 | BC_sides: 5.723543e-05 | Free_top: 7.050093e-03 | Free_bot: 1.093357e-02 | Load: 2.211396e-02 | Energy: -4.174450e-03 | ImpactC: 0.000000e+00 | FricC: 0.000000e+00 | FricS: 0.000000e+00 | Interface: 4.749160e-04 | ImpactInv: 0.000000e+00 | FEM MAE: 1.544164e-01 | Time: 0.4937s
L-BFGS Step 128: Total Loss: 1.445724e+00 | PDE: 5.181124e-03 | BC_sides: 5.723543e-05 | Free_top: 7.050093e-03 | Free_bot: 1.093357e-02 | Load: 2.211396e-02 | Energy: -4.174450e-03 | ImpactC: 0.000000e+00 | FricC: 0.000000e+00 | FricS: 0.000000e+00 | Interface: 4.749160e-04 | ImpactInv: 0.000000e+00 | FEM MAE: 1.544164e-01 | Time: 0.4861s
L-BFGS Step 129: Total Loss: 1.445724e+00 | PDE: 5.181124e-03 | BC_sides: 5.723543e-05 | Free_top: 7.050093e-03 | Free_bot: 1.093357e-02 | Load: 2.211396e-02 | Energy: -4.174450e-03 | ImpactC: 0.000000e+00 | FricC: 0.000000e+00 | FricS: 0.000000e+00 | Interface: 4.749160e-04 | ImpactInv: 0.000000e+00 | FEM MAE: 1.544164e-01 | Time: 0.4750s
L-BFGS Step 130: Total Loss: 1.445724e+00 | PDE: 5.181124e-03 | BC_sides: 5.723543e-05 | Free_top: 7.050093e-03 | Free_bot: 1.093357e-02 | Load: 2.211396e-02 | Energy: -4.174450e-03 | ImpactC: 0.000000e+00 | FricC: 0.000000e+00 | FricS: 0.000000e+00 | Interface: 4.749160e-04 | ImpactInv: 0.000000e+00 | FEM MAE: 1.544164e-01 | Time: 0.4662s
L-BFGS Step 131: Total Loss: 1.445724e+00 | PDE: 5.181124e-03 | BC_sides: 5.723543e-05 | Free_top: 7.050093e-03 | Free_bot: 1.093357e-02 | Load: 2.211396e-02 | Energy: -4.174450e-03 | ImpactC: 0.000000e+00 | FricC: 0.000000e+00 | FricS: 0.000000e+00 | Interface: 4.749160e-04 | ImpactInv: 0.000000e+00 | FEM MAE: 1.544164e-01 | Time: 0.4688s
L-BFGS Step 132: Total Loss: 1.445724e+00 | PDE: 5.181124e-03 | BC_sides: 5.723543e-05 | Free_top: 7.050093e-03 | Free_bot: 1.093357e-02 | Load: 2.211396e-02 | Energy: -4.174450e-03 | ImpactC: 0.000000e+00 | FricC: 0.000000e+00 | FricS: 0.000000e+00 | Interface: 4.749160e-04 | ImpactInv: 0.000000e+00 | FEM MAE: 1.544164e-01 | Time: 0.4664s
L-BFGS Step 133: Total Loss: 1.445724e+00 | PDE: 5.181124e-03 | BC_sides: 5.723543e-05 | Free_top: 7.050093e-03 | Free_bot: 1.093357e-02 | Load: 2.211396e-02 | Energy: -4.174450e-03 | ImpactC: 0.000000e+00 | FricC: 0.000000e+00 | FricS: 0.000000e+00 | Interface: 4.749160e-04 | ImpactInv: 0.000000e+00 | FEM MAE: 1.544164e-01 | Time: 0.4684s
L-BFGS Step 134: Total Loss: 1.445724e+00 | PDE: 5.181124e-03 | BC_sides: 5.723543e-05 | Free_top: 7.050093e-03 | Free_bot: 1.093357e-02 | Load: 2.211396e-02 | Energy: -4.174450e-03 | ImpactC: 0.000000e+00 | FricC: 0.000000e+00 | FricS: 0.000000e+00 | Interface: 4.749160e-04 | ImpactInv: 0.000000e+00 | FEM MAE: 1.544164e-01 | Time: 0.4664s
L-BFGS Step 135: Total Loss: 1.445724e+00 | PDE: 5.181124e-03 | BC_sides: 5.723543e-05 | Free_top: 7.050093e-03 | Free_bot: 1.093357e-02 | Load: 2.211396e-02 | Energy: -4.174450e-03 | ImpactC: 0.000000e+00 | FricC: 0.000000e+00 | FricS: 0.000000e+00 | Interface: 4.749160e-04 | ImpactInv: 0.000000e+00 | FEM MAE: 1.544164e-01 | Time: 0.4721s
L-BFGS Step 136: Total Loss: 1.445724e+00 | PDE: 5.181124e-03 | BC_sides: 5.723543e-05 | Free_top: 7.050093e-03 | Free_bot: 1.093357e-02 | Load: 2.211396e-02 | Energy: -4.174450e-03 | ImpactC: 0.000000e+00 | FricC: 0.000000e+00 | FricS: 0.000000e+00 | Interface: 4.749160e-04 | ImpactInv: 0.000000e+00 | FEM MAE: 1.544164e-01 | Time: 0.4683s
L-BFGS Step 137: Total Loss: 1.445724e+00 | PDE: 5.181124e-03 | BC_sides: 5.723543e-05 | Free_top: 7.050093e-03 | Free_bot: 1.093357e-02 | Load: 2.211396e-02 | Energy: -4.174450e-03 | ImpactC: 0.000000e+00 | FricC: 0.000000e+00 | FricS: 0.000000e+00 | Interface: 4.749160e-04 | ImpactInv: 0.000000e+00 | FEM MAE: 1.544164e-01 | Time: 0.4657s
L-BFGS Step 138: Total Loss: 1.445724e+00 | PDE: 5.181124e-03 | BC_sides: 5.723543e-05 | Free_top: 7.050093e-03 | Free_bot: 1.093357e-02 | Load: 2.211396e-02 | Energy: -4.174450e-03 | ImpactC: 0.000000e+00 | FricC: 0.000000e+00 | FricS: 0.000000e+00 | Interface: 4.749160e-04 | ImpactInv: 0.000000e+00 | FEM MAE: 1.544164e-01 | Time: 0.4672s
L-BFGS Step 139: Total Loss: 1.445724e+00 | PDE: 5.181124e-03 | BC_sides: 5.723543e-05 | Free_top: 7.050093e-03 | Free_bot: 1.093357e-02 | Load: 2.211396e-02 | Energy: -4.174450e-03 | ImpactC: 0.000000e+00 | FricC: 0.000000e+00 | FricS: 0.000000e+00 | Interface: 4.749160e-04 | ImpactInv: 0.000000e+00 | FEM MAE: 1.544164e-01 | Time: 0.4659s
L-BFGS Step 140: Total Loss: 1.445724e+00 | PDE: 5.181124e-03 | BC_sides: 5.723543e-05 | Free_top: 7.050093e-03 | Free_bot: 1.093357e-02 | Load: 2.211396e-02 | Energy: -4.174450e-03 | ImpactC: 0.000000e+00 | FricC: 0.000000e+00 | FricS: 0.000000e+00 | Interface: 4.749160e-04 | ImpactInv: 0.000000e+00 | FEM MAE: 1.544164e-01 | Time: 0.4757s
L-BFGS Step 141: Total Loss: 1.445724e+00 | PDE: 5.181124e-03 | BC_sides: 5.723543e-05 | Free_top: 7.050093e-03 | Free_bot: 1.093357e-02 | Load: 2.211396e-02 | Energy: -4.174450e-03 | ImpactC: 0.000000e+00 | FricC: 0.000000e+00 | FricS: 0.000000e+00 | Interface: 4.749160e-04 | ImpactInv: 0.000000e+00 | FEM MAE: 1.544164e-01 | Time: 0.4793s
L-BFGS Step 142: Total Loss: 1.445724e+00 | PDE: 5.181124e-03 | BC_sides: 5.723543e-05 | Free_top: 7.050093e-03 | Free_bot: 1.093357e-02 | Load: 2.211396e-02 | Energy: -4.174450e-03 | ImpactC: 0.000000e+00 | FricC: 0.000000e+00 | FricS: 0.000000e+00 | Interface: 4.749160e-04 | ImpactInv: 0.000000e+00 | FEM MAE: 1.544164e-01 | Time: 0.4693s
L-BFGS Step 143: Total Loss: 1.445724e+00 | PDE: 5.181124e-03 | BC_sides: 5.723543e-05 | Free_top: 7.050093e-03 | Free_bot: 1.093357e-02 | Load: 2.211396e-02 | Energy: -4.174450e-03 | ImpactC: 0.000000e+00 | FricC: 0.000000e+00 | FricS: 0.000000e+00 | Interface: 4.749160e-04 | ImpactInv: 0.000000e+00 | FEM MAE: 1.544164e-01 | Time: 0.4740s
L-BFGS Step 144: Total Loss: 1.445724e+00 | PDE: 5.181124e-03 | BC_sides: 5.723543e-05 | Free_top: 7.050093e-03 | Free_bot: 1.093357e-02 | Load: 2.211396e-02 | Energy: -4.174450e-03 | ImpactC: 0.000000e+00 | FricC: 0.000000e+00 | FricS: 0.000000e+00 | Interface: 4.749160e-04 | ImpactInv: 0.000000e+00 | FEM MAE: 1.544164e-01 | Time: 0.4784s
L-BFGS Step 145: Total Loss: 1.445724e+00 | PDE: 5.181124e-03 | BC_sides: 5.723543e-05 | Free_top: 7.050093e-03 | Free_bot: 1.093357e-02 | Load: 2.211396e-02 | Energy: -4.174450e-03 | ImpactC: 0.000000e+00 | FricC: 0.000000e+00 | FricS: 0.000000e+00 | Interface: 4.749160e-04 | ImpactInv: 0.000000e+00 | FEM MAE: 1.544164e-01 | Time: 0.4694s
L-BFGS Step 146: Total Loss: 1.445724e+00 | PDE: 5.181124e-03 | BC_sides: 5.723543e-05 | Free_top: 7.050093e-03 | Free_bot: 1.093357e-02 | Load: 2.211396e-02 | Energy: -4.174450e-03 | ImpactC: 0.000000e+00 | FricC: 0.000000e+00 | FricS: 0.000000e+00 | Interface: 4.749160e-04 | ImpactInv: 0.000000e+00 | FEM MAE: 1.544164e-01 | Time: 0.4681s
L-BFGS Step 147: Total Loss: 1.445724e+00 | PDE: 5.181124e-03 | BC_sides: 5.723543e-05 | Free_top: 7.050093e-03 | Free_bot: 1.093357e-02 | Load: 2.211396e-02 | Energy: -4.174450e-03 | ImpactC: 0.000000e+00 | FricC: 0.000000e+00 | FricS: 0.000000e+00 | Interface: 4.749160e-04 | ImpactInv: 0.000000e+00 | FEM MAE: 1.544164e-01 | Time: 0.4883s
L-BFGS Step 148: Total Loss: 1.445724e+00 | PDE: 5.181124e-03 | BC_sides: 5.723543e-05 | Free_top: 7.050093e-03 | Free_bot: 1.093357e-02 | Load: 2.211396e-02 | Energy: -4.174450e-03 | ImpactC: 0.000000e+00 | FricC: 0.000000e+00 | FricS: 0.000000e+00 | Interface: 4.749160e-04 | ImpactInv: 0.000000e+00 | FEM MAE: 1.544164e-01 | Time: 0.4753s
L-BFGS Step 149: Total Loss: 1.445724e+00 | PDE: 5.181124e-03 | BC_sides: 5.723543e-05 | Free_top: 7.050093e-03 | Free_bot: 1.093357e-02 | Load: 2.211396e-02 | Energy: -4.174450e-03 | ImpactC: 0.000000e+00 | FricC: 0.000000e+00 | FricS: 0.000000e+00 | Interface: 4.749160e-04 | ImpactInv: 0.000000e+00 | FEM MAE: 1.544164e-01 | Time: 0.4745s
L-BFGS Step 150: Total Loss: 1.445724e+00 | PDE: 5.181124e-03 | BC_sides: 5.723543e-05 | Free_top: 7.050093e-03 | Free_bot: 1.093357e-02 | Load: 2.211396e-02 | Energy: -4.174450e-03 | ImpactC: 0.000000e+00 | FricC: 0.000000e+00 | FricS: 0.000000e+00 | Interface: 4.749160e-04 | ImpactInv: 0.000000e+00 | FEM MAE: 1.544164e-01 | Time: 0.4659s
L-BFGS Step 151: Total Loss: 1.445724e+00 | PDE: 5.181124e-03 | BC_sides: 5.723543e-05 | Free_top: 7.050093e-03 | Free_bot: 1.093357e-02 | Load: 2.211396e-02 | Energy: -4.174450e-03 | ImpactC: 0.000000e+00 | FricC: 0.000000e+00 | FricS: 0.000000e+00 | Interface: 4.749160e-04 | ImpactInv: 0.000000e+00 | FEM MAE: 1.544164e-01 | Time: 0.4710s
L-BFGS Step 152: Total Loss: 1.445724e+00 | PDE: 5.181124e-03 | BC_sides: 5.723543e-05 | Free_top: 7.050093e-03 | Free_bot: 1.093357e-02 | Load: 2.211396e-02 | Energy: -4.174450e-03 | ImpactC: 0.000000e+00 | FricC: 0.000000e+00 | FricS: 0.000000e+00 | Interface: 4.749160e-04 | ImpactInv: 0.000000e+00 | FEM MAE: 1.544164e-01 | Time: 0.4746s
L-BFGS Step 153: Total Loss: 1.445724e+00 | PDE: 5.181124e-03 | BC_sides: 5.723543e-05 | Free_top: 7.050093e-03 | Free_bot: 1.093357e-02 | Load: 2.211396e-02 | Energy: -4.174450e-03 | ImpactC: 0.000000e+00 | FricC: 0.000000e+00 | FricS: 0.000000e+00 | Interface: 4.749160e-04 | ImpactInv: 0.000000e+00 | FEM MAE: 1.544164e-01 | Time: 0.4673s
L-BFGS Step 154: Total Loss: 1.445724e+00 | PDE: 5.181124e-03 | BC_sides: 5.723543e-05 | Free_top: 7.050093e-03 | Free_bot: 1.093357e-02 | Load: 2.211396e-02 | Energy: -4.174450e-03 | ImpactC: 0.000000e+00 | FricC: 0.000000e+00 | FricS: 0.000000e+00 | Interface: 4.749160e-04 | ImpactInv: 0.000000e+00 | FEM MAE: 1.544164e-01 | Time: 0.4687s
L-BFGS Step 155: Total Loss: 1.445724e+00 | PDE: 5.181124e-03 | BC_sides: 5.723543e-05 | Free_top: 7.050093e-03 | Free_bot: 1.093357e-02 | Load: 2.211396e-02 | Energy: -4.174450e-03 | ImpactC: 0.000000e+00 | FricC: 0.000000e+00 | FricS: 0.000000e+00 | Interface: 4.749160e-04 | ImpactInv: 0.000000e+00 | FEM MAE: 1.544164e-01 | Time: 0.4669s
L-BFGS Step 156: Total Loss: 1.445724e+00 | PDE: 5.181124e-03 | BC_sides: 5.723543e-05 | Free_top: 7.050093e-03 | Free_bot: 1.093357e-02 | Load: 2.211396e-02 | Energy: -4.174450e-03 | ImpactC: 0.000000e+00 | FricC: 0.000000e+00 | FricS: 0.000000e+00 | Interface: 4.749160e-04 | ImpactInv: 0.000000e+00 | FEM MAE: 1.544164e-01 | Time: 0.4691s
L-BFGS Step 157: Total Loss: 1.445724e+00 | PDE: 5.181124e-03 | BC_sides: 5.723543e-05 | Free_top: 7.050093e-03 | Free_bot: 1.093357e-02 | Load: 2.211396e-02 | Energy: -4.174450e-03 | ImpactC: 0.000000e+00 | FricC: 0.000000e+00 | FricS: 0.000000e+00 | Interface: 4.749160e-04 | ImpactInv: 0.000000e+00 | FEM MAE: 1.544164e-01 | Time: 0.4647s
L-BFGS Step 158: Total Loss: 1.445724e+00 | PDE: 5.181124e-03 | BC_sides: 5.723543e-05 | Free_top: 7.050093e-03 | Free_bot: 1.093357e-02 | Load: 2.211396e-02 | Energy: -4.174450e-03 | ImpactC: 0.000000e+00 | FricC: 0.000000e+00 | FricS: 0.000000e+00 | Interface: 4.749160e-04 | ImpactInv: 0.000000e+00 | FEM MAE: 1.544164e-01 | Time: 0.4846s
L-BFGS Step 159: Total Loss: 1.445724e+00 | PDE: 5.181124e-03 | BC_sides: 5.723543e-05 | Free_top: 7.050093e-03 | Free_bot: 1.093357e-02 | Load: 2.211396e-02 | Energy: -4.174450e-03 | ImpactC: 0.000000e+00 | FricC: 0.000000e+00 | FricS: 0.000000e+00 | Interface: 4.749160e-04 | ImpactInv: 0.000000e+00 | FEM MAE: 1.544164e-01 | Time: 0.4724s
L-BFGS Step 160: Total Loss: 1.445724e+00 | PDE: 5.181124e-03 | BC_sides: 5.723543e-05 | Free_top: 7.050093e-03 | Free_bot: 1.093357e-02 | Load: 2.211396e-02 | Energy: -4.174450e-03 | ImpactC: 0.000000e+00 | FricC: 0.000000e+00 | FricS: 0.000000e+00 | Interface: 4.749160e-04 | ImpactInv: 0.000000e+00 | FEM MAE: 1.544164e-01 | Time: 0.4714s
L-BFGS Step 161: Total Loss: 1.445724e+00 | PDE: 5.181124e-03 | BC_sides: 5.723543e-05 | Free_top: 7.050093e-03 | Free_bot: 1.093357e-02 | Load: 2.211396e-02 | Energy: -4.174450e-03 | ImpactC: 0.000000e+00 | FricC: 0.000000e+00 | FricS: 0.000000e+00 | Interface: 4.749160e-04 | ImpactInv: 0.000000e+00 | FEM MAE: 1.544164e-01 | Time: 0.4663s
L-BFGS Step 162: Total Loss: 1.445724e+00 | PDE: 5.181124e-03 | BC_sides: 5.723543e-05 | Free_top: 7.050093e-03 | Free_bot: 1.093357e-02 | Load: 2.211396e-02 | Energy: -4.174450e-03 | ImpactC: 0.000000e+00 | FricC: 0.000000e+00 | FricS: 0.000000e+00 | Interface: 4.749160e-04 | ImpactInv: 0.000000e+00 | FEM MAE: 1.544164e-01 | Time: 0.4666s
L-BFGS Step 163: Total Loss: 1.445724e+00 | PDE: 5.181124e-03 | BC_sides: 5.723543e-05 | Free_top: 7.050093e-03 | Free_bot: 1.093357e-02 | Load: 2.211396e-02 | Energy: -4.174450e-03 | ImpactC: 0.000000e+00 | FricC: 0.000000e+00 | FricS: 0.000000e+00 | Interface: 4.749160e-04 | ImpactInv: 0.000000e+00 | FEM MAE: 1.544164e-01 | Time: 0.4646s
L-BFGS Step 164: Total Loss: 1.445724e+00 | PDE: 5.181124e-03 | BC_sides: 5.723543e-05 | Free_top: 7.050093e-03 | Free_bot: 1.093357e-02 | Load: 2.211396e-02 | Energy: -4.174450e-03 | ImpactC: 0.000000e+00 | FricC: 0.000000e+00 | FricS: 0.000000e+00 | Interface: 4.749160e-04 | ImpactInv: 0.000000e+00 | FEM MAE: 1.544164e-01 | Time: 0.4660s
L-BFGS Step 165: Total Loss: 1.445724e+00 | PDE: 5.181124e-03 | BC_sides: 5.723543e-05 | Free_top: 7.050093e-03 | Free_bot: 1.093357e-02 | Load: 2.211396e-02 | Energy: -4.174450e-03 | ImpactC: 0.000000e+00 | FricC: 0.000000e+00 | FricS: 0.000000e+00 | Interface: 4.749160e-04 | ImpactInv: 0.000000e+00 | FEM MAE: 1.544164e-01 | Time: 0.4793s
L-BFGS Step 166: Total Loss: 1.445724e+00 | PDE: 5.181124e-03 | BC_sides: 5.723543e-05 | Free_top: 7.050093e-03 | Free_bot: 1.093357e-02 | Load: 2.211396e-02 | Energy: -4.174450e-03 | ImpactC: 0.000000e+00 | FricC: 0.000000e+00 | FricS: 0.000000e+00 | Interface: 4.749160e-04 | ImpactInv: 0.000000e+00 | FEM MAE: 1.544164e-01 | Time: 0.4669s
L-BFGS Step 167: Total Loss: 1.445724e+00 | PDE: 5.181124e-03 | BC_sides: 5.723543e-05 | Free_top: 7.050093e-03 | Free_bot: 1.093357e-02 | Load: 2.211396e-02 | Energy: -4.174450e-03 | ImpactC: 0.000000e+00 | FricC: 0.000000e+00 | FricS: 0.000000e+00 | Interface: 4.749160e-04 | ImpactInv: 0.000000e+00 | FEM MAE: 1.544164e-01 | Time: 0.4735s
L-BFGS Step 168: Total Loss: 1.445724e+00 | PDE: 5.181124e-03 | BC_sides: 5.723543e-05 | Free_top: 7.050093e-03 | Free_bot: 1.093357e-02 | Load: 2.211396e-02 | Energy: -4.174450e-03 | ImpactC: 0.000000e+00 | FricC: 0.000000e+00 | FricS: 0.000000e+00 | Interface: 4.749160e-04 | ImpactInv: 0.000000e+00 | FEM MAE: 1.544164e-01 | Time: 0.4679s
L-BFGS Step 169: Total Loss: 1.445724e+00 | PDE: 5.181124e-03 | BC_sides: 5.723543e-05 | Free_top: 7.050093e-03 | Free_bot: 1.093357e-02 | Load: 2.211396e-02 | Energy: -4.174450e-03 | ImpactC: 0.000000e+00 | FricC: 0.000000e+00 | FricS: 0.000000e+00 | Interface: 4.749160e-04 | ImpactInv: 0.000000e+00 | FEM MAE: 1.544164e-01 | Time: 0.4877s
L-BFGS Step 170: Total Loss: 1.445724e+00 | PDE: 5.181124e-03 | BC_sides: 5.723543e-05 | Free_top: 7.050093e-03 | Free_bot: 1.093357e-02 | Load: 2.211396e-02 | Energy: -4.174450e-03 | ImpactC: 0.000000e+00 | FricC: 0.000000e+00 | FricS: 0.000000e+00 | Interface: 4.749160e-04 | ImpactInv: 0.000000e+00 | FEM MAE: 1.544164e-01 | Time: 0.4755s
L-BFGS Step 171: Total Loss: 1.445724e+00 | PDE: 5.181124e-03 | BC_sides: 5.723543e-05 | Free_top: 7.050093e-03 | Free_bot: 1.093357e-02 | Load: 2.211396e-02 | Energy: -4.174450e-03 | ImpactC: 0.000000e+00 | FricC: 0.000000e+00 | FricS: 0.000000e+00 | Interface: 4.749160e-04 | ImpactInv: 0.000000e+00 | FEM MAE: 1.544164e-01 | Time: 0.4738s
L-BFGS Step 172: Total Loss: 1.445724e+00 | PDE: 5.181124e-03 | BC_sides: 5.723543e-05 | Free_top: 7.050093e-03 | Free_bot: 1.093357e-02 | Load: 2.211396e-02 | Energy: -4.174450e-03 | ImpactC: 0.000000e+00 | FricC: 0.000000e+00 | FricS: 0.000000e+00 | Interface: 4.749160e-04 | ImpactInv: 0.000000e+00 | FEM MAE: 1.544164e-01 | Time: 0.5087s
L-BFGS Step 173: Total Loss: 1.445724e+00 | PDE: 5.181124e-03 | BC_sides: 5.723543e-05 | Free_top: 7.050093e-03 | Free_bot: 1.093357e-02 | Load: 2.211396e-02 | Energy: -4.174450e-03 | ImpactC: 0.000000e+00 | FricC: 0.000000e+00 | FricS: 0.000000e+00 | Interface: 4.749160e-04 | ImpactInv: 0.000000e+00 | FEM MAE: 1.544164e-01 | Time: 0.4995s
L-BFGS Step 174: Total Loss: 1.445724e+00 | PDE: 5.181124e-03 | BC_sides: 5.723543e-05 | Free_top: 7.050093e-03 | Free_bot: 1.093357e-02 | Load: 2.211396e-02 | Energy: -4.174450e-03 | ImpactC: 0.000000e+00 | FricC: 0.000000e+00 | FricS: 0.000000e+00 | Interface: 4.749160e-04 | ImpactInv: 0.000000e+00 | FEM MAE: 1.544164e-01 | Time: 0.4678s
L-BFGS Step 175: Total Loss: 1.445724e+00 | PDE: 5.181124e-03 | BC_sides: 5.723543e-05 | Free_top: 7.050093e-03 | Free_bot: 1.093357e-02 | Load: 2.211396e-02 | Energy: -4.174450e-03 | ImpactC: 0.000000e+00 | FricC: 0.000000e+00 | FricS: 0.000000e+00 | Interface: 4.749160e-04 | ImpactInv: 0.000000e+00 | FEM MAE: 1.544164e-01 | Time: 0.4648s
L-BFGS Step 176: Total Loss: 1.445724e+00 | PDE: 5.181124e-03 | BC_sides: 5.723543e-05 | Free_top: 7.050093e-03 | Free_bot: 1.093357e-02 | Load: 2.211396e-02 | Energy: -4.174450e-03 | ImpactC: 0.000000e+00 | FricC: 0.000000e+00 | FricS: 0.000000e+00 | Interface: 4.749160e-04 | ImpactInv: 0.000000e+00 | FEM MAE: 1.544164e-01 | Time: 0.4697s
L-BFGS Step 177: Total Loss: 1.445724e+00 | PDE: 5.181124e-03 | BC_sides: 5.723543e-05 | Free_top: 7.050093e-03 | Free_bot: 1.093357e-02 | Load: 2.211396e-02 | Energy: -4.174450e-03 | ImpactC: 0.000000e+00 | FricC: 0.000000e+00 | FricS: 0.000000e+00 | Interface: 4.749160e-04 | ImpactInv: 0.000000e+00 | FEM MAE: 1.544164e-01 | Time: 0.4723s
L-BFGS Step 178: Total Loss: 1.445724e+00 | PDE: 5.181124e-03 | BC_sides: 5.723543e-05 | Free_top: 7.050093e-03 | Free_bot: 1.093357e-02 | Load: 2.211396e-02 | Energy: -4.174450e-03 | ImpactC: 0.000000e+00 | FricC: 0.000000e+00 | FricS: 0.000000e+00 | Interface: 4.749160e-04 | ImpactInv: 0.000000e+00 | FEM MAE: 1.544164e-01 | Time: 0.4725s
L-BFGS Step 179: Total Loss: 1.445724e+00 | PDE: 5.181124e-03 | BC_sides: 5.723543e-05 | Free_top: 7.050093e-03 | Free_bot: 1.093357e-02 | Load: 2.211396e-02 | Energy: -4.174450e-03 | ImpactC: 0.000000e+00 | FricC: 0.000000e+00 | FricS: 0.000000e+00 | Interface: 4.749160e-04 | ImpactInv: 0.000000e+00 | FEM MAE: 1.544164e-01 | Time: 0.4691s
L-BFGS Step 180: Total Loss: 1.445724e+00 | PDE: 5.181124e-03 | BC_sides: 5.723543e-05 | Free_top: 7.050093e-03 | Free_bot: 1.093357e-02 | Load: 2.211396e-02 | Energy: -4.174450e-03 | ImpactC: 0.000000e+00 | FricC: 0.000000e+00 | FricS: 0.000000e+00 | Interface: 4.749160e-04 | ImpactInv: 0.000000e+00 | FEM MAE: 1.544164e-01 | Time: 0.4657s
L-BFGS Step 181: Total Loss: 1.445724e+00 | PDE: 5.181124e-03 | BC_sides: 5.723543e-05 | Free_top: 7.050093e-03 | Free_bot: 1.093357e-02 | Load: 2.211396e-02 | Energy: -4.174450e-03 | ImpactC: 0.000000e+00 | FricC: 0.000000e+00 | FricS: 0.000000e+00 | Interface: 4.749160e-04 | ImpactInv: 0.000000e+00 | FEM MAE: 1.544164e-01 | Time: 0.4956s
L-BFGS Step 182: Total Loss: 1.445724e+00 | PDE: 5.181124e-03 | BC_sides: 5.723543e-05 | Free_top: 7.050093e-03 | Free_bot: 1.093357e-02 | Load: 2.211396e-02 | Energy: -4.174450e-03 | ImpactC: 0.000000e+00 | FricC: 0.000000e+00 | FricS: 0.000000e+00 | Interface: 4.749160e-04 | ImpactInv: 0.000000e+00 | FEM MAE: 1.544164e-01 | Time: 0.4654s
L-BFGS Step 183: Total Loss: 1.445724e+00 | PDE: 5.181124e-03 | BC_sides: 5.723543e-05 | Free_top: 7.050093e-03 | Free_bot: 1.093357e-02 | Load: 2.211396e-02 | Energy: -4.174450e-03 | ImpactC: 0.000000e+00 | FricC: 0.000000e+00 | FricS: 0.000000e+00 | Interface: 4.749160e-04 | ImpactInv: 0.000000e+00 | FEM MAE: 1.544164e-01 | Time: 0.4816s
L-BFGS Step 184: Total Loss: 1.445724e+00 | PDE: 5.181124e-03 | BC_sides: 5.723543e-05 | Free_top: 7.050093e-03 | Free_bot: 1.093357e-02 | Load: 2.211396e-02 | Energy: -4.174450e-03 | ImpactC: 0.000000e+00 | FricC: 0.000000e+00 | FricS: 0.000000e+00 | Interface: 4.749160e-04 | ImpactInv: 0.000000e+00 | FEM MAE: 1.544164e-01 | Time: 0.4926s
L-BFGS Step 185: Total Loss: 1.445724e+00 | PDE: 5.181124e-03 | BC_sides: 5.723543e-05 | Free_top: 7.050093e-03 | Free_bot: 1.093357e-02 | Load: 2.211396e-02 | Energy: -4.174450e-03 | ImpactC: 0.000000e+00 | FricC: 0.000000e+00 | FricS: 0.000000e+00 | Interface: 4.749160e-04 | ImpactInv: 0.000000e+00 | FEM MAE: 1.544164e-01 | Time: 0.4908s
L-BFGS Step 186: Total Loss: 1.445724e+00 | PDE: 5.181124e-03 | BC_sides: 5.723543e-05 | Free_top: 7.050093e-03 | Free_bot: 1.093357e-02 | Load: 2.211396e-02 | Energy: -4.174450e-03 | ImpactC: 0.000000e+00 | FricC: 0.000000e+00 | FricS: 0.000000e+00 | Interface: 4.749160e-04 | ImpactInv: 0.000000e+00 | FEM MAE: 1.544164e-01 | Time: 0.4665s
L-BFGS Step 187: Total Loss: 1.445724e+00 | PDE: 5.181124e-03 | BC_sides: 5.723543e-05 | Free_top: 7.050093e-03 | Free_bot: 1.093357e-02 | Load: 2.211396e-02 | Energy: -4.174450e-03 | ImpactC: 0.000000e+00 | FricC: 0.000000e+00 | FricS: 0.000000e+00 | Interface: 4.749160e-04 | ImpactInv: 0.000000e+00 | FEM MAE: 1.544164e-01 | Time: 0.4690s
L-BFGS Step 188: Total Loss: 1.445724e+00 | PDE: 5.181124e-03 | BC_sides: 5.723543e-05 | Free_top: 7.050093e-03 | Free_bot: 1.093357e-02 | Load: 2.211396e-02 | Energy: -4.174450e-03 | ImpactC: 0.000000e+00 | FricC: 0.000000e+00 | FricS: 0.000000e+00 | Interface: 4.749160e-04 | ImpactInv: 0.000000e+00 | FEM MAE: 1.544164e-01 | Time: 0.4608s
L-BFGS Step 189: Total Loss: 1.445724e+00 | PDE: 5.181124e-03 | BC_sides: 5.723543e-05 | Free_top: 7.050093e-03 | Free_bot: 1.093357e-02 | Load: 2.211396e-02 | Energy: -4.174450e-03 | ImpactC: 0.000000e+00 | FricC: 0.000000e+00 | FricS: 0.000000e+00 | Interface: 4.749160e-04 | ImpactInv: 0.000000e+00 | FEM MAE: 1.544164e-01 | Time: 0.4602s
L-BFGS Step 190: Total Loss: 1.445724e+00 | PDE: 5.181124e-03 | BC_sides: 5.723543e-05 | Free_top: 7.050093e-03 | Free_bot: 1.093357e-02 | Load: 2.211396e-02 | Energy: -4.174450e-03 | ImpactC: 0.000000e+00 | FricC: 0.000000e+00 | FricS: 0.000000e+00 | Interface: 4.749160e-04 | ImpactInv: 0.000000e+00 | FEM MAE: 1.544164e-01 | Time: 0.4652s
L-BFGS Step 191: Total Loss: 1.445724e+00 | PDE: 5.181124e-03 | BC_sides: 5.723543e-05 | Free_top: 7.050093e-03 | Free_bot: 1.093357e-02 | Load: 2.211396e-02 | Energy: -4.174450e-03 | ImpactC: 0.000000e+00 | FricC: 0.000000e+00 | FricS: 0.000000e+00 | Interface: 4.749160e-04 | ImpactInv: 0.000000e+00 | FEM MAE: 1.544164e-01 | Time: 0.4642s
L-BFGS Step 192: Total Loss: 1.445724e+00 | PDE: 5.181124e-03 | BC_sides: 5.723543e-05 | Free_top: 7.050093e-03 | Free_bot: 1.093357e-02 | Load: 2.211396e-02 | Energy: -4.174450e-03 | ImpactC: 0.000000e+00 | FricC: 0.000000e+00 | FricS: 0.000000e+00 | Interface: 4.749160e-04 | ImpactInv: 0.000000e+00 | FEM MAE: 1.544164e-01 | Time: 0.4625s
L-BFGS Step 193: Total Loss: 1.445724e+00 | PDE: 5.181124e-03 | BC_sides: 5.723543e-05 | Free_top: 7.050093e-03 | Free_bot: 1.093357e-02 | Load: 2.211396e-02 | Energy: -4.174450e-03 | ImpactC: 0.000000e+00 | FricC: 0.000000e+00 | FricS: 0.000000e+00 | Interface: 4.749160e-04 | ImpactInv: 0.000000e+00 | FEM MAE: 1.544164e-01 | Time: 0.4638s
L-BFGS Step 194: Total Loss: 1.445724e+00 | PDE: 5.181124e-03 | BC_sides: 5.723543e-05 | Free_top: 7.050093e-03 | Free_bot: 1.093357e-02 | Load: 2.211396e-02 | Energy: -4.174450e-03 | ImpactC: 0.000000e+00 | FricC: 0.000000e+00 | FricS: 0.000000e+00 | Interface: 4.749160e-04 | ImpactInv: 0.000000e+00 | FEM MAE: 1.544164e-01 | Time: 0.4674s
L-BFGS Step 195: Total Loss: 1.445724e+00 | PDE: 5.181124e-03 | BC_sides: 5.723543e-05 | Free_top: 7.050093e-03 | Free_bot: 1.093357e-02 | Load: 2.211396e-02 | Energy: -4.174450e-03 | ImpactC: 0.000000e+00 | FricC: 0.000000e+00 | FricS: 0.000000e+00 | Interface: 4.749160e-04 | ImpactInv: 0.000000e+00 | FEM MAE: 1.544164e-01 | Time: 0.4798s
L-BFGS Step 196: Total Loss: 1.445724e+00 | PDE: 5.181124e-03 | BC_sides: 5.723543e-05 | Free_top: 7.050093e-03 | Free_bot: 1.093357e-02 | Load: 2.211396e-02 | Energy: -4.174450e-03 | ImpactC: 0.000000e+00 | FricC: 0.000000e+00 | FricS: 0.000000e+00 | Interface: 4.749160e-04 | ImpactInv: 0.000000e+00 | FEM MAE: 1.544164e-01 | Time: 0.4694s
L-BFGS Step 197: Total Loss: 1.445724e+00 | PDE: 5.181124e-03 | BC_sides: 5.723543e-05 | Free_top: 7.050093e-03 | Free_bot: 1.093357e-02 | Load: 2.211396e-02 | Energy: -4.174450e-03 | ImpactC: 0.000000e+00 | FricC: 0.000000e+00 | FricS: 0.000000e+00 | Interface: 4.749160e-04 | ImpactInv: 0.000000e+00 | FEM MAE: 1.544164e-01 | Time: 0.4699s
L-BFGS Step 198: Total Loss: 1.445724e+00 | PDE: 5.181124e-03 | BC_sides: 5.723543e-05 | Free_top: 7.050093e-03 | Free_bot: 1.093357e-02 | Load: 2.211396e-02 | Energy: -4.174450e-03 | ImpactC: 0.000000e+00 | FricC: 0.000000e+00 | FricS: 0.000000e+00 | Interface: 4.749160e-04 | ImpactInv: 0.000000e+00 | FEM MAE: 1.544164e-01 | Time: 0.4682s
L-BFGS Step 199: Total Loss: 1.445724e+00 | PDE: 5.181124e-03 | BC_sides: 5.723543e-05 | Free_top: 7.050093e-03 | Free_bot: 1.093357e-02 | Load: 2.211396e-02 | Energy: -4.174450e-03 | ImpactC: 0.000000e+00 | FricC: 0.000000e+00 | FricS: 0.000000e+00 | Interface: 4.749160e-04 | ImpactInv: 0.000000e+00 | FEM MAE: 1.544164e-01 | Time: 0.4660s
Model saved to /Users/hanbosong/GitHub/Basic-PiNN-Model-For-Three-Layered-Collision/three-layer-workflow/pinn_model.pth
