Using device: mps
Using p0 = 1.0
MultiLayerPINN(
  (layer): LayerNet(
    (net): Sequential(
      (0): Linear(in_features=21, out_features=64, bias=True)
      (1): Tanh()
      (2): Linear(in_features=64, out_features=64, bias=True)
      (3): Tanh()
      (4): Linear(in_features=64, out_features=64, bias=True)
      (5): Tanh()
      (6): Linear(in_features=64, out_features=64, bias=True)
      (7): Tanh()
      (8): Linear(in_features=64, out_features=3, bias=True)
    )
  )
)
Loading FEM solution for comparison...
FEM data loaded: (31, 31, 11)
Loading hybrid supervision data (N=36000, E=[1.0, 10.0])...
  FEM supervision uses three-layer solver across E1/E2/E3 and t1/t2/t3 grids.
  Generating FEM supervision for E1=1.0, E2=1.0, E3=1.0, t1=0.02, t2=0.02, t3=0.02...
Initializing Three-Layer FEA Solver...
Assembling...
Solving...
  Generating FEM supervision for E1=1.0, E2=1.0, E3=10.0, t1=0.02, t2=0.02, t3=0.02...
Initializing Three-Layer FEA Solver...
Assembling...
Solving...
  Generating FEM supervision for E1=1.0, E2=10.0, E3=1.0, t1=0.02, t2=0.02, t3=0.02...
Initializing Three-Layer FEA Solver...
Assembling...
Solving...
  Generating FEM supervision for E1=1.0, E2=10.0, E3=10.0, t1=0.02, t2=0.02, t3=0.02...
Initializing Three-Layer FEA Solver...
Assembling...
Solving...
  Generating FEM supervision for E1=10.0, E2=1.0, E3=1.0, t1=0.02, t2=0.02, t3=0.02...
Initializing Three-Layer FEA Solver...
Assembling...
Solving...
  Generating FEM supervision for E1=10.0, E2=1.0, E3=10.0, t1=0.02, t2=0.02, t3=0.02...
Initializing Three-Layer FEA Solver...
Assembling...
Solving...
  Generating FEM supervision for E1=10.0, E2=10.0, E3=1.0, t1=0.02, t2=0.02, t3=0.02...
Initializing Three-Layer FEA Solver...
Assembling...
Solving...
  Generating FEM supervision for E1=10.0, E2=10.0, E3=10.0, t1=0.02, t2=0.02, t3=0.02...
Initializing Three-Layer FEA Solver...
Assembling...
Solving...
  Generating FEM supervision for E1=1.0, E2=1.0, E3=1.0, t1=0.02, t2=0.02, t3=0.1...
Initializing Three-Layer FEA Solver...
Assembling...
Solving...
  Generating FEM supervision for E1=1.0, E2=1.0, E3=10.0, t1=0.02, t2=0.02, t3=0.1...
Initializing Three-Layer FEA Solver...
Assembling...
Solving...
  Generating FEM supervision for E1=1.0, E2=10.0, E3=1.0, t1=0.02, t2=0.02, t3=0.1...
Initializing Three-Layer FEA Solver...
Assembling...
Solving...
  Generating FEM supervision for E1=1.0, E2=10.0, E3=10.0, t1=0.02, t2=0.02, t3=0.1...
Initializing Three-Layer FEA Solver...
Assembling...
Solving...
  Generating FEM supervision for E1=10.0, E2=1.0, E3=1.0, t1=0.02, t2=0.02, t3=0.1...
Initializing Three-Layer FEA Solver...
Assembling...
Solving...
  Generating FEM supervision for E1=10.0, E2=1.0, E3=10.0, t1=0.02, t2=0.02, t3=0.1...
Initializing Three-Layer FEA Solver...
Assembling...
Solving...
  Generating FEM supervision for E1=10.0, E2=10.0, E3=1.0, t1=0.02, t2=0.02, t3=0.1...
Initializing Three-Layer FEA Solver...
Assembling...
Solving...
  Generating FEM supervision for E1=10.0, E2=10.0, E3=10.0, t1=0.02, t2=0.02, t3=0.1...
Initializing Three-Layer FEA Solver...
Assembling...
Solving...
  Generating FEM supervision for E1=1.0, E2=1.0, E3=1.0, t1=0.02, t2=0.1, t3=0.02...
Initializing Three-Layer FEA Solver...
Assembling...
Solving...
  Generating FEM supervision for E1=1.0, E2=1.0, E3=10.0, t1=0.02, t2=0.1, t3=0.02...
Initializing Three-Layer FEA Solver...
Assembling...
Solving...
  Generating FEM supervision for E1=1.0, E2=10.0, E3=1.0, t1=0.02, t2=0.1, t3=0.02...
Initializing Three-Layer FEA Solver...
Assembling...
Solving...
  Generating FEM supervision for E1=1.0, E2=10.0, E3=10.0, t1=0.02, t2=0.1, t3=0.02...
Initializing Three-Layer FEA Solver...
Assembling...
Solving...
  Generating FEM supervision for E1=10.0, E2=1.0, E3=1.0, t1=0.02, t2=0.1, t3=0.02...
Initializing Three-Layer FEA Solver...
Assembling...
Solving...
  Generating FEM supervision for E1=10.0, E2=1.0, E3=10.0, t1=0.02, t2=0.1, t3=0.02...
Initializing Three-Layer FEA Solver...
Assembling...
Solving...
  Generating FEM supervision for E1=10.0, E2=10.0, E3=1.0, t1=0.02, t2=0.1, t3=0.02...
Initializing Three-Layer FEA Solver...
Assembling...
Solving...
  Generating FEM supervision for E1=10.0, E2=10.0, E3=10.0, t1=0.02, t2=0.1, t3=0.02...
Initializing Three-Layer FEA Solver...
Assembling...
Solving...
  Generating FEM supervision for E1=1.0, E2=1.0, E3=1.0, t1=0.02, t2=0.1, t3=0.1...
Initializing Three-Layer FEA Solver...
Assembling...
Solving...
  Generating FEM supervision for E1=1.0, E2=1.0, E3=10.0, t1=0.02, t2=0.1, t3=0.1...
Initializing Three-Layer FEA Solver...
Assembling...
Solving...
  Generating FEM supervision for E1=1.0, E2=10.0, E3=1.0, t1=0.02, t2=0.1, t3=0.1...
Initializing Three-Layer FEA Solver...
Assembling...
Solving...
  Generating FEM supervision for E1=1.0, E2=10.0, E3=10.0, t1=0.02, t2=0.1, t3=0.1...
Initializing Three-Layer FEA Solver...
Assembling...
Solving...
  Generating FEM supervision for E1=10.0, E2=1.0, E3=1.0, t1=0.02, t2=0.1, t3=0.1...
Initializing Three-Layer FEA Solver...
Assembling...
Solving...
  Generating FEM supervision for E1=10.0, E2=1.0, E3=10.0, t1=0.02, t2=0.1, t3=0.1...
Initializing Three-Layer FEA Solver...
Assembling...
Solving...
  Generating FEM supervision for E1=10.0, E2=10.0, E3=1.0, t1=0.02, t2=0.1, t3=0.1...
Initializing Three-Layer FEA Solver...
Assembling...
Solving...
  Generating FEM supervision for E1=10.0, E2=10.0, E3=10.0, t1=0.02, t2=0.1, t3=0.1...
Initializing Three-Layer FEA Solver...
Assembling...
Solving...
  Generating FEM supervision for E1=1.0, E2=1.0, E3=1.0, t1=0.1, t2=0.02, t3=0.02...
Initializing Three-Layer FEA Solver...
Assembling...
Solving...
  Generating FEM supervision for E1=1.0, E2=1.0, E3=10.0, t1=0.1, t2=0.02, t3=0.02...
Initializing Three-Layer FEA Solver...
Assembling...
Solving...
  Generating FEM supervision for E1=1.0, E2=10.0, E3=1.0, t1=0.1, t2=0.02, t3=0.02...
Initializing Three-Layer FEA Solver...
Assembling...
Solving...
  Generating FEM supervision for E1=1.0, E2=10.0, E3=10.0, t1=0.1, t2=0.02, t3=0.02...
Initializing Three-Layer FEA Solver...
Assembling...
Solving...
  Generating FEM supervision for E1=10.0, E2=1.0, E3=1.0, t1=0.1, t2=0.02, t3=0.02...
Initializing Three-Layer FEA Solver...
Assembling...
Solving...
  Generating FEM supervision for E1=10.0, E2=1.0, E3=10.0, t1=0.1, t2=0.02, t3=0.02...
Initializing Three-Layer FEA Solver...
Assembling...
Solving...
  Generating FEM supervision for E1=10.0, E2=10.0, E3=1.0, t1=0.1, t2=0.02, t3=0.02...
Initializing Three-Layer FEA Solver...
Assembling...
Solving...
  Generating FEM supervision for E1=10.0, E2=10.0, E3=10.0, t1=0.1, t2=0.02, t3=0.02...
Initializing Three-Layer FEA Solver...
Assembling...
Solving...
  Generating FEM supervision for E1=1.0, E2=1.0, E3=1.0, t1=0.1, t2=0.02, t3=0.1...
Initializing Three-Layer FEA Solver...
Assembling...
Solving...
  Generating FEM supervision for E1=1.0, E2=1.0, E3=10.0, t1=0.1, t2=0.02, t3=0.1...
Initializing Three-Layer FEA Solver...
Assembling...
Solving...
  Generating FEM supervision for E1=1.0, E2=10.0, E3=1.0, t1=0.1, t2=0.02, t3=0.1...
Initializing Three-Layer FEA Solver...
Assembling...
Solving...
  Generating FEM supervision for E1=1.0, E2=10.0, E3=10.0, t1=0.1, t2=0.02, t3=0.1...
Initializing Three-Layer FEA Solver...
Assembling...
Solving...
  Generating FEM supervision for E1=10.0, E2=1.0, E3=1.0, t1=0.1, t2=0.02, t3=0.1...
Initializing Three-Layer FEA Solver...
Assembling...
Solving...
  Generating FEM supervision for E1=10.0, E2=1.0, E3=10.0, t1=0.1, t2=0.02, t3=0.1...
Initializing Three-Layer FEA Solver...
Assembling...
Solving...
  Generating FEM supervision for E1=10.0, E2=10.0, E3=1.0, t1=0.1, t2=0.02, t3=0.1...
Initializing Three-Layer FEA Solver...
Assembling...
Solving...
  Generating FEM supervision for E1=10.0, E2=10.0, E3=10.0, t1=0.1, t2=0.02, t3=0.1...
Initializing Three-Layer FEA Solver...
Assembling...
Solving...
  Generating FEM supervision for E1=1.0, E2=1.0, E3=1.0, t1=0.1, t2=0.1, t3=0.02...
Initializing Three-Layer FEA Solver...
Assembling...
Solving...
  Generating FEM supervision for E1=1.0, E2=1.0, E3=10.0, t1=0.1, t2=0.1, t3=0.02...
Initializing Three-Layer FEA Solver...
Assembling...
Solving...
  Generating FEM supervision for E1=1.0, E2=10.0, E3=1.0, t1=0.1, t2=0.1, t3=0.02...
Initializing Three-Layer FEA Solver...
Assembling...
Solving...
  Generating FEM supervision for E1=1.0, E2=10.0, E3=10.0, t1=0.1, t2=0.1, t3=0.02...
Initializing Three-Layer FEA Solver...
Assembling...
Solving...
  Generating FEM supervision for E1=10.0, E2=1.0, E3=1.0, t1=0.1, t2=0.1, t3=0.02...
Initializing Three-Layer FEA Solver...
Assembling...
Solving...
  Generating FEM supervision for E1=10.0, E2=1.0, E3=10.0, t1=0.1, t2=0.1, t3=0.02...
Initializing Three-Layer FEA Solver...
Assembling...
Solving...
  Generating FEM supervision for E1=10.0, E2=10.0, E3=1.0, t1=0.1, t2=0.1, t3=0.02...
Initializing Three-Layer FEA Solver...
Assembling...
Solving...
  Generating FEM supervision for E1=10.0, E2=10.0, E3=10.0, t1=0.1, t2=0.1, t3=0.02...
Initializing Three-Layer FEA Solver...
Assembling...
Solving...
  Generating FEM supervision for E1=1.0, E2=1.0, E3=1.0, t1=0.1, t2=0.1, t3=0.1...
Initializing Three-Layer FEA Solver...
Assembling...
Solving...
  Generating FEM supervision for E1=1.0, E2=1.0, E3=10.0, t1=0.1, t2=0.1, t3=0.1...
Initializing Three-Layer FEA Solver...
Assembling...
Solving...
  Generating FEM supervision for E1=1.0, E2=10.0, E3=1.0, t1=0.1, t2=0.1, t3=0.1...
Initializing Three-Layer FEA Solver...
Assembling...
Solving...
  Generating FEM supervision for E1=1.0, E2=10.0, E3=10.0, t1=0.1, t2=0.1, t3=0.1...
Initializing Three-Layer FEA Solver...
Assembling...
Solving...
  Generating FEM supervision for E1=10.0, E2=1.0, E3=1.0, t1=0.1, t2=0.1, t3=0.1...
Initializing Three-Layer FEA Solver...
Assembling...
Solving...
  Generating FEM supervision for E1=10.0, E2=1.0, E3=10.0, t1=0.1, t2=0.1, t3=0.1...
Initializing Three-Layer FEA Solver...
Assembling...
Solving...
  Generating FEM supervision for E1=10.0, E2=10.0, E3=1.0, t1=0.1, t2=0.1, t3=0.1...
Initializing Three-Layer FEA Solver...
Assembling...
Solving...
  Generating FEM supervision for E1=10.0, E2=10.0, E3=10.0, t1=0.1, t2=0.1, t3=0.1...
Initializing Three-Layer FEA Solver...
Assembling...
Solving...
  Saved FEM supervision cache: /Users/hanbosong/GitHub/Basic-PiNN-Model-For-Three-Layered-Collision/three-layer-workflow/supervision_cache/fem_supervision_22af0bf40948d64d.pt
  Loaded 36000 sparse FEM supervision points
Attached 36000 supervision points to training data.
Starting SOAP Pretraining...
Epoch 0: Total Loss: 29649.775391 | PDE: 903.110901 | BC_sides: 0.000397 | Free_top: 1.243183 | Free_bot: 1.014406 | Load: 2.241521 | Energy: 0.290886 | ImpactC: 0.000000 | FricC: 0.000000 | FricS: 0.000000 | Interface: 6.455609 | ImpactInv: 0.000000 | LR: 1.00e-03 | FEM MAE: 0.416772 | Time: 0.9301s
Epoch 100: Total Loss: 483.694977 | PDE: 0.822821 | BC_sides: 0.000558 | Free_top: 0.039074 | Free_bot: 0.071999 | Load: 0.419508 | Energy: -0.001269 | ImpactC: 0.000000 | FricC: 0.000000 | FricS: 0.000000 | Interface: 0.006767 | ImpactInv: 0.000000 | LR: 3.00e-04 | FEM MAE: 0.269472 | Time: 26.0860s
Epoch 200: Total Loss: 428.604095 | PDE: 0.234075 | BC_sides: 0.001544 | Free_top: 0.019244 | Free_bot: 0.050217 | Load: 0.313070 | Energy: -0.004308 | ImpactC: 0.000000 | FricC: 0.000000 | FricS: 0.000000 | Interface: 0.003570 | ImpactInv: 0.000000 | LR: 9.00e-05 | FEM MAE: 0.282384 | Time: 26.2857s
Epoch 300: Total Loss: 422.522919 | PDE: 0.146569 | BC_sides: 0.001755 | Free_top: 0.014797 | Free_bot: 0.036435 | Load: 0.314205 | Energy: -0.005018 | ImpactC: 0.000000 | FricC: 0.000000 | FricS: 0.000000 | Interface: 0.002339 | ImpactInv: 0.000000 | LR: 2.70e-05 | FEM MAE: 0.281688 | Time: 26.3564s
SOAP Pretraining Complete. Total Time: 106.21s
Starting L-BFGS Fine-Tuning...
Running 0 L-BFGS outer steps.
Using fixed collocation set during L-BFGS for stability.
Model saved to /Users/hanbosong/GitHub/Basic-PiNN-Model-For-Three-Layered-Collision/three-layer-workflow/pinn_model.pth
